<?xml version="1.0" encoding="UTF-8"?>
<coverage generated="1438755295">
  <project timestamp="1438755295">
    <package name="Icecave\Archer\Configuration">
      <file name="/home/travis/build/IcecaveStudios/archer/src/Configuration/ComposerConfigurationReader.php">
        <class name="ComposerConfigurationReader" namespace="Icecave\Archer\Configuration">
          <metrics methods="3" coveredmethods="3" conditionals="0" coveredconditionals="0" statements="12" coveredstatements="12" elements="15" coveredelements="15"/>
        </class>
        <line num="14" type="method" name="__construct" crap="2" count="42"/>
        <line num="15" type="stmt" count="1"/>
        <line num="16" type="stmt" count="42"/>
        <line num="17" type="stmt" count="37"/>
        <line num="20" type="stmt" count="42"/>
        <line num="21" type="stmt" count="42"/>
        <line num="26" type="method" name="fileSystem" crap="1" count="4"/>
        <line num="28" type="stmt" count="4"/>
        <line num="36" type="method" name="read" crap="2" count="2"/>
        <line num="38" type="stmt" count="2"/>
        <line num="39" type="stmt" count="2"/>
        <line num="41" type="stmt" count="2"/>
        <line num="42" type="stmt" count="2"/>
        <line num="43" type="stmt" count="1"/>
        <line num="46" type="stmt" count="1"/>
        <metrics loc="50" ncloc="39" classes="1" methods="3" coveredmethods="3" conditionals="0" coveredconditionals="0" statements="12" coveredstatements="12" elements="15" coveredelements="15"/>
      </file>
      <file name="/home/travis/build/IcecaveStudios/archer/src/Configuration/ConfigurationFileFinder.php">
        <class name="ConfigurationFileFinder" namespace="Icecave\Archer\Configuration">
          <metrics methods="3" coveredmethods="3" conditionals="0" coveredconditionals="0" statements="10" coveredstatements="10" elements="13" coveredelements="13"/>
        </class>
        <line num="12" type="method" name="__construct" crap="2" count="42"/>
        <line num="14" type="stmt" count="42"/>
        <line num="15" type="stmt" count="38"/>
        <line num="18" type="stmt" count="42"/>
        <line num="19" type="stmt" count="42"/>
        <line num="24" type="method" name="fileSystem" crap="1" count="5"/>
        <line num="26" type="stmt" count="5"/>
        <line num="35" type="method" name="find" crap="3" count="3"/>
        <line num="37" type="stmt" count="3"/>
        <line num="38" type="stmt" count="3"/>
        <line num="39" type="stmt" count="2"/>
        <line num="41" type="stmt" count="1"/>
        <line num="43" type="stmt" count="1"/>
        <metrics loc="47" ncloc="35" classes="1" methods="3" coveredmethods="3" conditionals="0" coveredconditionals="0" statements="10" coveredstatements="10" elements="13" coveredelements="13"/>
      </file>
      <file name="/home/travis/build/IcecaveStudios/archer/src/Configuration/PHPConfigurationReader.php">
        <class name="PHPConfigurationReader" namespace="Icecave\Archer\Configuration">
          <metrics methods="3" coveredmethods="3" conditionals="0" coveredconditionals="0" statements="15" coveredstatements="15" elements="18" coveredelements="18"/>
        </class>
        <line num="13" type="method" name="__construct" crap="2" count="41"/>
        <line num="15" type="stmt" count="41"/>
        <line num="16" type="stmt" count="37"/>
        <line num="19" type="stmt" count="41"/>
        <line num="20" type="stmt" count="41"/>
        <line num="21" type="stmt" count="41"/>
        <line num="26" type="method" name="fileSystem" crap="1" count="5"/>
        <line num="28" type="stmt" count="5"/>
        <line num="36" type="method" name="read" crap="3" count="3"/>
        <line num="38" type="stmt" count="3"/>
        <line num="39" type="stmt" count="3"/>
        <line num="40" type="stmt" count="3"/>
        <line num="41" type="stmt" count="2"/>
        <line num="42" type="stmt" count="2"/>
        <line num="43" type="stmt" count="2"/>
        <line num="44" type="stmt" count="2"/>
        <line num="46" type="stmt" count="3"/>
        <line num="48" type="stmt" count="3"/>
        <metrics loc="53" ncloc="42" classes="1" methods="3" coveredmethods="3" conditionals="0" coveredconditionals="0" statements="15" coveredstatements="15" elements="18" coveredelements="18"/>
      </file>
    </package>
    <package name="Icecave\Archer\Console">
      <file name="/home/travis/build/IcecaveStudios/archer/src/Console/Application.php">
        <class name="Application" namespace="Icecave\Archer\Console">
          <metrics methods="6" coveredmethods="6" conditionals="0" coveredconditionals="0" statements="27" coveredstatements="27" elements="33" coveredelements="33"/>
        </class>
        <line num="20" type="method" name="__construct" crap="2" count="35"/>
        <line num="21" type="stmt" count="1"/>
        <line num="25" type="stmt" count="35"/>
        <line num="27" type="stmt" count="35"/>
        <line num="28" type="stmt" count="28"/>
        <line num="31" type="stmt" count="35"/>
        <line num="32" type="stmt" count="35"/>
        <line num="33" type="stmt" count="35"/>
        <line num="35" type="stmt" count="35"/>
        <line num="37" type="stmt" count="35"/>
        <line num="38" type="stmt" count="35"/>
        <line num="39" type="stmt" count="35"/>
        <line num="40" type="stmt" count="35"/>
        <line num="42" type="stmt" count="35"/>
        <line num="44" type="stmt" count="35"/>
        <line num="45" type="stmt" count="35"/>
        <line num="50" type="method" name="packageRoot" crap="1" count="31"/>
        <line num="52" type="stmt" count="31"/>
        <line num="58" type="method" name="fileSystem" crap="1" count="2"/>
        <line num="60" type="stmt" count="2"/>
        <line num="69" type="method" name="doRun" crap="2" count="1"/>
        <line num="71" type="stmt" count="1"/>
        <line num="72" type="stmt" count="1"/>
        <line num="73" type="stmt" count="1"/>
        <line num="75" type="stmt" count="1"/>
        <line num="77" type="stmt" count="1"/>
        <line num="80" type="stmt" count="1"/>
        <line num="86" type="method" name="rawArguments" crap="1" count="1"/>
        <line num="88" type="stmt" count="1"/>
        <line num="89" type="stmt" count="1"/>
        <line num="91" type="stmt" count="1"/>
        <line num="97" type="method" name="defaultCommandName" crap="1" count="1"/>
        <line num="99" type="stmt" count="1"/>
        <metrics loc="105" ncloc="82" classes="1" methods="6" coveredmethods="6" conditionals="0" coveredconditionals="0" statements="27" coveredstatements="27" elements="33" coveredelements="33"/>
      </file>
    </package>
    <package name="Icecave\Archer\Console\Command">
      <file name="/home/travis/build/IcecaveStudios/archer/src/Console/Command/AbstractPHPUnitCommand.php">
        <class name="AbstractPHPUnitCommand" namespace="Icecave\Archer\Console\Command">
          <metrics methods="14" coveredmethods="14" conditionals="0" coveredconditionals="0" statements="88" coveredstatements="88" elements="102" coveredelements="102"/>
        </class>
        <line num="28" type="method" name="__construct" crap="7" count="47"/>
        <line num="37" type="stmt" count="47"/>
        <line num="38" type="stmt" count="37"/>
        <line num="40" type="stmt" count="47"/>
        <line num="41" type="stmt" count="37"/>
        <line num="43" type="stmt" count="47"/>
        <line num="44" type="stmt" count="37"/>
        <line num="46" type="stmt" count="47"/>
        <line num="47" type="stmt" count="37"/>
        <line num="49" type="stmt" count="47"/>
        <line num="50" type="stmt" count="37"/>
        <line num="52" type="stmt" count="47"/>
        <line num="53" type="stmt" count="37"/>
        <line num="56" type="stmt" count="47"/>
        <line num="57" type="stmt" count="47"/>
        <line num="58" type="stmt" count="47"/>
        <line num="59" type="stmt" count="47"/>
        <line num="60" type="stmt" count="47"/>
        <line num="61" type="stmt" count="47"/>
        <line num="63" type="stmt" count="47"/>
        <line num="65" type="stmt" count="47"/>
        <line num="66" type="stmt" count="47"/>
        <line num="71" type="method" name="fileSystem" crap="1" count="4"/>
        <line num="73" type="stmt" count="4"/>
        <line num="79" type="method" name="phpFinder" crap="1" count="8"/>
        <line num="81" type="stmt" count="8"/>
        <line num="87" type="method" name="phpunitFinder" crap="1" count="8"/>
        <line num="89" type="stmt" count="8"/>
        <line num="95" type="method" name="phpConfigurationReader" crap="1" count="7"/>
        <line num="97" type="stmt" count="7"/>
        <line num="103" type="method" name="configurationFileFinder" crap="1" count="7"/>
        <line num="105" type="stmt" count="7"/>
        <line num="111" type="method" name="processFactory" crap="1" count="8"/>
        <line num="113" type="stmt" count="8"/>
        <line num="122" type="method" name="execute" crap="1" count="3"/>
        <line num="124" type="stmt" count="3"/>
        <line num="125" type="stmt" count="3"/>
        <line num="126" type="stmt" count="3"/>
        <line num="127" type="stmt" count="3"/>
        <line num="129" type="stmt" count="3"/>
        <line num="130" type="stmt" count="3"/>
        <line num="131" type="stmt" count="3"/>
        <line num="132" type="stmt" count="3"/>
        <line num="133" type="stmt" count="3"/>
        <line num="134" type="stmt" count="3"/>
        <line num="135" type="stmt" count="3"/>
        <line num="136" type="stmt" count="3"/>
        <line num="138" type="stmt" count="3"/>
        <line num="141" type="method" name="getHelp" crap="2" count="1"/>
        <line num="143" type="stmt" count="1"/>
        <line num="144" type="stmt" count="1"/>
        <line num="145" type="stmt" count="1"/>
        <line num="147" type="stmt" count="1"/>
        <line num="148" type="stmt" count="1"/>
        <line num="149" type="stmt" count="1"/>
        <line num="151" type="stmt" count="1"/>
        <line num="153" type="stmt" count="1"/>
        <line num="154" type="stmt" count="1"/>
        <line num="156" type="stmt" count="1"/>
        <line num="157" type="stmt" count="1"/>
        <line num="159" type="stmt" count="1"/>
        <line num="168" type="method" name="passthru" crap="2" count="3"/>
        <line num="170" type="stmt" count="3"/>
        <line num="172" type="stmt" count="3"/>
        <line num="173" type="stmt" count="3"/>
        <line num="174" type="stmt" count="3"/>
        <line num="175" type="stmt" count="3"/>
        <line num="177" type="stmt" count="3"/>
        <line num="178" type="stmt" count="3"/>
        <line num="179" type="stmt" count="3"/>
        <line num="180" type="stmt" count="3"/>
        <line num="181" type="stmt" count="3"/>
        <line num="183" type="stmt" count="3"/>
        <line num="185" type="stmt" count="3"/>
        <line num="186" type="stmt" count="3"/>
        <line num="196" type="method" name="generateArguments" crap="9" count="5"/>
        <line num="201" type="stmt" count="5"/>
        <line num="202" type="stmt" count="5"/>
        <line num="203" type="method" name="anonymous function" crap="9" count="5"/>
        <line num="205" type="stmt" count="5"/>
        <line num="206" type="stmt" count="5"/>
        <line num="207" type="stmt" count="5"/>
        <line num="208" type="stmt" count="5"/>
        <line num="209" type="stmt" count="5"/>
        <line num="210" type="stmt" count="5"/>
        <line num="211" type="stmt" count="5"/>
        <line num="212" type="stmt" count="2"/>
        <line num="213" type="stmt" count="5"/>
        <line num="214" type="stmt" count="2"/>
        <line num="217" type="stmt" count="3"/>
        <line num="218" type="stmt" count="5"/>
        <line num="220" type="stmt" count="5"/>
        <line num="221" type="stmt" count="5"/>
        <line num="223" type="stmt" count="5"/>
        <line num="224" type="stmt" count="5"/>
        <line num="225" type="stmt" count="5"/>
        <line num="227" type="stmt" count="5"/>
        <line num="228" type="stmt" count="5"/>
        <line num="229" type="stmt" count="5"/>
        <line num="230" type="stmt" count="5"/>
        <line num="232" type="stmt" count="5"/>
        <line num="240" type="method" name="phpConfigurationArguments" crap="2" count="5"/>
        <line num="242" type="stmt" count="5"/>
        <line num="243" type="stmt" count="5"/>
        <line num="244" type="stmt" count="3"/>
        <line num="245" type="stmt" count="3"/>
        <line num="246" type="stmt" count="5"/>
        <line num="248" type="stmt" count="5"/>
        <line num="254" type="method" name="rawArguments" crap="1" count="3"/>
        <line num="256" type="stmt" count="3"/>
        <line num="257" type="stmt" count="3"/>
        <line num="259" type="stmt" count="3"/>
        <metrics loc="278" ncloc="218" classes="1" methods="14" coveredmethods="14" conditionals="0" coveredconditionals="0" statements="98" coveredstatements="98" elements="112" coveredelements="112"/>
      </file>
      <file name="/home/travis/build/IcecaveStudios/archer/src/Console/Command/CoverageCommand.php">
        <class name="CoverageCommand" namespace="Icecave\Archer\Console\Command">
          <metrics methods="8" coveredmethods="8" conditionals="0" coveredconditionals="0" statements="54" coveredstatements="54" elements="62" coveredelements="62"/>
        </class>
        <line num="28" type="method" name="__construct" crap="2" count="41"/>
        <line num="38" type="stmt" count="41"/>
        <line num="39" type="stmt" count="36"/>
        <line num="42" type="stmt" count="41"/>
        <line num="44" type="stmt" count="41"/>
        <line num="45" type="stmt" count="41"/>
        <line num="46" type="stmt" count="41"/>
        <line num="47" type="stmt" count="41"/>
        <line num="48" type="stmt" count="41"/>
        <line num="49" type="stmt" count="41"/>
        <line num="50" type="stmt" count="41"/>
        <line num="52" type="stmt" count="41"/>
        <line num="53" type="stmt" count="41"/>
        <line num="58" type="method" name="launcher" crap="1" count="3"/>
        <line num="60" type="stmt" count="3"/>
        <line num="63" type="method" name="configure" crap="1" count="41"/>
        <line num="65" type="stmt" count="41"/>
        <line num="66" type="stmt" count="41"/>
        <line num="68" type="stmt" count="41"/>
        <line num="70" type="stmt" count="41"/>
        <line num="71" type="stmt" count="41"/>
        <line num="72" type="stmt" count="41"/>
        <line num="74" type="stmt" count="41"/>
        <line num="76" type="stmt" count="41"/>
        <line num="77" type="stmt" count="41"/>
        <line num="78" type="stmt" count="41"/>
        <line num="79" type="stmt" count="41"/>
        <line num="81" type="stmt" count="41"/>
        <line num="82" type="stmt" count="41"/>
        <line num="90" type="method" name="execute" crap="3" count="2"/>
        <line num="92" type="stmt" count="2"/>
        <line num="93" type="stmt" count="2"/>
        <line num="94" type="stmt" count="1"/>
        <line num="97" type="stmt" count="1"/>
        <line num="98" type="stmt" count="1"/>
        <line num="99" type="stmt" count="1"/>
        <line num="100" type="stmt" count="1"/>
        <line num="101" type="stmt" count="1"/>
        <line num="104" type="stmt" count="1"/>
        <line num="110" type="method" name="readPHPConfiguration" crap="1" count="2"/>
        <line num="112" type="stmt" count="2"/>
        <line num="114" type="stmt" count="2"/>
        <line num="115" type="stmt" count="2"/>
        <line num="116" type="stmt" count="2"/>
        <line num="117" type="stmt" count="2"/>
        <line num="118" type="stmt" count="2"/>
        <line num="119" type="stmt" count="2"/>
        <line num="121" type="stmt" count="2"/>
        <line num="127" type="method" name="findPHPUnitConfiguration" crap="1" count="2"/>
        <line num="129" type="stmt" count="2"/>
        <line num="131" type="stmt" count="2"/>
        <line num="132" type="stmt" count="2"/>
        <line num="133" type="stmt" count="2"/>
        <line num="135" type="stmt" count="2"/>
        <line num="145" type="method" name="generateArguments" crap="3" count="3"/>
        <line num="150" type="stmt" count="3"/>
        <line num="151" type="stmt" count="3"/>
        <line num="152" type="method" name="anonymous function" crap="3" count="3"/>
        <line num="154" type="stmt" count="3"/>
        <line num="155" type="stmt" count="3"/>
        <line num="156" type="stmt" count="1"/>
        <line num="159" type="stmt" count="3"/>
        <line num="161" type="stmt" count="3"/>
        <line num="163" type="stmt" count="3"/>
        <line num="164" type="stmt" count="3"/>
        <line num="165" type="stmt" count="3"/>
        <line num="167" type="stmt" count="3"/>
        <metrics loc="171" ncloc="140" classes="1" methods="8" coveredmethods="8" conditionals="0" coveredconditionals="0" statements="59" coveredstatements="59" elements="67" coveredelements="67"/>
      </file>
      <file name="/home/travis/build/IcecaveStudios/archer/src/Console/Command/DocumentationCommand.php">
        <class name="DocumentationCommand" namespace="Icecave\Archer\Console\Command">
          <metrics methods="5" coveredmethods="5" conditionals="0" coveredconditionals="0" statements="26" coveredstatements="26" elements="31" coveredelements="31"/>
        </class>
        <line num="14" type="method" name="__construct" crap="3" count="40"/>
        <line num="18" type="stmt" count="40"/>
        <line num="19" type="stmt" count="36"/>
        <line num="21" type="stmt" count="40"/>
        <line num="22" type="stmt" count="36"/>
        <line num="25" type="stmt" count="40"/>
        <line num="26" type="stmt" count="40"/>
        <line num="28" type="stmt" count="40"/>
        <line num="29" type="stmt" count="40"/>
        <line num="34" type="method" name="generator" crap="1" count="4"/>
        <line num="36" type="stmt" count="4"/>
        <line num="42" type="method" name="launcher" crap="1" count="3"/>
        <line num="44" type="stmt" count="3"/>
        <line num="47" type="method" name="configure" crap="1" count="40"/>
        <line num="49" type="stmt" count="40"/>
        <line num="50" type="stmt" count="40"/>
        <line num="51" type="stmt" count="40"/>
        <line num="52" type="stmt" count="40"/>
        <line num="53" type="stmt" count="40"/>
        <line num="54" type="stmt" count="40"/>
        <line num="56" type="stmt" count="40"/>
        <line num="57" type="stmt" count="40"/>
        <line num="63" type="method" name="execute" crap="2" count="2"/>
        <line num="65" type="stmt" count="2"/>
        <line num="66" type="stmt" count="2"/>
        <line num="67" type="stmt" count="2"/>
        <line num="69" type="stmt" count="2"/>
        <line num="70" type="stmt" count="1"/>
        <line num="71" type="stmt" count="1"/>
        <line num="72" type="stmt" count="1"/>
        <line num="74" type="stmt" count="2"/>
        <metrics loc="78" ncloc="68" classes="1" methods="5" coveredmethods="5" conditionals="0" coveredconditionals="0" statements="26" coveredstatements="26" elements="31" coveredelements="31"/>
      </file>
      <file name="/home/travis/build/IcecaveStudios/archer/src/Console/Command/TestCommand.php">
        <class name="TestCommand" namespace="Icecave\Archer\Console\Command">
          <metrics methods="3" coveredmethods="3" conditionals="0" coveredconditionals="0" statements="19" coveredstatements="19" elements="22" coveredelements="22"/>
        </class>
        <line num="9" type="method" name="configure" crap="1" count="37"/>
        <line num="11" type="stmt" count="37"/>
        <line num="12" type="stmt" count="37"/>
        <line num="14" type="stmt" count="37"/>
        <line num="15" type="stmt" count="37"/>
        <line num="16" type="stmt" count="37"/>
        <line num="18" type="stmt" count="37"/>
        <line num="19" type="stmt" count="37"/>
        <line num="24" type="method" name="readPHPConfiguration" crap="1" count="1"/>
        <line num="26" type="stmt" count="1"/>
        <line num="28" type="stmt" count="1"/>
        <line num="29" type="stmt" count="1"/>
        <line num="30" type="stmt" count="1"/>
        <line num="32" type="stmt" count="1"/>
        <line num="38" type="method" name="findPHPUnitConfiguration" crap="1" count="1"/>
        <line num="40" type="stmt" count="1"/>
        <line num="42" type="stmt" count="1"/>
        <line num="43" type="stmt" count="1"/>
        <line num="44" type="stmt" count="1"/>
        <line num="45" type="stmt" count="1"/>
        <line num="46" type="stmt" count="1"/>
        <line num="48" type="stmt" count="1"/>
        <metrics loc="50" ncloc="44" classes="1" methods="3" coveredmethods="3" conditionals="0" coveredconditionals="0" statements="19" coveredstatements="19" elements="22" coveredelements="22"/>
      </file>
      <file name="/home/travis/build/IcecaveStudios/archer/src/Console/Command/UpdateCommand.php">
        <class name="UpdateCommand" namespace="Icecave\Archer\Console\Command">
          <metrics methods="13" coveredmethods="13" conditionals="0" coveredconditionals="0" statements="180" coveredstatements="180" elements="193" coveredelements="193"/>
        </class>
        <line num="28" type="method" name="__construct" crap="6" count="35"/>
        <line num="35" type="stmt" count="35"/>
        <line num="36" type="stmt" count="35"/>
        <line num="38" type="stmt" count="35"/>
        <line num="39" type="stmt" count="35"/>
        <line num="41" type="stmt" count="35"/>
        <line num="42" type="stmt" count="35"/>
        <line num="44" type="stmt" count="35"/>
        <line num="45" type="stmt" count="35"/>
        <line num="47" type="stmt" count="35"/>
        <line num="48" type="stmt" count="35"/>
        <line num="51" type="stmt" count="35"/>
        <line num="52" type="stmt" count="35"/>
        <line num="53" type="stmt" count="35"/>
        <line num="54" type="stmt" count="35"/>
        <line num="55" type="stmt" count="35"/>
        <line num="57" type="stmt" count="35"/>
        <line num="58" type="stmt" count="35"/>
        <line num="63" type="method" name="dotFilesManager" crap="1" count="18"/>
        <line num="65" type="stmt" count="18"/>
        <line num="71" type="method" name="configReaderFactory" crap="1" count="18"/>
        <line num="73" type="stmt" count="18"/>
        <line num="79" type="method" name="travisClient" crap="1" count="9"/>
        <line num="81" type="stmt" count="9"/>
        <line num="87" type="method" name="travisConfigManager" crap="1" count="11"/>
        <line num="89" type="stmt" count="11"/>
        <line num="95" type="method" name="processFactory" crap="1" count="9"/>
        <line num="97" type="stmt" count="9"/>
        <line num="100" type="method" name="configure" crap="1" count="35"/>
        <line num="102" type="stmt" count="35"/>
        <line num="103" type="stmt" count="35"/>
        <line num="105" type="stmt" count="35"/>
        <line num="106" type="stmt" count="35"/>
        <line num="107" type="stmt" count="35"/>
        <line num="108" type="stmt" count="35"/>
        <line num="110" type="stmt" count="35"/>
        <line num="112" type="stmt" count="35"/>
        <line num="113" type="stmt" count="35"/>
        <line num="114" type="stmt" count="35"/>
        <line num="115" type="stmt" count="35"/>
        <line num="117" type="stmt" count="35"/>
        <line num="118" type="stmt" count="35"/>
        <line num="119" type="stmt" count="35"/>
        <line num="120" type="stmt" count="35"/>
        <line num="121" type="stmt" count="35"/>
        <line num="123" type="stmt" count="35"/>
        <line num="124" type="stmt" count="35"/>
        <line num="125" type="stmt" count="35"/>
        <line num="126" type="stmt" count="35"/>
        <line num="127" type="stmt" count="35"/>
        <line num="129" type="stmt" count="35"/>
        <line num="130" type="stmt" count="35"/>
        <line num="131" type="stmt" count="35"/>
        <line num="132" type="stmt" count="35"/>
        <line num="133" type="stmt" count="35"/>
        <line num="135" type="stmt" count="35"/>
        <line num="136" type="stmt" count="35"/>
        <line num="137" type="stmt" count="35"/>
        <line num="138" type="stmt" count="35"/>
        <line num="139" type="stmt" count="35"/>
        <line num="141" type="stmt" count="35"/>
        <line num="142" type="stmt" count="35"/>
        <line num="150" type="method" name="execute" crap="17" count="16"/>
        <line num="152" type="stmt" count="16"/>
        <line num="153" type="stmt" count="16"/>
        <line num="156" type="stmt" count="16"/>
        <line num="157" type="stmt" count="16"/>
        <line num="158" type="stmt" count="16"/>
        <line num="160" type="stmt" count="16"/>
        <line num="162" type="stmt" count="16"/>
        <line num="165" type="stmt" count="16"/>
        <line num="166" type="stmt" count="1"/>
        <line num="170" type="stmt" count="15"/>
        <line num="171" type="stmt" count="15"/>
        <line num="172" type="stmt" count="7"/>
        <line num="173" type="stmt" count="7"/>
        <line num="175" type="stmt" count="7"/>
        <line num="176" type="stmt" count="3"/>
        <line num="177" type="stmt" count="1"/>
        <line num="178" type="stmt" count="1"/>
        <line num="180" type="stmt" count="1"/>
        <line num="181" type="stmt" count="1"/>
        <line num="182" type="stmt" count="2"/>
        <line num="187" type="stmt" count="11"/>
        <line num="188" type="stmt" count="1"/>
        <line num="189" type="stmt" count="1"/>
        <line num="191" type="stmt" count="1"/>
        <line num="195" type="stmt" count="10"/>
        <line num="196" type="stmt" count="10"/>
        <line num="197" type="stmt" count="1"/>
        <line num="198" type="stmt" count="1"/>
        <line num="200" type="stmt" count="1"/>
        <line num="204" type="stmt" count="9"/>
        <line num="205" type="stmt" count="9"/>
        <line num="206" type="stmt" count="9"/>
        <line num="208" type="stmt" count="9"/>
        <line num="209" type="stmt" count="6"/>
        <line num="210" type="stmt" count="6"/>
        <line num="211" type="stmt" count="6"/>
        <line num="212" type="stmt" count="6"/>
        <line num="214" type="stmt" count="6"/>
        <line num="215" type="stmt" count="6"/>
        <line num="218" type="stmt" count="6"/>
        <line num="219" type="stmt" count="6"/>
        <line num="220" type="stmt" count="1"/>
        <line num="221" type="stmt" count="1"/>
        <line num="222" type="stmt" count="1"/>
        <line num="223" type="stmt" count="1"/>
        <line num="225" type="stmt" count="1"/>
        <line num="226" type="stmt" count="1"/>
        <line num="228" type="stmt" count="5"/>
        <line num="232" type="stmt" count="8"/>
        <line num="233" type="stmt" count="6"/>
        <line num="234" type="stmt" count="6"/>
        <line num="235" type="stmt" count="6"/>
        <line num="239" type="stmt" count="8"/>
        <line num="240" type="stmt" count="8"/>
        <line num="242" type="stmt" count="8"/>
        <line num="244" type="stmt" count="8"/>
        <line num="246" type="stmt" count="8"/>
        <line num="247" type="stmt" count="1"/>
        <line num="250" type="stmt" count="8"/>
        <line num="251" type="stmt" count="8"/>
        <line num="252" type="stmt" count="8"/>
        <line num="260" type="method" name="existingToken" crap="1" count="7"/>
        <line num="262" type="stmt" count="7"/>
        <line num="263" type="stmt" count="7"/>
        <line num="264" type="stmt" count="7"/>
        <line num="266" type="stmt" count="7"/>
        <line num="267" type="stmt" count="7"/>
        <line num="268" type="stmt" count="7"/>
        <line num="269" type="stmt" count="7"/>
        <line num="270" type="stmt" count="7"/>
        <line num="272" type="stmt" count="7"/>
        <line num="274" type="stmt" count="6"/>
        <line num="283" type="method" name="createToken" crap="1" count="1"/>
        <line num="285" type="stmt" count="1"/>
        <line num="286" type="stmt" count="1"/>
        <line num="287" type="stmt" count="1"/>
        <line num="289" type="stmt" count="1"/>
        <line num="290" type="stmt" count="1"/>
        <line num="291" type="stmt" count="1"/>
        <line num="292" type="stmt" count="1"/>
        <line num="293" type="stmt" count="1"/>
        <line num="295" type="stmt" count="1"/>
        <line num="297" type="stmt" count="1"/>
        <line num="305" type="method" name="parseAuthorization" crap="5" count="6"/>
        <line num="307" type="stmt" count="6"/>
        <line num="308" type="stmt" count="1"/>
        <line num="311" type="stmt" count="6"/>
        <line num="312" type="stmt" count="6"/>
        <line num="313" type="stmt" count="5"/>
        <line num="314" type="stmt" count="1"/>
        <line num="316" type="stmt" count="1"/>
        <line num="319" type="stmt" count="4"/>
        <line num="320" type="stmt" count="1"/>
        <line num="321" type="stmt" count="1"/>
        <line num="322" type="stmt" count="1"/>
        <line num="323" type="stmt" count="1"/>
        <line num="324" type="stmt" count="1"/>
        <line num="325" type="stmt" count="1"/>
        <line num="328" type="stmt" count="3"/>
        <line num="331" type="stmt" count="1"/>
        <line num="341" type="method" name="executeWoodhouse" crap="2" count="7"/>
        <line num="343" type="stmt" count="7"/>
        <line num="344" type="stmt" count="7"/>
        <line num="345" type="stmt" count="7"/>
        <line num="346" type="stmt" count="7"/>
        <line num="347" type="stmt" count="7"/>
        <line num="348" type="stmt" count="7"/>
        <line num="349" type="stmt" count="7"/>
        <line num="350" type="stmt" count="7"/>
        <line num="352" type="stmt" count="7"/>
        <line num="353" type="stmt" count="7"/>
        <line num="354" type="stmt" count="7"/>
        <line num="355" type="stmt" count="1"/>
        <line num="356" type="stmt" count="1"/>
        <line num="357" type="stmt" count="1"/>
        <line num="358" type="stmt" count="1"/>
        <line num="359" type="stmt" count="1"/>
        <line num="360" type="stmt" count="1"/>
        <line num="363" type="stmt" count="6"/>
        <line num="372" type="method" name="credentials" crap="5" count="7"/>
        <line num="374" type="stmt" count="7"/>
        <line num="375" type="stmt" count="7"/>
        <line num="376" type="stmt" count="7"/>
        <line num="377" type="stmt" count="7"/>
        <line num="378" type="stmt" count="7"/>
        <line num="379" type="stmt" count="1"/>
        <line num="381" type="stmt" count="7"/>
        <line num="382" type="stmt" count="1"/>
        <line num="386" type="stmt" count="7"/>
        <line num="389" type="stmt" count="7"/>
        <metrics loc="399" ncloc="325" classes="1" methods="13" coveredmethods="13" conditionals="0" coveredconditionals="0" statements="180" coveredstatements="180" elements="193" coveredelements="193"/>
      </file>
    </package>
    <package name="Icecave\Archer\Console\Command\Internal">
      <file name="/home/travis/build/IcecaveStudios/archer/src/Console/Command/Internal/AbstractInternalCommand.php">
        <class name="AbstractInternalCommand" namespace="Icecave\Archer\Console\Command\Internal">
          <metrics methods="4" coveredmethods="3" conditionals="0" coveredconditionals="0" statements="24" coveredstatements="23" elements="28" coveredelements="26"/>
        </class>
        <line num="13" type="method" name="setIsEnabled" crap="1" count="8"/>
        <line num="15" type="stmt" count="8"/>
        <line num="16" type="stmt" count="8"/>
        <line num="21" type="method" name="__construct" crap="2.03" count="35"/>
        <line num="23" type="stmt" count="35"/>
        <line num="24" type="stmt" count="0"/>
        <line num="27" type="stmt" count="35"/>
        <line num="29" type="stmt" count="35"/>
        <line num="30" type="stmt" count="35"/>
        <line num="35" type="method" name="fileSystem" crap="1" count="8"/>
        <line num="37" type="stmt" count="8"/>
        <line num="40" type="method" name="isEnabled" crap="4" count="35"/>
        <line num="42" type="stmt" count="35"/>
        <line num="43" type="stmt" count="8"/>
        <line num="44" type="stmt" count="8"/>
        <line num="45" type="stmt" count="8"/>
        <line num="46" type="stmt" count="8"/>
        <line num="48" type="stmt" count="8"/>
        <line num="49" type="stmt" count="1"/>
        <line num="50" type="stmt" count="1"/>
        <line num="51" type="stmt" count="1"/>
        <line num="53" type="stmt" count="1"/>
        <line num="54" type="stmt" count="1"/>
        <line num="55" type="stmt" count="1"/>
        <line num="56" type="stmt" count="1"/>
        <line num="57" type="stmt" count="1"/>
        <line num="58" type="stmt" count="8"/>
        <line num="62" type="stmt" count="35"/>
        <metrics loc="67" ncloc="58" classes="1" methods="4" coveredmethods="3" conditionals="0" coveredconditionals="0" statements="24" coveredstatements="23" elements="28" coveredelements="26"/>
      </file>
      <file name="/home/travis/build/IcecaveStudios/archer/src/Console/Command/Internal/UpdateBinariesCommand.php">
        <class name="UpdateBinariesCommand" namespace="Icecave\Archer\Console\Command\Internal">
          <metrics methods="3" coveredmethods="1" conditionals="0" coveredconditionals="0" statements="22" coveredstatements="3" elements="25" coveredelements="4"/>
        </class>
        <line num="10" type="method" name="configure" crap="1" count="35"/>
        <line num="12" type="stmt" count="35"/>
        <line num="13" type="stmt" count="35"/>
        <line num="14" type="stmt" count="35"/>
        <line num="16" type="method" name="execute" crap="6" count="0"/>
        <line num="18" type="stmt" count="0"/>
        <line num="19" type="stmt" count="0"/>
        <line num="20" type="stmt" count="0"/>
        <line num="21" type="stmt" count="0"/>
        <line num="22" type="stmt" count="0"/>
        <line num="24" type="method" name="updateBinary" crap="2" count="0"/>
        <line num="26" type="stmt" count="0"/>
        <line num="27" type="stmt" count="0"/>
        <line num="28" type="stmt" count="0"/>
        <line num="29" type="stmt" count="0"/>
        <line num="30" type="stmt" count="0"/>
        <line num="31" type="stmt" count="0"/>
        <line num="32" type="stmt" count="0"/>
        <line num="33" type="stmt" count="0"/>
        <line num="34" type="stmt" count="0"/>
        <line num="35" type="stmt" count="0"/>
        <line num="37" type="stmt" count="0"/>
        <line num="38" type="stmt" count="0"/>
        <line num="39" type="stmt" count="0"/>
        <line num="40" type="stmt" count="0"/>
        <metrics loc="41" ncloc="41" classes="1" methods="3" coveredmethods="1" conditionals="0" coveredconditionals="0" statements="22" coveredstatements="3" elements="25" coveredelements="4"/>
      </file>
    </package>
    <package name="Icecave\Archer\Console\Command\Travis">
      <file name="/home/travis/build/IcecaveStudios/archer/src/Console/Command/Travis/AbstractTravisCommand.php">
        <class name="AbstractTravisCommand" namespace="Icecave\Archer\Console\Command\Travis">
          <metrics methods="2" coveredmethods="2" conditionals="0" coveredconditionals="0" statements="4" coveredstatements="4" elements="6" coveredelements="6"/>
        </class>
        <line num="13" type="method" name="__construct" crap="1" count="35"/>
        <line num="15" type="stmt" count="35"/>
        <line num="17" type="stmt" count="35"/>
        <line num="18" type="stmt" count="35"/>
        <line num="20" type="method" name="isEnabled" crap="2" count="35"/>
        <line num="22" type="stmt" count="35"/>
        <metrics loc="26" ncloc="23" classes="1" methods="2" coveredmethods="2" conditionals="0" coveredconditionals="0" statements="4" coveredstatements="4" elements="6" coveredelements="6"/>
      </file>
      <file name="/home/travis/build/IcecaveStudios/archer/src/Console/Command/Travis/BuildCommand.php">
        <class name="BuildCommand" namespace="Icecave\Archer\Console\Command\Travis">
          <metrics methods="5" coveredmethods="4" conditionals="0" coveredconditionals="0" statements="89" coveredstatements="86" elements="94" coveredelements="90"/>
        </class>
        <line num="15" type="method" name="__construct" crap="3" count="35"/>
        <line num="20" type="stmt" count="35"/>
        <line num="21" type="stmt" count="35"/>
        <line num="24" type="stmt" count="35"/>
        <line num="25" type="stmt" count="1"/>
        <line num="28" type="stmt" count="35"/>
        <line num="29" type="stmt" count="35"/>
        <line num="31" type="stmt" count="35"/>
        <line num="32" type="stmt" count="35"/>
        <line num="37" type="method" name="githubClient" crap="1" count="6"/>
        <line num="39" type="stmt" count="6"/>
        <line num="45" type="method" name="setApplication" crap="2" count="35"/>
        <line num="47" type="stmt" count="35"/>
        <line num="49" type="stmt" count="35"/>
        <line num="50" type="stmt" count="35"/>
        <line num="51" type="stmt" count="35"/>
        <line num="52" type="stmt" count="35"/>
        <line num="54" type="stmt" count="35"/>
        <line num="56" type="method" name="configure" crap="1" count="35"/>
        <line num="58" type="stmt" count="35"/>
        <line num="59" type="stmt" count="35"/>
        <line num="61" type="stmt" count="35"/>
        <line num="62" type="stmt" count="35"/>
        <line num="63" type="stmt" count="35"/>
        <line num="64" type="stmt" count="35"/>
        <line num="66" type="stmt" count="35"/>
        <line num="67" type="stmt" count="35"/>
        <line num="69" type="method" name="execute" crap="12" count="7"/>
        <line num="71" type="stmt" count="7"/>
        <line num="72" type="stmt" count="7"/>
        <line num="73" type="stmt" count="7"/>
        <line num="74" type="stmt" count="7"/>
        <line num="75" type="stmt" count="7"/>
        <line num="76" type="stmt" count="7"/>
        <line num="77" type="stmt" count="7"/>
        <line num="78" type="stmt" count="7"/>
        <line num="79" type="stmt" count="7"/>
        <line num="81" type="stmt" count="7"/>
        <line num="83" type="stmt" count="7"/>
        <line num="85" type="stmt" count="7"/>
        <line num="86" type="stmt" count="4"/>
        <line num="87" type="stmt" count="4"/>
        <line num="88" type="stmt" count="4"/>
        <line num="89" type="stmt" count="3"/>
        <line num="92" type="stmt" count="7"/>
        <line num="94" type="stmt" count="3"/>
        <line num="95" type="stmt" count="3"/>
        <line num="96" type="stmt" count="3"/>
        <line num="98" type="stmt" count="4"/>
        <line num="99" type="stmt" count="4"/>
        <line num="102" type="stmt" count="7"/>
        <line num="104" type="stmt" count="7"/>
        <line num="105" type="stmt" count="3"/>
        <line num="107" type="stmt" count="3"/>
        <line num="108" type="stmt" count="3"/>
        <line num="109" type="stmt" count="3"/>
        <line num="110" type="stmt" count="3"/>
        <line num="111" type="stmt" count="3"/>
        <line num="112" type="stmt" count="3"/>
        <line num="114" type="stmt" count="3"/>
        <line num="116" type="stmt" count="3"/>
        <line num="117" type="stmt" count="3"/>
        <line num="118" type="stmt" count="3"/>
        <line num="119" type="stmt" count="0"/>
        <line num="123" type="stmt" count="7"/>
        <line num="124" type="stmt" count="7"/>
        <line num="125" type="stmt" count="7"/>
        <line num="127" type="stmt" count="3"/>
        <line num="128" type="stmt" count="2"/>
        <line num="129" type="stmt" count="2"/>
        <line num="133" type="stmt" count="3"/>
        <line num="134" type="stmt" count="3"/>
        <line num="135" type="stmt" count="3"/>
        <line num="136" type="stmt" count="3"/>
        <line num="137" type="stmt" count="3"/>
        <line num="138" type="stmt" count="3"/>
        <line num="139" type="stmt" count="3"/>
        <line num="140" type="stmt" count="3"/>
        <line num="141" type="stmt" count="3"/>
        <line num="142" type="stmt" count="3"/>
        <line num="144" type="stmt" count="3"/>
        <line num="145" type="stmt" count="3"/>
        <line num="146" type="stmt" count="3"/>
        <line num="147" type="stmt" count="3"/>
        <line num="149" type="stmt" count="3"/>
        <line num="151" type="stmt" count="3"/>
        <line num="152" type="stmt" count="3"/>
        <line num="155" type="stmt" count="7"/>
        <line num="156" type="stmt" count="4"/>
        <line num="158" type="stmt" count="3"/>
        <line num="159" type="stmt" count="0"/>
        <line num="161" type="stmt" count="3"/>
        <line num="162" type="stmt" count="0"/>
        <line num="165" type="stmt" count="3"/>
        <metrics loc="170" ncloc="156" classes="1" methods="5" coveredmethods="4" conditionals="0" coveredconditionals="0" statements="89" coveredstatements="86" elements="94" coveredelements="90"/>
      </file>
    </package>
    <package name="Icecave\Archer\Console\Helper">
      <file name="/home/travis/build/IcecaveStudios/archer/src/Console/Helper/HiddenInputHelper.php">
        <class name="HiddenInputHelper" namespace="Icecave\Archer\Console\Helper">
          <metrics methods="8" coveredmethods="8" conditionals="0" coveredconditionals="0" statements="44" coveredstatements="44" elements="52" coveredelements="52"/>
        </class>
        <line num="17" type="method" name="__construct" crap="2" count="42"/>
        <line num="19" type="stmt" count="42"/>
        <line num="20" type="stmt" count="36"/>
        <line num="23" type="stmt" count="42"/>
        <line num="24" type="stmt" count="42"/>
        <line num="25" type="stmt" count="42"/>
        <line num="30" type="method" name="getName" crap="1" count="36"/>
        <line num="32" type="stmt" count="36"/>
        <line num="38" type="method" name="hiddenInputPath" crap="1" count="4"/>
        <line num="40" type="stmt" count="4"/>
        <line num="49" type="method" name="askHiddenResponse" crap="2" count="5"/>
        <line num="51" type="stmt" count="5"/>
        <line num="52" type="stmt" count="2"/>
        <line num="55" type="stmt" count="3"/>
        <line num="64" type="method" name="askHiddenResponseWindows" crap="1" count="2"/>
        <line num="66" type="stmt" count="2"/>
        <line num="67" type="stmt" count="2"/>
        <line num="68" type="stmt" count="2"/>
        <line num="70" type="stmt" count="1"/>
        <line num="71" type="stmt" count="1"/>
        <line num="73" type="stmt" count="1"/>
        <line num="82" type="method" name="askHiddenResponseStty" crap="3" count="3"/>
        <line num="84" type="stmt" count="3"/>
        <line num="86" type="stmt" count="3"/>
        <line num="87" type="stmt" count="2"/>
        <line num="89" type="stmt" count="2"/>
        <line num="92" type="stmt" count="2"/>
        <line num="93" type="stmt" count="2"/>
        <line num="95" type="stmt" count="1"/>
        <line num="96" type="stmt" count="2"/>
        <line num="100" type="stmt" count="2"/>
        <line num="101" type="stmt" count="2"/>
        <line num="102" type="stmt" count="1"/>
        <line num="104" type="stmt" count="1"/>
        <line num="106" type="stmt" count="1"/>
        <line num="112" type="method" name="hiddenInputRealPath" crap="2" count="2"/>
        <line num="114" type="stmt" count="2"/>
        <line num="115" type="stmt" count="2"/>
        <line num="116" type="stmt" count="2"/>
        <line num="117" type="stmt" count="2"/>
        <line num="118" type="stmt" count="2"/>
        <line num="119" type="stmt" count="2"/>
        <line num="120" type="stmt" count="2"/>
        <line num="121" type="stmt" count="2"/>
        <line num="122" type="stmt" count="2"/>
        <line num="123" type="stmt" count="2"/>
        <line num="126" type="stmt" count="2"/>
        <line num="134" type="method" name="execute" crap="2" count="5"/>
        <line num="136" type="stmt" count="5"/>
        <line num="137" type="stmt" count="5"/>
        <line num="138" type="stmt" count="2"/>
        <line num="141" type="stmt" count="3"/>
        <metrics loc="148" ncloc="110" classes="1" methods="8" coveredmethods="8" conditionals="0" coveredconditionals="0" statements="44" coveredstatements="44" elements="52" coveredelements="52"/>
      </file>
    </package>
    <package name="Icecave\Archer\Documentation">
      <file name="/home/travis/build/IcecaveStudios/archer/src/Documentation/DocumentationGenerator.php">
        <class name="DocumentationGenerator" namespace="Icecave\Archer\Documentation">
          <metrics methods="12" coveredmethods="12" conditionals="0" coveredconditionals="0" statements="84" coveredstatements="84" elements="96" coveredelements="96"/>
        </class>
        <line num="20" type="method" name="__construct" crap="3" count="53"/>
        <line num="25" type="stmt" count="53"/>
        <line num="27" type="stmt" count="53"/>
        <line num="28" type="stmt" count="37"/>
        <line num="30" type="stmt" count="53"/>
        <line num="31" type="stmt" count="37"/>
        <line num="32" type="stmt" count="37"/>
        <line num="33" type="stmt" count="37"/>
        <line num="34" type="stmt" count="37"/>
        <line num="37" type="stmt" count="53"/>
        <line num="38" type="stmt" count="53"/>
        <line num="39" type="stmt" count="53"/>
        <line num="44" type="method" name="fileSystem" crap="1" count="5"/>
        <line num="46" type="stmt" count="5"/>
        <line num="47" type="stmt" count="1"/>
        <line num="52" type="method" name="composerConfigReader" crap="1" count="5"/>
        <line num="54" type="stmt" count="5"/>
        <line num="60" type="method" name="generate" crap="3" count="4"/>
        <line num="62" type="stmt" count="3"/>
        <line num="63" type="stmt" count="1"/>
        <line num="64" type="stmt" count="1"/>
        <line num="66" type="stmt" count="3"/>
        <line num="68" type="stmt" count="3"/>
        <line num="69" type="stmt" count="3"/>
        <line num="70" type="stmt" count="3"/>
        <line num="71" type="stmt" count="3"/>
        <line num="72" type="stmt" count="3"/>
        <line num="73" type="stmt" count="3"/>
        <line num="74" type="stmt" count="3"/>
        <line num="76" type="stmt" count="3"/>
        <line num="77" type="stmt" count="3"/>
        <line num="79" type="stmt" count="3"/>
        <line num="80" type="stmt" count="3"/>
        <line num="81" type="stmt" count="3"/>
        <line num="82" type="stmt" count="3"/>
        <line num="83" type="stmt" count="4"/>
        <line num="85" type="stmt" count="3"/>
        <line num="86" type="stmt" count="3"/>
        <line num="87" type="stmt" count="4"/>
        <line num="89" type="stmt" count="3"/>
        <line num="91" type="stmt" count="4"/>
        <line num="92" type="stmt" count="2"/>
        <line num="95" type="stmt" count="4"/>
        <line num="96" type="stmt" count="3"/>
        <line num="97" type="stmt" count="3"/>
        <line num="99" type="stmt" count="4"/>
        <line num="100" type="stmt" count="3"/>
        <line num="107" type="method" name="sourcePath" crap="1" count="1"/>
        <line num="109" type="stmt" count="1"/>
        <line num="117" type="method" name="projectName" crap="4" count="7"/>
        <line num="119" type="stmt" count="7"/>
        <line num="121" type="stmt" count="6"/>
        <line num="122" type="stmt" count="4"/>
        <line num="124" type="stmt" count="4"/>
        <line num="125" type="stmt" count="3"/>
        <line num="128" type="stmt" count="4"/>
        <line num="131" type="stmt" count="3"/>
        <line num="132" type="stmt" count="1"/>
        <line num="134" type="stmt" count="1"/>
        <line num="135" type="stmt" count="1"/>
        <line num="137" type="stmt" count="1"/>
        <line num="145" type="method" name="openedLevel" crap="2" count="7"/>
        <line num="147" type="stmt" count="7"/>
        <line num="148" type="stmt" count="7"/>
        <line num="150" type="stmt" count="7"/>
        <line num="151" type="stmt" count="4"/>
        <line num="154" type="stmt" count="7"/>
        <line num="162" type="method" name="primaryNamespace" crap="5" count="10"/>
        <line num="165" type="stmt" count="10"/>
        <line num="166" type="stmt" count="7"/>
        <line num="167" type="stmt" count="7"/>
        <line num="168" type="stmt" count="8"/>
        <line num="169" type="stmt" count="8"/>
        <line num="170" type="stmt" count="8"/>
        <line num="171" type="stmt" count="8"/>
        <line num="172" type="stmt" count="7"/>
        <line num="173" type="stmt" count="2"/>
        <line num="174" type="stmt" count="1"/>
        <line num="176" type="stmt" count="7"/>
        <line num="177" type="stmt" count="2"/>
        <line num="180" type="stmt" count="5"/>
        <line num="188" type="method" name="createFinder" crap="1" count="1"/>
        <line num="190" type="stmt" count="1"/>
        <line num="199" type="method" name="createSami" crap="1" count="1"/>
        <line num="201" type="stmt" count="1"/>
        <line num="207" type="method" name="popErrorHandlers" crap="2" count="4"/>
        <line num="209" type="stmt" count="4"/>
        <line num="212" type="stmt" count="4"/>
        <line num="213" type="stmt" count="4"/>
        <line num="215" type="stmt" count="4"/>
        <line num="216" type="stmt" count="1"/>
        <line num="218" type="stmt" count="1"/>
        <line num="219" type="stmt" count="1"/>
        <line num="220" type="stmt" count="1"/>
        <line num="222" type="stmt" count="4"/>
        <line num="228" type="method" name="pushErrorHandlers" crap="2" count="4"/>
        <line num="230" type="stmt" count="4"/>
        <line num="231" type="stmt" count="1"/>
        <line num="232" type="stmt" count="4"/>
        <line num="233" type="stmt" count="4"/>
        <metrics loc="238" ncloc="187" classes="1" methods="12" coveredmethods="12" conditionals="0" coveredconditionals="0" statements="88" coveredstatements="88" elements="100" coveredelements="100"/>
      </file>
    </package>
    <package name="Icecave\Archer\FileSystem\Exception">
      <file name="/home/travis/build/IcecaveStudios/archer/src/FileSystem/Exception/ReadException.php">
        <class name="ReadException" namespace="Icecave\Archer\FileSystem\Exception">
          <metrics methods="2" coveredmethods="2" conditionals="0" coveredconditionals="0" statements="7" coveredstatements="7" elements="9" coveredelements="9"/>
        </class>
        <line num="14" type="method" name="__construct" crap="1" count="11"/>
        <line num="16" type="stmt" count="11"/>
        <line num="18" type="stmt" count="11"/>
        <line num="19" type="stmt" count="11"/>
        <line num="20" type="stmt" count="11"/>
        <line num="22" type="stmt" count="11"/>
        <line num="23" type="stmt" count="11"/>
        <line num="28" type="method" name="path" crap="1" count="1"/>
        <line num="30" type="stmt" count="1"/>
        <metrics loc="34" ncloc="27" classes="1" methods="2" coveredmethods="2" conditionals="0" coveredconditionals="0" statements="7" coveredstatements="7" elements="9" coveredelements="9"/>
      </file>
      <file name="/home/travis/build/IcecaveStudios/archer/src/FileSystem/Exception/WriteException.php">
        <class name="WriteException" namespace="Icecave\Archer\FileSystem\Exception">
          <metrics methods="2" coveredmethods="2" conditionals="0" coveredconditionals="0" statements="7" coveredstatements="7" elements="9" coveredelements="9"/>
        </class>
        <line num="14" type="method" name="__construct" crap="1" count="8"/>
        <line num="16" type="stmt" count="8"/>
        <line num="18" type="stmt" count="8"/>
        <line num="19" type="stmt" count="8"/>
        <line num="20" type="stmt" count="8"/>
        <line num="22" type="stmt" count="8"/>
        <line num="23" type="stmt" count="8"/>
        <line num="28" type="method" name="path" crap="1" count="1"/>
        <line num="30" type="stmt" count="1"/>
        <metrics loc="34" ncloc="27" classes="1" methods="2" coveredmethods="2" conditionals="0" coveredconditionals="0" statements="7" coveredstatements="7" elements="9" coveredelements="9"/>
      </file>
    </package>
    <package name="Icecave\Archer\FileSystem">
      <file name="/home/travis/build/IcecaveStudios/archer/src/FileSystem/FileSystem.php">
        <class name="FileSystem" namespace="Icecave\Archer\FileSystem">
          <metrics methods="13" coveredmethods="13" conditionals="0" coveredconditionals="0" statements="67" coveredstatements="67" elements="80" coveredelements="80"/>
        </class>
        <line num="13" type="method" name="__construct" crap="1" count="75"/>
        <line num="15" type="stmt" count="75"/>
        <line num="16" type="stmt" count="75"/>
        <line num="23" type="method" name="exists" crap="2" count="2"/>
        <line num="26" type="stmt" count="2"/>
        <line num="27" type="stmt" count="2"/>
        <line num="28" type="stmt" count="1"/>
        <line num="31" type="stmt" count="1"/>
        <line num="39" type="method" name="fileExists" crap="2" count="2"/>
        <line num="42" type="stmt" count="2"/>
        <line num="43" type="stmt" count="2"/>
        <line num="44" type="stmt" count="1"/>
        <line num="47" type="stmt" count="1"/>
        <line num="55" type="method" name="directoryExists" crap="2" count="15"/>
        <line num="58" type="stmt" count="15"/>
        <line num="59" type="stmt" count="15"/>
        <line num="60" type="stmt" count="1"/>
        <line num="63" type="stmt" count="14"/>
        <line num="71" type="method" name="read" crap="2" count="2"/>
        <line num="74" type="stmt" count="2"/>
        <line num="75" type="stmt" count="2"/>
        <line num="76" type="stmt" count="1"/>
        <line num="79" type="stmt" count="1"/>
        <line num="87" type="method" name="listPaths" crap="5" count="4"/>
        <line num="90" type="stmt" count="4"/>
        <line num="91" type="stmt" count="4"/>
        <line num="92" type="stmt" count="1"/>
        <line num="95" type="stmt" count="3"/>
        <line num="96" type="stmt" count="3"/>
        <line num="97" type="stmt" count="3"/>
        <line num="98" type="stmt" count="2"/>
        <line num="100" type="stmt" count="3"/>
        <line num="102" type="stmt" count="3"/>
        <line num="109" type="method" name="write" crap="2" count="4"/>
        <line num="111" type="stmt" count="4"/>
        <line num="114" type="stmt" count="3"/>
        <line num="115" type="stmt" count="3"/>
        <line num="116" type="stmt" count="1"/>
        <line num="118" type="stmt" count="2"/>
        <line num="124" type="method" name="copy" crap="2" count="4"/>
        <line num="126" type="stmt" count="4"/>
        <line num="129" type="stmt" count="3"/>
        <line num="130" type="stmt" count="3"/>
        <line num="131" type="stmt" count="1"/>
        <line num="133" type="stmt" count="2"/>
        <line num="139" type="method" name="move" crap="2" count="4"/>
        <line num="141" type="stmt" count="4"/>
        <line num="144" type="stmt" count="3"/>
        <line num="145" type="stmt" count="3"/>
        <line num="146" type="stmt" count="1"/>
        <line num="148" type="stmt" count="2"/>
        <line num="153" type="method" name="createDirectory" crap="2" count="5"/>
        <line num="156" type="stmt" count="5"/>
        <line num="157" type="stmt" count="5"/>
        <line num="158" type="stmt" count="1"/>
        <line num="160" type="stmt" count="4"/>
        <line num="166" type="method" name="chmod" crap="2" count="2"/>
        <line num="169" type="stmt" count="2"/>
        <line num="170" type="stmt" count="2"/>
        <line num="171" type="stmt" count="1"/>
        <line num="173" type="stmt" count="1"/>
        <line num="178" type="method" name="delete" crap="5" count="4"/>
        <line num="180" type="stmt" count="4"/>
        <line num="181" type="stmt" count="2"/>
        <line num="182" type="stmt" count="1"/>
        <line num="183" type="stmt" count="2"/>
        <line num="186" type="stmt" count="2"/>
        <line num="187" type="stmt" count="2"/>
        <line num="188" type="stmt" count="1"/>
        <line num="192" type="stmt" count="3"/>
        <line num="193" type="stmt" count="3"/>
        <line num="194" type="stmt" count="1"/>
        <line num="197" type="stmt" count="2"/>
        <line num="202" type="method" name="ensureParentDirectory" crap="3" count="12"/>
        <line num="205" type="stmt" count="12"/>
        <line num="206" type="stmt" count="12"/>
        <line num="207" type="stmt" count="3"/>
        <line num="210" type="stmt" count="9"/>
        <line num="211" type="stmt" count="3"/>
        <line num="213" type="stmt" count="9"/>
        <metrics loc="216" ncloc="163" classes="1" methods="13" coveredmethods="13" conditionals="0" coveredconditionals="0" statements="67" coveredstatements="67" elements="80" coveredelements="80"/>
      </file>
    </package>
    <package name="Icecave\Archer\Git">
      <file name="/home/travis/build/IcecaveStudios/archer/src/Git/GitConfigReader.php">
        <class name="GitConfigReader" namespace="Icecave\Archer\Git">
          <metrics methods="9" coveredmethods="9" conditionals="0" coveredconditionals="0" statements="42" coveredstatements="42" elements="51" coveredelements="51"/>
        </class>
        <line num="14" type="method" name="__construct" crap="2" count="11"/>
        <line num="18" type="stmt" count="11"/>
        <line num="19" type="stmt" count="2"/>
        <line num="22" type="stmt" count="11"/>
        <line num="23" type="stmt" count="11"/>
        <line num="24" type="stmt" count="11"/>
        <line num="29" type="method" name="repositoryPath" crap="1" count="9"/>
        <line num="31" type="stmt" count="9"/>
        <line num="37" type="method" name="processFactory" crap="1" count="10"/>
        <line num="39" type="stmt" count="10"/>
        <line num="48" type="method" name="get" crap="2" count="8"/>
        <line num="50" type="stmt" count="8"/>
        <line num="51" type="stmt" count="7"/>
        <line num="52" type="stmt" count="7"/>
        <line num="55" type="stmt" count="1"/>
        <line num="61" type="method" name="isGitHubRepository" crap="1" count="2"/>
        <line num="63" type="stmt" count="2"/>
        <line num="64" type="stmt" count="2"/>
        <line num="65" type="stmt" count="2"/>
        <line num="66" type="stmt" count="2"/>
        <line num="72" type="method" name="repositoryOwner" crap="1" count="2"/>
        <line num="74" type="stmt" count="2"/>
        <line num="76" type="stmt" count="1"/>
        <line num="82" type="method" name="repositoryName" crap="1" count="2"/>
        <line num="84" type="stmt" count="2"/>
        <line num="86" type="stmt" count="1"/>
        <line num="92" type="method" name="parseOriginRepositoryUrl" crap="2" count="4"/>
        <line num="94" type="stmt" count="4"/>
        <line num="95" type="stmt" count="4"/>
        <line num="96" type="stmt" count="2"/>
        <line num="99" type="stmt" count="2"/>
        <line num="102" type="method" name="parse" crap="5" count="8"/>
        <line num="104" type="stmt" count="8"/>
        <line num="105" type="stmt" count="1"/>
        <line num="108" type="stmt" count="8"/>
        <line num="109" type="stmt" count="8"/>
        <line num="110" type="stmt" count="8"/>
        <line num="111" type="stmt" count="8"/>
        <line num="112" type="stmt" count="8"/>
        <line num="113" type="stmt" count="1"/>
        <line num="114" type="stmt" count="1"/>
        <line num="115" type="stmt" count="1"/>
        <line num="116" type="stmt" count="1"/>
        <line num="117" type="stmt" count="1"/>
        <line num="118" type="stmt" count="1"/>
        <line num="121" type="stmt" count="7"/>
        <line num="122" type="stmt" count="7"/>
        <line num="123" type="stmt" count="7"/>
        <line num="124" type="stmt" count="7"/>
        <line num="127" type="stmt" count="7"/>
        <line num="128" type="stmt" count="7"/>
        <metrics loc="135" ncloc="107" classes="1" methods="9" coveredmethods="9" conditionals="0" coveredconditionals="0" statements="42" coveredstatements="42" elements="51" coveredelements="51"/>
      </file>
      <file name="/home/travis/build/IcecaveStudios/archer/src/Git/GitConfigReaderFactory.php">
        <class name="GitConfigReaderFactory" namespace="Icecave\Archer\Git">
          <metrics methods="1" coveredmethods="1" conditionals="0" coveredconditionals="0" statements="1" coveredstatements="1" elements="2" coveredelements="2"/>
        </class>
        <line num="12" type="method" name="create" crap="1" count="1"/>
        <line num="14" type="stmt" count="1"/>
        <metrics loc="16" ncloc="11" classes="1" methods="1" coveredmethods="1" conditionals="0" coveredconditionals="0" statements="1" coveredstatements="1" elements="2" coveredelements="2"/>
      </file>
      <file name="/home/travis/build/IcecaveStudios/archer/src/Git/GitDotFilesManager.php">
        <class name="GitDotFilesManager" namespace="Icecave\Archer\Git">
          <metrics methods="4" coveredmethods="4" conditionals="0" coveredconditionals="0" statements="49" coveredstatements="49" elements="53" coveredelements="53"/>
        </class>
        <line num="13" type="method" name="__construct" crap="2" count="42"/>
        <line num="15" type="stmt" count="42"/>
        <line num="16" type="stmt" count="36"/>
        <line num="19" type="stmt" count="42"/>
        <line num="20" type="stmt" count="42"/>
        <line num="25" type="method" name="fileSystem" crap="1" count="2"/>
        <line num="27" type="stmt" count="2"/>
        <line num="36" type="method" name="updateDotFiles" crap="4" count="5"/>
        <line num="39" type="stmt" count="5"/>
        <line num="40" type="stmt" count="5"/>
        <line num="41" type="stmt" count="5"/>
        <line num="43" type="stmt" count="5"/>
        <line num="44" type="stmt" count="5"/>
        <line num="45" type="stmt" count="5"/>
        <line num="47" type="stmt" count="5"/>
        <line num="48" type="stmt" count="4"/>
        <line num="49" type="stmt" count="4"/>
        <line num="50" type="stmt" count="5"/>
        <line num="53" type="stmt" count="5"/>
        <line num="54" type="stmt" count="5"/>
        <line num="55" type="stmt" count="5"/>
        <line num="56" type="stmt" count="5"/>
        <line num="58" type="stmt" count="5"/>
        <line num="59" type="stmt" count="5"/>
        <line num="60" type="stmt" count="5"/>
        <line num="62" type="stmt" count="5"/>
        <line num="64" type="stmt" count="5"/>
        <line num="67" type="method" name="replaceContent" crap="7" count="5"/>
        <line num="69" type="stmt" count="5"/>
        <line num="70" type="stmt" count="5"/>
        <line num="72" type="stmt" count="5"/>
        <line num="73" type="stmt" count="5"/>
        <line num="75" type="stmt" count="5"/>
        <line num="76" type="stmt" count="5"/>
        <line num="80" type="stmt" count="5"/>
        <line num="81" type="stmt" count="1"/>
        <line num="84" type="stmt" count="5"/>
        <line num="85" type="stmt" count="5"/>
        <line num="86" type="stmt" count="5"/>
        <line num="88" type="stmt" count="5"/>
        <line num="89" type="stmt" count="5"/>
        <line num="92" type="stmt" count="5"/>
        <line num="93" type="stmt" count="2"/>
        <line num="94" type="stmt" count="2"/>
        <line num="95" type="stmt" count="2"/>
        <line num="98" type="stmt" count="5"/>
        <line num="99" type="stmt" count="2"/>
        <line num="102" type="stmt" count="5"/>
        <line num="103" type="stmt" count="5"/>
        <line num="105" type="stmt" count="5"/>
        <line num="109" type="stmt" count="5"/>
        <line num="110" type="stmt" count="5"/>
        <line num="113" type="stmt" count="5"/>
        <metrics loc="117" ncloc="90" classes="1" methods="4" coveredmethods="4" conditionals="0" coveredconditionals="0" statements="49" coveredstatements="49" elements="53" coveredelements="53"/>
      </file>
    </package>
    <package name="Icecave\Archer\GitHub">
      <file name="/home/travis/build/IcecaveStudios/archer/src/GitHub/GitHubClient.php">
        <class name="GitHubClient" namespace="Icecave\Archer\GitHub">
          <metrics methods="8" coveredmethods="8" conditionals="0" coveredconditionals="0" statements="34" coveredstatements="34" elements="42" coveredelements="42"/>
        </class>
        <line num="13" type="method" name="__construct" crap="1" count="45"/>
        <line num="15" type="stmt" count="45"/>
        <line num="16" type="stmt" count="45"/>
        <line num="23" type="method" name="validateToken" crap="1" count="12"/>
        <line num="25" type="stmt" count="12"/>
        <line num="34" type="method" name="defaultBranch" crap="3" count="3"/>
        <line num="36" type="stmt" count="3"/>
        <line num="39" type="stmt" count="3"/>
        <line num="40" type="stmt" count="1"/>
        <line num="41" type="stmt" count="2"/>
        <line num="42" type="stmt" count="1"/>
        <line num="44" type="stmt" count="1"/>
        <line num="51" type="method" name="authToken" crap="1" count="2"/>
        <line num="53" type="stmt" count="2"/>
        <line num="59" type="method" name="setAuthToken" crap="2" count="3"/>
        <line num="61" type="stmt" count="3"/>
        <line num="62" type="stmt" count="1"/>
        <line num="65" type="stmt" count="2"/>
        <line num="66" type="stmt" count="2"/>
        <line num="71" type="method" name="userAgent" crap="1" count="1"/>
        <line num="73" type="stmt" count="1"/>
        <line num="79" type="method" name="setUserAgent" crap="1" count="37"/>
        <line num="81" type="stmt" count="37"/>
        <line num="82" type="stmt" count="37"/>
        <line num="84" type="method" name="apiGet" crap="4" count="3"/>
        <line num="86" type="stmt" count="3"/>
        <line num="87" type="stmt" count="3"/>
        <line num="88" type="stmt" count="3"/>
        <line num="89" type="stmt" count="3"/>
        <line num="91" type="stmt" count="3"/>
        <line num="93" type="stmt" count="3"/>
        <line num="94" type="stmt" count="1"/>
        <line num="97" type="stmt" count="3"/>
        <line num="98" type="stmt" count="1"/>
        <line num="101" type="stmt" count="3"/>
        <line num="102" type="stmt" count="1"/>
        <line num="103" type="stmt" count="1"/>
        <line num="104" type="stmt" count="2"/>
        <line num="105" type="stmt" count="2"/>
        <line num="106" type="stmt" count="2"/>
        <line num="109" type="stmt" count="3"/>
        <line num="111" type="stmt" count="3"/>
        <metrics loc="117" ncloc="89" classes="1" methods="8" coveredmethods="8" conditionals="0" coveredconditionals="0" statements="34" coveredstatements="34" elements="42" coveredelements="42"/>
      </file>
    </package>
    <package name="Icecave\Archer">
      <file name="/home/travis/build/IcecaveStudios/archer/src/PackageInfo.php">
        <class name="PackageInfo" namespace="Icecave\Archer">
          <metrics methods="0" coveredmethods="0" conditionals="0" coveredconditionals="0" statements="0" coveredstatements="0" elements="0" coveredelements="0"/>
        </class>
        <metrics loc="9" ncloc="9" classes="1" methods="0" coveredmethods="0" conditionals="0" coveredconditionals="0" statements="0" coveredstatements="0" elements="0" coveredelements="0"/>
      </file>
    </package>
    <package name="Icecave\Archer\Process">
      <file name="/home/travis/build/IcecaveStudios/archer/src/Process/PHPUnitExecutableFinder.php">
        <class name="PHPUnitExecutableFinder" namespace="Icecave\Archer\Process">
          <metrics methods="8" coveredmethods="8" conditionals="0" coveredconditionals="0" statements="35" coveredstatements="35" elements="43" coveredelements="43"/>
        </class>
        <line num="16" type="method" name="__construct" crap="4" count="43"/>
        <line num="21" type="stmt" count="43"/>
        <line num="22" type="stmt" count="37"/>
        <line num="24" type="stmt" count="43"/>
        <line num="25" type="stmt" count="37"/>
        <line num="27" type="stmt" count="43"/>
        <line num="28" type="stmt" count="37"/>
        <line num="31" type="stmt" count="43"/>
        <line num="32" type="stmt" count="43"/>
        <line num="33" type="stmt" count="43"/>
        <line num="34" type="stmt" count="43"/>
        <line num="39" type="method" name="fileSystem" crap="1" count="6"/>
        <line num="41" type="stmt" count="6"/>
        <line num="47" type="method" name="executableFinder" crap="1" count="4"/>
        <line num="49" type="stmt" count="4"/>
        <line num="55" type="method" name="processFactory" crap="1" count="4"/>
        <line num="57" type="stmt" count="4"/>
        <line num="63" type="method" name="find" crap="3" count="5"/>
        <line num="65" type="stmt" count="5"/>
        <line num="66" type="stmt" count="1"/>
        <line num="69" type="stmt" count="4"/>
        <line num="70" type="stmt" count="2"/>
        <line num="73" type="stmt" count="2"/>
        <line num="79" type="method" name="findForGeneric" crap="2" count="2"/>
        <line num="81" type="stmt" count="2"/>
        <line num="83" type="stmt" count="2"/>
        <line num="84" type="stmt" count="1"/>
        <line num="87" type="stmt" count="1"/>
        <line num="93" type="method" name="findForTravis" crap="2" count="2"/>
        <line num="95" type="stmt" count="2"/>
        <line num="96" type="stmt" count="2"/>
        <line num="98" type="stmt" count="2"/>
        <line num="99" type="stmt" count="1"/>
        <line num="100" type="stmt" count="1"/>
        <line num="101" type="stmt" count="1"/>
        <line num="102" type="stmt" count="1"/>
        <line num="103" type="stmt" count="1"/>
        <line num="104" type="stmt" count="1"/>
        <line num="107" type="stmt" count="1"/>
        <line num="113" type="method" name="environmentIsTravis" crap="2" count="4"/>
        <line num="115" type="stmt" count="4"/>
        <line num="116" type="stmt" count="2"/>
        <line num="119" type="stmt" count="2"/>
        <metrics loc="125" ncloc="99" classes="1" methods="8" coveredmethods="8" conditionals="0" coveredconditionals="0" statements="35" coveredstatements="35" elements="43" coveredelements="43"/>
      </file>
      <file name="/home/travis/build/IcecaveStudios/archer/src/Process/ProcessFactory.php">
        <class name="ProcessFactory" namespace="Icecave\Archer\Process">
          <metrics methods="2" coveredmethods="2" conditionals="0" coveredconditionals="0" statements="4" coveredstatements="4" elements="6" coveredelements="6"/>
        </class>
        <line num="15" type="method" name="create" crap="1" count="1"/>
        <line num="17" type="stmt" count="1"/>
        <line num="25" type="method" name="createFromArray" crap="1" count="1"/>
        <line num="27" type="stmt" count="1"/>
        <line num="28" type="stmt" count="1"/>
        <line num="29" type="stmt" count="1"/>
        <metrics loc="31" ncloc="20" classes="1" methods="2" coveredmethods="2" conditionals="0" coveredconditionals="0" statements="4" coveredstatements="4" elements="6" coveredelements="6"/>
      </file>
    </package>
    <package name="Icecave\Archer\Support">
      <file name="/home/travis/build/IcecaveStudios/archer/src/Support/Asplode.php">
        <class name="Asplode" namespace="Icecave\Archer\Support">
          <metrics methods="5" coveredmethods="5" conditionals="0" coveredconditionals="0" statements="21" coveredstatements="21" elements="26" coveredelements="26"/>
        </class>
        <line num="19" type="method" name="instance" crap="1" count="1"/>
        <line num="21" type="stmt" count="1"/>
        <line num="24" type="method" name="__construct" crap="1" count="8"/>
        <line num="26" type="stmt" count="8"/>
        <line num="27" type="stmt" count="8"/>
        <line num="29" type="method" name="install" crap="3" count="4"/>
        <line num="31" type="stmt" count="4"/>
        <line num="32" type="stmt" count="1"/>
        <line num="34" type="stmt" count="4"/>
        <line num="35" type="stmt" count="1"/>
        <line num="38" type="stmt" count="3"/>
        <line num="39" type="stmt" count="3"/>
        <line num="40" type="stmt" count="3"/>
        <line num="42" type="method" name="uninstall" crap="2" count="2"/>
        <line num="44" type="stmt" count="2"/>
        <line num="45" type="stmt" count="1"/>
        <line num="48" type="stmt" count="1"/>
        <line num="49" type="stmt" count="1"/>
        <line num="50" type="stmt" count="1"/>
        <line num="52" type="method" name="handleError" crap="4" count="2"/>
        <line num="55" type="stmt" count="2"/>
        <line num="56" type="stmt" count="2"/>
        <line num="57" type="stmt" count="2"/>
        <line num="58" type="stmt" count="2"/>
        <line num="59" type="stmt" count="1"/>
        <line num="62" type="stmt" count="1"/>
        <metrics loc="67" ncloc="58" classes="1" methods="5" coveredmethods="5" conditionals="0" coveredconditionals="0" statements="21" coveredstatements="21" elements="26" coveredelements="26"/>
      </file>
      <file name="/home/travis/build/IcecaveStudios/archer/src/Support/Isolator.php">
        <class name="Isolator" namespace="Icecave\Archer\Support">
          <metrics methods="4" coveredmethods="4" conditionals="0" coveredconditionals="0" statements="25" coveredstatements="25" elements="29" coveredelements="29"/>
        </class>
        <line num="13" type="method" name="get" crap="3" count="155"/>
        <line num="15" type="stmt" count="155"/>
        <line num="16" type="stmt" count="149"/>
        <line num="17" type="stmt" count="60"/>
        <line num="18" type="stmt" count="59"/>
        <line num="20" type="stmt" count="4"/>
        <line num="24" type="method" name="className" crap="1" count="22"/>
        <line num="26" type="stmt" count="22"/>
        <line num="29" type="method" name="resetIsolator" crap="1" count="9"/>
        <line num="31" type="stmt" count="9"/>
        <line num="32" type="stmt" count="9"/>
        <line num="34" type="method" name="__call" crap="9" count="35"/>
        <line num="37" type="stmt" count="35"/>
        <line num="38" type="stmt" count="35"/>
        <line num="42" type="stmt" count="35"/>
        <line num="43" type="stmt" count="1"/>
        <line num="45" type="stmt" count="1"/>
        <line num="46" type="stmt" count="34"/>
        <line num="47" type="stmt" count="1"/>
        <line num="48" type="stmt" count="33"/>
        <line num="49" type="stmt" count="1"/>
        <line num="50" type="stmt" count="32"/>
        <line num="51" type="stmt" count="1"/>
        <line num="52" type="stmt" count="31"/>
        <line num="53" type="stmt" count="1"/>
        <line num="54" type="stmt" count="30"/>
        <line num="55" type="stmt" count="1"/>
        <line num="56" type="stmt" count="29"/>
        <line num="60" type="stmt" count="29"/>
        <metrics loc="98" ncloc="84" classes="1" methods="4" coveredmethods="4" conditionals="0" coveredconditionals="0" statements="25" coveredstatements="25" elements="29" coveredelements="29"/>
      </file>
    </package>
    <package name="Icecave\Archer\Support\Composer\Autoload">
      <file name="/home/travis/build/IcecaveStudios/archer/src/Support/Composer/Autoload/ClassMapGenerator.php">
        <class name="ClassMapGenerator" namespace="Icecave\Archer\Support\Composer\Autoload">
          <metrics methods="1" coveredmethods="0" conditionals="0" coveredconditionals="0" statements="3" coveredstatements="0" elements="4" coveredelements="0"/>
        </class>
        <line num="6" type="stmt" count="0"/>
        <line num="7" type="stmt" count="0"/>
        <line num="8" type="stmt" count="0"/>
        <line num="9" type="stmt" count="0"/>
        <line num="10" type="stmt" count="0"/>
        <line num="11" type="stmt" count="0"/>
        <line num="12" type="stmt" count="0"/>
        <line num="13" type="stmt" count="0"/>
        <line num="19" type="stmt" count="0"/>
        <line num="20" type="stmt" count="0"/>
        <line num="21" type="stmt" count="0"/>
        <line num="32" type="method" name="findClasses" crap="90" count="0"/>
        <line num="64" type="stmt" count="0"/>
        <line num="66" type="stmt" count="0"/>
        <line num="67" type="stmt" count="0"/>
        <metrics loc="83" ncloc="47" classes="1" methods="1" coveredmethods="0" conditionals="0" coveredconditionals="0" statements="14" coveredstatements="0" elements="15" coveredelements="0"/>
      </file>
    </package>
    <package name="Icecave\Archer\Support\Composer\Package\LinkConstraint">
      <file name="/home/travis/build/IcecaveStudios/archer/src/Support/Composer/Package/LinkConstraint/EmptyConstraint.php">
        <class name="EmptyConstraint" namespace="Icecave\Archer\Support\Composer\Package\LinkConstraint">
          <metrics methods="0" coveredmethods="0" conditionals="0" coveredconditionals="0" statements="0" coveredstatements="0" elements="0" coveredelements="0"/>
        </class>
        <line num="6" type="stmt" count="0"/>
        <line num="7" type="stmt" count="0"/>
        <line num="8" type="stmt" count="0"/>
        <line num="9" type="stmt" count="0"/>
        <line num="10" type="stmt" count="0"/>
        <line num="11" type="stmt" count="0"/>
        <line num="12" type="stmt" count="0"/>
        <line num="18" type="stmt" count="0"/>
        <line num="19" type="stmt" count="0"/>
        <line num="20" type="stmt" count="0"/>
        <metrics loc="49" ncloc="33" classes="1" methods="0" coveredmethods="0" conditionals="0" coveredconditionals="0" statements="10" coveredstatements="0" elements="10" coveredelements="0"/>
      </file>
      <file name="/home/travis/build/IcecaveStudios/archer/src/Support/Composer/Package/LinkConstraint/MultiConstraint.php">
        <class name="MultiConstraint" namespace="Icecave\Archer\Support\Composer\Package\LinkConstraint">
          <metrics methods="0" coveredmethods="0" conditionals="0" coveredconditionals="0" statements="0" coveredstatements="0" elements="0" coveredelements="0"/>
        </class>
        <line num="6" type="stmt" count="0"/>
        <line num="7" type="stmt" count="0"/>
        <line num="8" type="stmt" count="0"/>
        <line num="9" type="stmt" count="0"/>
        <line num="10" type="stmt" count="0"/>
        <line num="11" type="stmt" count="0"/>
        <line num="12" type="stmt" count="0"/>
        <line num="18" type="stmt" count="0"/>
        <line num="19" type="stmt" count="0"/>
        <line num="20" type="stmt" count="0"/>
        <line num="21" type="stmt" count="0"/>
        <metrics loc="85" ncloc="62" classes="1" methods="0" coveredmethods="0" conditionals="0" coveredconditionals="0" statements="11" coveredstatements="0" elements="11" coveredelements="0"/>
      </file>
      <file name="/home/travis/build/IcecaveStudios/archer/src/Support/Composer/Package/LinkConstraint/SpecificConstraint.php">
        <class name="SpecificConstraint" namespace="Icecave\Archer\Support\Composer\Package\LinkConstraint">
          <metrics methods="0" coveredmethods="0" conditionals="0" coveredconditionals="0" statements="0" coveredstatements="0" elements="0" coveredelements="0"/>
        </class>
        <metrics loc="55" ncloc="31" classes="1" methods="0" coveredmethods="0" conditionals="0" coveredconditionals="0" statements="0" coveredstatements="0" elements="0" coveredelements="0"/>
      </file>
      <file name="/home/travis/build/IcecaveStudios/archer/src/Support/Composer/Package/LinkConstraint/VersionConstraint.php">
        <class name="VersionConstraint" namespace="Icecave\Archer\Support\Composer\Package\LinkConstraint">
          <metrics methods="0" coveredmethods="0" conditionals="0" coveredconditionals="0" statements="0" coveredstatements="0" elements="0" coveredelements="0"/>
        </class>
        <metrics loc="101" ncloc="62" classes="1" methods="0" coveredmethods="0" conditionals="0" coveredconditionals="0" statements="0" coveredstatements="0" elements="0" coveredelements="0"/>
      </file>
    </package>
    <package name="Icecave\Archer\Support\Composer\Package\Version">
      <file name="/home/travis/build/IcecaveStudios/archer/src/Support/Composer/Package/Version/VersionParser.php">
        <class name="VersionParser" namespace="Icecave\Archer\Support\Composer\Package\Version">
          <metrics methods="0" coveredmethods="0" conditionals="0" coveredconditionals="0" statements="0" coveredstatements="0" elements="0" coveredelements="0"/>
        </class>
        <metrics loc="355" ncloc="298" classes="1" methods="0" coveredmethods="0" conditionals="0" coveredconditionals="0" statements="0" coveredstatements="0" elements="0" coveredelements="0"/>
      </file>
    </package>
    <package name="Icecave\Archer\Support\Liftoff\Exception">
      <file name="/home/travis/build/IcecaveStudios/archer/src/Support/Liftoff/Exception/LaunchException.php">
        <class name="LaunchException" namespace="Icecave\Archer\Support\Liftoff\Exception">
          <metrics methods="2" coveredmethods="2" conditionals="0" coveredconditionals="0" statements="7" coveredstatements="7" elements="9" coveredelements="9"/>
        </class>
        <line num="24" type="method" name="__construct" crap="1" count="2"/>
        <line num="26" type="stmt" count="2"/>
        <line num="28" type="stmt" count="2"/>
        <line num="29" type="stmt" count="2"/>
        <line num="30" type="stmt" count="2"/>
        <line num="32" type="stmt" count="2"/>
        <line num="33" type="stmt" count="2"/>
        <line num="40" type="method" name="target" crap="1" count="1"/>
        <line num="42" type="stmt" count="1"/>
        <metrics loc="46" ncloc="27" classes="1" methods="2" coveredmethods="2" conditionals="0" coveredconditionals="0" statements="7" coveredstatements="7" elements="9" coveredelements="9"/>
      </file>
    </package>
    <package name="Icecave\Archer\Support\Liftoff">
      <file name="/home/travis/build/IcecaveStudios/archer/src/Support/Liftoff/Launcher.php">
        <class name="Launcher" namespace="Icecave\Archer\Support\Liftoff">
          <metrics methods="6" coveredmethods="6" conditionals="0" coveredconditionals="0" statements="44" coveredstatements="44" elements="50" coveredelements="50"/>
        </class>
        <line num="22" type="method" name="__construct" crap="1" count="43"/>
        <line num="24" type="stmt" count="43"/>
        <line num="25" type="stmt" count="43"/>
        <line num="37" type="method" name="launch" crap="4" count="7"/>
        <line num="39" type="stmt" count="7"/>
        <line num="40" type="stmt" count="4"/>
        <line num="43" type="stmt" count="7"/>
        <line num="45" type="stmt" count="7"/>
        <line num="46" type="stmt" count="2"/>
        <line num="47" type="stmt" count="7"/>
        <line num="48" type="stmt" count="2"/>
        <line num="49" type="stmt" count="2"/>
        <line num="50" type="stmt" count="3"/>
        <line num="52" type="stmt" count="6"/>
        <line num="60" type="method" name="launchOsx" crap="2" count="2"/>
        <line num="62" type="stmt" count="2"/>
        <line num="63" type="stmt" count="1"/>
        <line num="65" type="stmt" count="2"/>
        <line num="67" type="stmt" count="2"/>
        <line num="68" type="stmt" count="2"/>
        <line num="76" type="method" name="launchUnix" crap="1" count="3"/>
        <line num="78" type="stmt" count="3"/>
        <line num="80" type="stmt" count="3"/>
        <line num="81" type="stmt" count="2"/>
        <line num="89" type="method" name="launchWindows" crap="1" count="2"/>
        <line num="91" type="stmt" count="2"/>
        <line num="93" type="stmt" count="2"/>
        <line num="94" type="stmt" count="2"/>
        <line num="102" type="method" name="launchCommand" crap="3" count="7"/>
        <line num="104" type="stmt" count="7"/>
        <line num="105" type="stmt" count="7"/>
        <line num="106" type="stmt" count="7"/>
        <line num="107" type="stmt" count="7"/>
        <line num="108" type="stmt" count="7"/>
        <line num="109" type="stmt" count="7"/>
        <line num="110" type="stmt" count="7"/>
        <line num="112" type="stmt" count="7"/>
        <line num="113" type="stmt" count="7"/>
        <line num="115" type="stmt" count="7"/>
        <line num="116" type="stmt" count="7"/>
        <line num="117" type="stmt" count="7"/>
        <line num="118" type="stmt" count="7"/>
        <line num="120" type="stmt" count="7"/>
        <line num="121" type="stmt" count="7"/>
        <line num="122" type="stmt" count="1"/>
        <line num="125" type="stmt" count="6"/>
        <line num="126" type="stmt" count="6"/>
        <line num="127" type="stmt" count="6"/>
        <line num="128" type="stmt" count="6"/>
        <line num="129" type="stmt" count="6"/>
        <metrics loc="132" ncloc="85" classes="1" methods="6" coveredmethods="6" conditionals="0" coveredconditionals="0" statements="44" coveredstatements="44" elements="50" coveredelements="50"/>
      </file>
    </package>
    <package name="Icecave\Archer\Travis">
      <file name="/home/travis/build/IcecaveStudios/archer/src/Travis/TravisClient.php">
        <class name="TravisClient" namespace="Icecave\Archer\Travis">
          <metrics methods="5" coveredmethods="5" conditionals="0" coveredconditionals="0" statements="27" coveredstatements="27" elements="32" coveredelements="32"/>
        </class>
        <line num="15" type="method" name="__construct" crap="2" count="41"/>
        <line num="19" type="stmt" count="41"/>
        <line num="20" type="stmt" count="36"/>
        <line num="23" type="stmt" count="41"/>
        <line num="24" type="stmt" count="41"/>
        <line num="25" type="stmt" count="41"/>
        <line num="30" type="method" name="fileSystem" crap="1" count="3"/>
        <line num="32" type="stmt" count="3"/>
        <line num="41" type="method" name="publicKey" crap="1" count="1"/>
        <line num="43" type="stmt" count="1"/>
        <line num="44" type="stmt" count="1"/>
        <line num="45" type="stmt" count="1"/>
        <line num="46" type="stmt" count="1"/>
        <line num="47" type="stmt" count="1"/>
        <line num="48" type="stmt" count="1"/>
        <line num="49" type="stmt" count="1"/>
        <line num="51" type="stmt" count="1"/>
        <line num="60" type="method" name="encryptEnvironment" crap="1" count="1"/>
        <line num="62" type="stmt" count="1"/>
        <line num="63" type="stmt" count="1"/>
        <line num="64" type="stmt" count="1"/>
        <line num="65" type="stmt" count="1"/>
        <line num="74" type="method" name="encrypt" crap="2" count="3"/>
        <line num="76" type="stmt" count="3"/>
        <line num="77" type="stmt" count="3"/>
        <line num="78" type="stmt" count="3"/>
        <line num="79" type="stmt" count="3"/>
        <line num="80" type="stmt" count="3"/>
        <line num="81" type="stmt" count="3"/>
        <line num="82" type="stmt" count="3"/>
        <line num="83" type="stmt" count="1"/>
        <line num="86" type="stmt" count="2"/>
        <metrics loc="91" ncloc="66" classes="1" methods="5" coveredmethods="5" conditionals="0" coveredconditionals="0" statements="27" coveredstatements="27" elements="32" coveredelements="32"/>
      </file>
      <file name="/home/travis/build/IcecaveStudios/archer/src/Travis/TravisConfigManager.php">
        <class name="TravisConfigManager" namespace="Icecave\Archer\Travis">
          <metrics methods="17" coveredmethods="16" conditionals="0" coveredconditionals="0" statements="128" coveredstatements="125" elements="145" coveredelements="141"/>
        </class>
        <line num="20" type="method" name="__construct" crap="4" count="57"/>
        <line num="26" type="stmt" count="57"/>
        <line num="27" type="stmt" count="36"/>
        <line num="29" type="stmt" count="57"/>
        <line num="30" type="stmt" count="36"/>
        <line num="32" type="stmt" count="57"/>
        <line num="33" type="stmt" count="36"/>
        <line num="36" type="stmt" count="57"/>
        <line num="37" type="stmt" count="57"/>
        <line num="38" type="stmt" count="57"/>
        <line num="39" type="stmt" count="57"/>
        <line num="40" type="stmt" count="57"/>
        <line num="41" type="stmt" count="57"/>
        <line num="46" type="method" name="fileSystem" crap="1" count="22"/>
        <line num="48" type="stmt" count="22"/>
        <line num="54" type="method" name="fileFinder" crap="1" count="12"/>
        <line num="56" type="stmt" count="12"/>
        <line num="62" type="method" name="composerConfigReader" crap="1" count="2"/>
        <line num="64" type="stmt" count="2"/>
        <line num="72" type="method" name="publicKeyCache" crap="2" count="5"/>
        <line num="74" type="stmt" count="5"/>
        <line num="75" type="stmt" count="5"/>
        <line num="76" type="stmt" count="3"/>
        <line num="79" type="stmt" count="2"/>
        <line num="88" type="method" name="setPublicKeyCache" crap="3" count="3"/>
        <line num="90" type="stmt" count="3"/>
        <line num="93" type="stmt" count="3"/>
        <line num="94" type="stmt" count="1"/>
        <line num="97" type="stmt" count="2"/>
        <line num="98" type="stmt" count="1"/>
        <line num="101" type="stmt" count="1"/>
        <line num="102" type="stmt" count="1"/>
        <line num="105" type="stmt" count="2"/>
        <line num="113" type="method" name="secureEnvironmentCache" crap="2" count="15"/>
        <line num="115" type="stmt" count="15"/>
        <line num="116" type="stmt" count="15"/>
        <line num="117" type="stmt" count="4"/>
        <line num="120" type="stmt" count="11"/>
        <line num="129" type="method" name="setSecureEnvironmentCache" crap="3" count="3"/>
        <line num="131" type="stmt" count="3"/>
        <line num="134" type="stmt" count="3"/>
        <line num="135" type="stmt" count="1"/>
        <line num="138" type="stmt" count="2"/>
        <line num="139" type="stmt" count="1"/>
        <line num="142" type="stmt" count="1"/>
        <line num="143" type="stmt" count="1"/>
        <line num="146" type="stmt" count="2"/>
        <line num="155" type="method" name="updateConfig" crap="3" count="10"/>
        <line num="157" type="stmt" count="10"/>
        <line num="159" type="stmt" count="10"/>
        <line num="160" type="stmt" count="10"/>
        <line num="161" type="stmt" count="10"/>
        <line num="162" type="stmt" count="10"/>
        <line num="164" type="stmt" count="10"/>
        <line num="166" type="stmt" count="10"/>
        <line num="167" type="stmt" count="1"/>
        <line num="168" type="stmt" count="1"/>
        <line num="169" type="stmt" count="9"/>
        <line num="172" type="stmt" count="10"/>
        <line num="174" type="stmt" count="10"/>
        <line num="175" type="stmt" count="10"/>
        <line num="176" type="stmt" count="10"/>
        <line num="178" type="stmt" count="10"/>
        <line num="179" type="stmt" count="10"/>
        <line num="180" type="stmt" count="10"/>
        <line num="181" type="stmt" count="10"/>
        <line num="186" type="stmt" count="10"/>
        <line num="189" type="stmt" count="10"/>
        <line num="190" type="stmt" count="10"/>
        <line num="191" type="stmt" count="10"/>
        <line num="193" type="stmt" count="10"/>
        <line num="194" type="stmt" count="10"/>
        <line num="195" type="stmt" count="10"/>
        <line num="196" type="stmt" count="10"/>
        <line num="197" type="stmt" count="10"/>
        <line num="199" type="stmt" count="10"/>
        <line num="200" type="stmt" count="10"/>
        <line num="203" type="stmt" count="10"/>
        <line num="213" type="method" name="findTemplatePath" crap="1" count="10"/>
        <line num="215" type="stmt" count="10"/>
        <line num="216" type="stmt" count="10"/>
        <line num="217" type="stmt" count="10"/>
        <line num="218" type="stmt" count="10"/>
        <line num="227" type="method" name="candidateTemplatePaths" crap="1" count="10"/>
        <line num="230" type="stmt" count="10"/>
        <line num="231" type="stmt" count="10"/>
        <line num="232" type="stmt" count="10"/>
        <line num="233" type="stmt" count="10"/>
        <line num="234" type="stmt" count="10"/>
        <line num="235" type="stmt" count="10"/>
        <line num="244" type="method" name="defaultTemplatePath" crap="1" count="10"/>
        <line num="246" type="stmt" count="10"/>
        <line num="247" type="stmt" count="10"/>
        <line num="248" type="stmt" count="10"/>
        <line num="249" type="stmt" count="10"/>
        <line num="250" type="stmt" count="10"/>
        <line num="253" type="method" name="templateFilename" crap="2" count="10"/>
        <line num="255" type="stmt" count="10"/>
        <line num="256" type="stmt" count="10"/>
        <line num="259" type="stmt" count="10"/>
        <line num="262" type="method" name="phpVersions" crap="1" count="10"/>
        <line num="264" type="stmt" count="10"/>
        <line num="266" type="stmt" count="10"/>
        <line num="269" type="method" name="numericPhpVersions" crap="7" count="10"/>
        <line num="271" type="stmt" count="10"/>
        <line num="273" type="stmt" count="10"/>
        <line num="277" type="stmt" count="10"/>
        <line num="278" type="stmt" count="1"/>
        <line num="282" type="stmt" count="9"/>
        <line num="283" type="stmt" count="9"/>
        <line num="284" type="stmt" count="9"/>
        <line num="287" type="stmt" count="9"/>
        <line num="288" type="stmt" count="9"/>
        <line num="289" type="stmt" count="9"/>
        <line num="290" type="stmt" count="7"/>
        <line num="292" type="stmt" count="7"/>
        <line num="293" type="stmt" count="7"/>
        <line num="296" type="stmt" count="9"/>
        <line num="299" type="stmt" count="9"/>
        <line num="300" type="stmt" count="2"/>
        <line num="302" type="stmt" count="2"/>
        <line num="305" type="stmt" count="7"/>
        <line num="308" type="method" name="allowFailureVersions" crap="3" count="10"/>
        <line num="310" type="stmt" count="10"/>
        <line num="312" type="stmt" count="10"/>
        <line num="313" type="stmt" count="10"/>
        <line num="314" type="stmt" count="10"/>
        <line num="315" type="stmt" count="10"/>
        <line num="317" type="stmt" count="10"/>
        <line num="319" type="stmt" count="10"/>
        <line num="322" type="method" name="moveLegacyFiles" crap="4.16" count="10"/>
        <line num="324" type="stmt" count="10"/>
        <line num="326" type="stmt" count="10"/>
        <line num="327" type="stmt" count="10"/>
        <line num="329" type="stmt" count="10"/>
        <line num="330" type="stmt" count="0"/>
        <line num="333" type="stmt" count="10"/>
        <line num="334" type="stmt" count="10"/>
        <line num="336" type="stmt" count="10"/>
        <line num="337" type="stmt" count="0"/>
        <line num="340" type="stmt" count="10"/>
        <line num="341" type="stmt" count="10"/>
        <line num="343" type="stmt" count="10"/>
        <line num="344" type="stmt" count="0"/>
        <line num="346" type="stmt" count="10"/>
        <metrics loc="368" ncloc="267" classes="1" methods="17" coveredmethods="16" conditionals="0" coveredconditionals="0" statements="128" coveredstatements="125" elements="145" coveredelements="141"/>
      </file>
    </package>
    <metrics files="37" loc="4285" ncloc="3330" classes="37" methods="181" coveredmethods="175" conditionals="0" coveredconditionals="0" statements="1250" coveredstatements="1189" elements="1431" coveredelements="1364"/>
  </project>
</coverage>
