<?xml version="1.0" encoding="UTF-8"?>
<testsuites>
  <testsuite name="" tests="212" assertions="740" failures="0" errors="0" time="19.435574">
    <testsuite name="Icecave\Archer\Configuration\ComposerConfigurationReaderTest" file="/home/travis/build/IcecaveStudios/archer/test/suite/Configuration/ComposerConfigurationReaderTest.php" tests="4" assertions="5" failures="0" errors="0" time="0.184150">
      <testcase name="testConstructor" class="Icecave\Archer\Configuration\ComposerConfigurationReaderTest" file="/home/travis/build/IcecaveStudios/archer/test/suite/Configuration/ComposerConfigurationReaderTest.php" line="17" assertions="1" time="0.094341"/>
      <testcase name="testConstructorDefaults" class="Icecave\Archer\Configuration\ComposerConfigurationReaderTest" file="/home/travis/build/IcecaveStudios/archer/test/suite/Configuration/ComposerConfigurationReaderTest.php" line="22" assertions="1" time="0.020148"/>
      <testcase name="testRead" class="Icecave\Archer\Configuration\ComposerConfigurationReaderTest" file="/home/travis/build/IcecaveStudios/archer/test/suite/Configuration/ComposerConfigurationReaderTest.php" line="29" assertions="1" time="0.052111"/>
      <testcase name="testReadFailureJson" class="Icecave\Archer\Configuration\ComposerConfigurationReaderTest" file="/home/travis/build/IcecaveStudios/archer/test/suite/Configuration/ComposerConfigurationReaderTest.php" line="36" assertions="2" time="0.017550"/>
    </testsuite>
    <testsuite name="Icecave\Archer\Configuration\ConfigurationFileFinderTest" file="/home/travis/build/IcecaveStudios/archer/test/suite/Configuration/ConfigurationFileFinderTest.php" tests="5" assertions="5" failures="0" errors="0" time="0.069408">
      <testcase name="testConstructor" class="Icecave\Archer\Configuration\ConfigurationFileFinderTest" file="/home/travis/build/IcecaveStudios/archer/test/suite/Configuration/ConfigurationFileFinderTest.php" line="16" assertions="1" time="0.009394"/>
      <testcase name="testConstructorDefaults" class="Icecave\Archer\Configuration\ConfigurationFileFinderTest" file="/home/travis/build/IcecaveStudios/archer/test/suite/Configuration/ConfigurationFileFinderTest.php" line="21" assertions="1" time="0.010155"/>
      <testcase name="testFindFirst" class="Icecave\Archer\Configuration\ConfigurationFileFinderTest" file="/home/travis/build/IcecaveStudios/archer/test/suite/Configuration/ConfigurationFileFinderTest.php" line="28" assertions="1" time="0.014933"/>
      <testcase name="testFindLast" class="Icecave\Archer\Configuration\ConfigurationFileFinderTest" file="/home/travis/build/IcecaveStudios/archer/test/suite/Configuration/ConfigurationFileFinderTest.php" line="35" assertions="1" time="0.017673"/>
      <testcase name="testFindDefault" class="Icecave\Archer\Configuration\ConfigurationFileFinderTest" file="/home/travis/build/IcecaveStudios/archer/test/suite/Configuration/ConfigurationFileFinderTest.php" line="42" assertions="1" time="0.017253"/>
    </testsuite>
    <testsuite name="Icecave\Archer\Configuration\PHPConfigurationReaderTest" file="/home/travis/build/IcecaveStudios/archer/test/suite/Configuration/PHPConfigurationReaderTest.php" tests="5" assertions="7" failures="0" errors="0" time="0.116048">
      <testcase name="testConstructor" class="Icecave\Archer\Configuration\PHPConfigurationReaderTest" file="/home/travis/build/IcecaveStudios/archer/test/suite/Configuration/PHPConfigurationReaderTest.php" line="18" assertions="1" time="0.019427"/>
      <testcase name="testConstructorDefaults" class="Icecave\Archer\Configuration\PHPConfigurationReaderTest" file="/home/travis/build/IcecaveStudios/archer/test/suite/Configuration/PHPConfigurationReaderTest.php" line="23" assertions="1" time="0.012419"/>
      <testcase name="testReadSingle" class="Icecave\Archer\Configuration\PHPConfigurationReaderTest" file="/home/travis/build/IcecaveStudios/archer/test/suite/Configuration/PHPConfigurationReaderTest.php" line="30" assertions="2" time="0.033584"/>
      <testcase name="testReadMultiple" class="Icecave\Archer\Configuration\PHPConfigurationReaderTest" file="/home/travis/build/IcecaveStudios/archer/test/suite/Configuration/PHPConfigurationReaderTest.php" line="39" assertions="1" time="0.027869"/>
      <testcase name="testReadNone" class="Icecave\Archer\Configuration\PHPConfigurationReaderTest" file="/home/travis/build/IcecaveStudios/archer/test/suite/Configuration/PHPConfigurationReaderTest.php" line="47" assertions="2" time="0.022749"/>
    </testsuite>
    <testsuite name="Icecave\Archer\Console\ApplicationTest" file="/home/travis/build/IcecaveStudios/archer/test/suite/Console/ApplicationTest.php" tests="8" assertions="17" failures="0" errors="0" time="0.968031">
      <testcase name="testConstructor" class="Icecave\Archer\Console\ApplicationTest" file="/home/travis/build/IcecaveStudios/archer/test/suite/Console/ApplicationTest.php" line="22" assertions="4" time="0.103415"/>
      <testcase name="testConstructorDefaults" class="Icecave\Archer\Console\ApplicationTest" file="/home/travis/build/IcecaveStudios/archer/test/suite/Console/ApplicationTest.php" line="31" assertions="1" time="0.074436"/>
      <testcase name="testEnabledCommands" class="Icecave\Archer\Console\ApplicationTest" file="/home/travis/build/IcecaveStudios/archer/test/suite/Console/ApplicationTest.php" line="38" assertions="1" time="0.047940"/>
      <testcase name="testEnabledCommandsArcher" class="Icecave\Archer\Console\ApplicationTest" file="/home/travis/build/IcecaveStudios/archer/test/suite/Console/ApplicationTest.php" line="52" assertions="4" time="0.097717"/>
      <testcase name="testEnabledCommandsTravis" class="Icecave\Archer\Console\ApplicationTest" file="/home/travis/build/IcecaveStudios/archer/test/suite/Console/ApplicationTest.php" line="76" assertions="1" time="0.079249"/>
      <testcase name="testDoRun" class="Icecave\Archer\Console\ApplicationTest" file="/home/travis/build/IcecaveStudios/archer/test/suite/Console/ApplicationTest.php" line="94" assertions="4" time="0.468171"/>
      <testcase name="testRawArguments" class="Icecave\Archer\Console\ApplicationTest" file="/home/travis/build/IcecaveStudios/archer/test/suite/Console/ApplicationTest.php" line="122" assertions="1" time="0.048762"/>
      <testcase name="testDefaultCommandName" class="Icecave\Archer\Console\ApplicationTest" file="/home/travis/build/IcecaveStudios/archer/test/suite/Console/ApplicationTest.php" line="134" assertions="1" time="0.048341"/>
    </testsuite>
    <testsuite name="Icecave\Archer\Console\Command\AbstractPHPUnitCommandTest" file="/home/travis/build/IcecaveStudios/archer/test/suite/Console/Command/AbstractPHPUnitCommandTest.php" tests="4" assertions="20" failures="0" errors="0" time="0.573029">
      <testcase name="testConstructor" class="Icecave\Archer\Console\Command\AbstractPHPUnitCommandTest" file="/home/travis/build/IcecaveStudios/archer/test/suite/Console/Command/AbstractPHPUnitCommandTest.php" line="67" assertions="7" time="0.206933"/>
      <testcase name="testConstructorDefaults" class="Icecave\Archer\Console\Command\AbstractPHPUnitCommandTest" file="/home/travis/build/IcecaveStudios/archer/test/suite/Console/Command/AbstractPHPUnitCommandTest.php" line="79" assertions="6" time="0.131991"/>
      <testcase name="testGetHelp" class="Icecave\Archer\Console\Command\AbstractPHPUnitCommandTest" file="/home/travis/build/IcecaveStudios/archer/test/suite/Console/Command/AbstractPHPUnitCommandTest.php" line="118" assertions="6" time="0.130959"/>
      <testcase name="testGenerateArgumentsFiltering" class="Icecave\Archer\Console\Command\AbstractPHPUnitCommandTest" file="/home/travis/build/IcecaveStudios/archer/test/suite/Console/Command/AbstractPHPUnitCommandTest.php" line="147" assertions="1" time="0.103146"/>
    </testsuite>
    <testsuite name="Icecave\Archer\Console\Command\CoverageCommandTest" file="/home/travis/build/IcecaveStudios/archer/test/suite/Console/Command/CoverageCommandTest.php" tests="6" assertions="49" failures="0" errors="0" time="1.409816">
      <testcase name="testConstructor" class="Icecave\Archer\Console\Command\CoverageCommandTest" file="/home/travis/build/IcecaveStudios/archer/test/suite/Console/Command/CoverageCommandTest.php" line="150" assertions="8" time="0.272294"/>
      <testcase name="testConstructorDefaults" class="Icecave\Archer\Console\Command\CoverageCommandTest" file="/home/travis/build/IcecaveStudios/archer/test/suite/Console/Command/CoverageCommandTest.php" line="163" assertions="7" time="0.158959"/>
      <testcase name="testConfigure" class="Icecave\Archer\Console\Command\CoverageCommandTest" file="/home/travis/build/IcecaveStudios/archer/test/suite/Console/Command/CoverageCommandTest.php" line="206" assertions="3" time="0.190892"/>
      <testcase name="testExecute" class="Icecave\Archer\Console\Command\CoverageCommandTest" file="/home/travis/build/IcecaveStudios/archer/test/suite/Console/Command/CoverageCommandTest.php" line="236" assertions="15" time="0.290493"/>
      <testcase name="testExecuteWithOpen" class="Icecave\Archer\Console\Command\CoverageCommandTest" file="/home/travis/build/IcecaveStudios/archer/test/suite/Console/Command/CoverageCommandTest.php" line="302" assertions="15" time="0.316081"/>
      <testcase name="testGenerateArgumentsFiltering" class="Icecave\Archer\Console\Command\CoverageCommandTest" file="/home/travis/build/IcecaveStudios/archer/test/suite/Console/Command/CoverageCommandTest.php" line="382" assertions="1" time="0.181097"/>
    </testsuite>
    <testsuite name="Icecave\Archer\Console\Command\DocumentationCommandTest" file="/home/travis/build/IcecaveStudios/archer/test/suite/Console/Command/DocumentationCommandTest.php" tests="5" assertions="18" failures="0" errors="0" time="0.263482">
      <testcase name="testConstructor" class="Icecave\Archer\Console\Command\DocumentationCommandTest" file="/home/travis/build/IcecaveStudios/archer/test/suite/Console/Command/DocumentationCommandTest.php" line="32" assertions="2" time="0.040554"/>
      <testcase name="testConstructorDefaults" class="Icecave\Archer\Console\Command\DocumentationCommandTest" file="/home/travis/build/IcecaveStudios/archer/test/suite/Console/Command/DocumentationCommandTest.php" line="38" assertions="2" time="0.032287"/>
      <testcase name="testConfigure" class="Icecave\Archer\Console\Command\DocumentationCommandTest" file="/home/travis/build/IcecaveStudios/archer/test/suite/Console/Command/DocumentationCommandTest.php" line="52" assertions="3" time="0.046175"/>
      <testcase name="testExecute" class="Icecave\Archer\Console\Command\DocumentationCommandTest" file="/home/travis/build/IcecaveStudios/archer/test/suite/Console/Command/DocumentationCommandTest.php" line="72" assertions="5" time="0.064458"/>
      <testcase name="testExecuteWithOpen" class="Icecave\Archer\Console\Command\DocumentationCommandTest" file="/home/travis/build/IcecaveStudios/archer/test/suite/Console/Command/DocumentationCommandTest.php" line="87" assertions="6" time="0.080008"/>
    </testsuite>
    <testsuite name="Icecave\Archer\Console\Command\TestCommandTest" file="/home/travis/build/IcecaveStudios/archer/test/suite/Console/Command/TestCommandTest.php" tests="2" assertions="17" failures="0" errors="0" time="0.475087">
      <testcase name="testConfigure" class="Icecave\Archer\Console\Command\TestCommandTest" file="/home/travis/build/IcecaveStudios/archer/test/suite/Console/Command/TestCommandTest.php" line="145" assertions="3" time="0.201331"/>
      <testcase name="testExecute" class="Icecave\Archer\Console\Command\TestCommandTest" file="/home/travis/build/IcecaveStudios/archer/test/suite/Console/Command/TestCommandTest.php" line="165" assertions="14" time="0.273756"/>
    </testsuite>
    <testsuite name="Icecave\Archer\Console\Command\Travis\BuildCommandTest" file="/home/travis/build/IcecaveStudios/archer/test/suite/Console/Command/Travis/BuildCommandTest.php" tests="9" assertions="47" failures="0" errors="0" time="1.716518">
      <testcase name="testConstructor" class="Icecave\Archer\Console\Command\Travis\BuildCommandTest" file="/home/travis/build/IcecaveStudios/archer/test/suite/Console/Command/Travis/BuildCommandTest.php" line="46" assertions="2" time="0.111269"/>
      <testcase name="testConstructorDefaults" class="Icecave\Archer\Console\Command\Travis\BuildCommandTest" file="/home/travis/build/IcecaveStudios/archer/test/suite/Console/Command/Travis/BuildCommandTest.php" line="52" assertions="2" time="0.119894"/>
      <testcase name="testExecute" class="Icecave\Archer\Console\Command\Travis\BuildCommandTest" file="/home/travis/build/IcecaveStudios/archer/test/suite/Console/Command/Travis/BuildCommandTest.php" line="60" assertions="3" time="0.166556"/>
      <testcase name="testExecuteWithPublishVersionButWrongBranch" class="Icecave\Archer\Console\Command\Travis\BuildCommandTest" file="/home/travis/build/IcecaveStudios/archer/test/suite/Console/Command/Travis/BuildCommandTest.php" line="69" assertions="4" time="0.203177"/>
      <testcase name="testExecuteWithPublishVersionButNoToken" class="Icecave\Archer\Console\Command\Travis\BuildCommandTest" file="/home/travis/build/IcecaveStudios/archer/test/suite/Console/Command/Travis/BuildCommandTest.php" line="82" assertions="3" time="0.195646"/>
      <testcase name="testExecuteWithPublishVersionButIsPullRequest" class="Icecave\Archer\Console\Command\Travis\BuildCommandTest" file="/home/travis/build/IcecaveStudios/archer/test/suite/Console/Command/Travis/BuildCommandTest.php" line="93" assertions="3" time="0.188184"/>
      <testcase name="testExecuteWithPublish" class="Icecave\Archer\Console\Command\Travis\BuildCommandTest" file="/home/travis/build/IcecaveStudios/archer/test/suite/Console/Command/Travis/BuildCommandTest.php" line="104" assertions="10" time="0.243529"/>
      <testcase name="testExecuteWithPublishAndNoSource" class="Icecave\Archer\Console\Command\Travis\BuildCommandTest" file="/home/travis/build/IcecaveStudios/archer/test/suite/Console/Command/Travis/BuildCommandTest.php" line="133" assertions="10" time="0.238516"/>
      <testcase name="testExecuteWithPublishErrorCode" class="Icecave\Archer\Console\Command\Travis\BuildCommandTest" file="/home/travis/build/IcecaveStudios/archer/test/suite/Console/Command/Travis/BuildCommandTest.php" line="163" assertions="10" time="0.249747"/>
    </testsuite>
    <testsuite name="Icecave\Archer\Console\Command\UpdateCommandTest" file="/home/travis/build/IcecaveStudios/archer/test/suite/Console/Command/UpdateCommandTest.php" tests="18" assertions="143" failures="0" errors="0" time="5.372996">
      <testcase name="testConstructor" class="Icecave\Archer\Console\Command\UpdateCommandTest" file="/home/travis/build/IcecaveStudios/archer/test/suite/Console/Command/UpdateCommandTest.php" line="98" assertions="5" time="0.263983"/>
      <testcase name="testConstructorDefaults" class="Icecave\Archer\Console\Command\UpdateCommandTest" file="/home/travis/build/IcecaveStudios/archer/test/suite/Console/Command/UpdateCommandTest.php" line="107" assertions="5" time="0.224715"/>
      <testcase name="testExecute" class="Icecave\Archer\Console\Command\UpdateCommandTest" file="/home/travis/build/IcecaveStudios/archer/test/suite/Console/Command/UpdateCommandTest.php" line="133" assertions="10" time="0.297030"/>
      <testcase name="testExecuteWithNonGitHubRepository" class="Icecave\Archer\Console\Command\UpdateCommandTest" file="/home/travis/build/IcecaveStudios/archer/test/suite/Console/Command/UpdateCommandTest.php" line="154" assertions="3" time="0.233497"/>
      <testcase name="testExecuteWithoutArtifactSupport" class="Icecave\Archer\Console\Command\UpdateCommandTest" file="/home/travis/build/IcecaveStudios/archer/test/suite/Console/Command/UpdateCommandTest.php" line="174" assertions="4" time="0.276933"/>
      <testcase name="testExecuteWithAuthorizeExistingToken" class="Icecave\Archer\Console\Command\UpdateCommandTest" file="/home/travis/build/IcecaveStudios/archer/test/suite/Console/Command/UpdateCommandTest.php" line="193" assertions="18" time="0.417508"/>
      <testcase name="testExecuteWithAuthorizeNewToken" class="Icecave\Archer\Console\Command\UpdateCommandTest" file="/home/travis/build/IcecaveStudios/archer/test/suite/Console/Command/UpdateCommandTest.php" line="236" assertions="20" time="0.451622"/>
      <testcase name="testExecuteWithAuthorizeInteractiveCredentials" class="Icecave\Archer\Console\Command\UpdateCommandTest" file="/home/travis/build/IcecaveStudios/archer/test/suite/Console/Command/UpdateCommandTest.php" line="296" assertions="18" time="0.439263"/>
      <testcase name="testExecuteWithAuthorizeFailureMultipleAuthorizations" class="Icecave\Archer\Console\Command\UpdateCommandTest" file="/home/travis/build/IcecaveStudios/archer/test/suite/Console/Command/UpdateCommandTest.php" line="347" assertions="2" time="0.241696"/>
      <testcase name="testExecuteWithAuthorizeFailureIncorrectScope" class="Icecave\Archer\Console\Command\UpdateCommandTest" file="/home/travis/build/IcecaveStudios/archer/test/suite/Console/Command/UpdateCommandTest.php" line="366" assertions="2" time="0.241410"/>
      <testcase name="testExecuteWithAuthorizeFailureParseError" class="Icecave\Archer\Console\Command\UpdateCommandTest" file="/home/travis/build/IcecaveStudios/archer/test/suite/Console/Command/UpdateCommandTest.php" line="382" assertions="2" time="0.266115"/>
      <testcase name="testExecuteWithAuthorizeFailureWoodhouseError" class="Icecave\Archer\Console\Command\UpdateCommandTest" file="/home/travis/build/IcecaveStudios/archer/test/suite/Console/Command/UpdateCommandTest.php" line="398" assertions="2" time="0.236796"/>
      <testcase name="testExecuteWithSuppliedToken" class="Icecave\Archer\Console\Command\UpdateCommandTest" file="/home/travis/build/IcecaveStudios/archer/test/suite/Console/Command/UpdateCommandTest.php" line="414" assertions="16" time="0.374198"/>
      <testcase name="testExecuteWithSuppliedTokenAndExistingKey" class="Icecave\Archer\Console\Command\UpdateCommandTest" file="/home/travis/build/IcecaveStudios/archer/test/suite/Console/Command/UpdateCommandTest.php" line="439" assertions="13" time="0.335830"/>
      <testcase name="testExecuteWithUpdatePublicKey" class="Icecave\Archer\Console\Command\UpdateCommandTest" file="/home/travis/build/IcecaveStudios/archer/test/suite/Console/Command/UpdateCommandTest.php" line="465" assertions="13" time="0.351693"/>
      <testcase name="testExecuteFailureUnsyncedRepo" class="Icecave\Archer\Console\Command\UpdateCommandTest" file="/home/travis/build/IcecaveStudios/archer/test/suite/Console/Command/UpdateCommandTest.php" line="487" assertions="2" time="0.240180"/>
      <testcase name="testExecuteWithInvalidToken" class="Icecave\Archer\Console\Command\UpdateCommandTest" file="/home/travis/build/IcecaveStudios/archer/test/suite/Console/Command/UpdateCommandTest.php" line="502" assertions="4" time="0.239983"/>
      <testcase name="testExecuteWithUpdatePublicKeyAndNoToken" class="Icecave\Archer\Console\Command\UpdateCommandTest" file="/home/travis/build/IcecaveStudios/archer/test/suite/Console/Command/UpdateCommandTest.php" line="516" assertions="4" time="0.240544"/>
    </testsuite>
    <testsuite name="Icecave\Archer\Console\Helper\HiddenInputHelperTest" file="/home/travis/build/IcecaveStudios/archer/test/suite/Console/Helper/HiddenInputHelperTest.php" tests="7" assertions="32" failures="0" errors="0" time="0.443523">
      <testcase name="testConstructor" class="Icecave\Archer\Console\Helper\HiddenInputHelperTest" file="/home/travis/build/IcecaveStudios/archer/test/suite/Console/Helper/HiddenInputHelperTest.php" line="34" assertions="2" time="0.025290"/>
      <testcase name="testConstructorDefaults" class="Icecave\Archer\Console\Helper\HiddenInputHelperTest" file="/home/travis/build/IcecaveStudios/archer/test/suite/Console/Helper/HiddenInputHelperTest.php" line="40" assertions="2" time="0.025726"/>
      <testcase name="testAskHiddenResponseStty" class="Icecave\Archer\Console\Helper\HiddenInputHelperTest" file="/home/travis/build/IcecaveStudios/archer/test/suite/Console/Helper/HiddenInputHelperTest.php" line="53" assertions="9" time="0.099833"/>
      <testcase name="testAskHiddenResponseSttyFailureFgets" class="Icecave\Archer\Console\Helper\HiddenInputHelperTest" file="/home/travis/build/IcecaveStudios/archer/test/suite/Console/Helper/HiddenInputHelperTest.php" line="82" assertions="8" time="0.111545"/>
      <testcase name="testAskHiddenResponseSttyFailureExecute" class="Icecave\Archer\Console\Helper\HiddenInputHelperTest" file="/home/travis/build/IcecaveStudios/archer/test/suite/Console/Helper/HiddenInputHelperTest.php" line="116" assertions="2" time="0.044147"/>
      <testcase name="testAskHiddenResponseWindows" class="Icecave\Archer\Console\Helper\HiddenInputHelperTest" file="/home/travis/build/IcecaveStudios/archer/test/suite/Console/Helper/HiddenInputHelperTest.php" line="134" assertions="7" time="0.082537"/>
      <testcase name="testAskHiddenResponseWindowsFailureExecute" class="Icecave\Archer\Console\Helper\HiddenInputHelperTest" file="/home/travis/build/IcecaveStudios/archer/test/suite/Console/Helper/HiddenInputHelperTest.php" line="156" assertions="2" time="0.054445"/>
    </testsuite>
    <testsuite name="Icecave\Archer\Coveralls\CoverallsClientTest" file="/home/travis/build/IcecaveStudios/archer/test/suite/Coveralls/CoverallsClientTest.php" tests="3" assertions="6" failures="0" errors="0" time="0.077661">
      <testcase name="testExists" class="Icecave\Archer\Coveralls\CoverallsClientTest" file="/home/travis/build/IcecaveStudios/archer/test/suite/Coveralls/CoverallsClientTest.php" line="17" assertions="2" time="0.021582"/>
      <testcase name="testExistsFailureHttpError" class="Icecave\Archer\Coveralls\CoverallsClientTest" file="/home/travis/build/IcecaveStudios/archer/test/suite/Coveralls/CoverallsClientTest.php" line="28" assertions="2" time="0.034454"/>
      <testcase name="testExistsFailureJsonError" class="Icecave\Archer\Coveralls\CoverallsClientTest" file="/home/travis/build/IcecaveStudios/archer/test/suite/Coveralls/CoverallsClientTest.php" line="39" assertions="2" time="0.021625"/>
    </testsuite>
    <testsuite name="Icecave\Archer\Documentation\DocumentationGeneratorTest" file="/home/travis/build/IcecaveStudios/archer/test/suite/Documentation/DocumentationGeneratorTest.php" tests="17" assertions="36" failures="0" errors="0" time="2.220873">
      <testcase name="testConstructor" class="Icecave\Archer\Documentation\DocumentationGeneratorTest" file="/home/travis/build/IcecaveStudios/archer/test/suite/Documentation/DocumentationGeneratorTest.php" line="54" assertions="2" time="0.147888"/>
      <testcase name="testConstructorDefaults" class="Icecave\Archer\Documentation\DocumentationGeneratorTest" file="/home/travis/build/IcecaveStudios/archer/test/suite/Documentation/DocumentationGeneratorTest.php" line="63" assertions="2" time="0.082039"/>
      <testcase name="testGenerate" class="Icecave\Archer\Documentation\DocumentationGeneratorTest" file="/home/travis/build/IcecaveStudios/archer/test/suite/Documentation/DocumentationGeneratorTest.php" line="77" assertions="5" time="0.219504"/>
      <testcase name="testGenerateDefaultPath" class="Icecave\Archer\Documentation\DocumentationGeneratorTest" file="/home/travis/build/IcecaveStudios/archer/test/suite/Documentation/DocumentationGeneratorTest.php" line="111" assertions="5" time="0.219632"/>
      <testcase name="testGenerateBuildDirNonExistant" class="Icecave\Archer\Documentation\DocumentationGeneratorTest" file="/home/travis/build/IcecaveStudios/archer/test/suite/Documentation/DocumentationGeneratorTest.php" line="145" assertions="5" time="0.212600"/>
      <testcase name="testSourcePath" class="Icecave\Archer\Documentation\DocumentationGeneratorTest" file="/home/travis/build/IcecaveStudios/archer/test/suite/Documentation/DocumentationGeneratorTest.php" line="179" assertions="1" time="0.095720"/>
      <testcase name="testProjectNameWithSingleNamespace" class="Icecave\Archer\Documentation\DocumentationGeneratorTest" file="/home/travis/build/IcecaveStudios/archer/test/suite/Documentation/DocumentationGeneratorTest.php" line="187" assertions="1" time="0.094501"/>
      <testcase name="testProjectNameFallback" class="Icecave\Archer\Documentation\DocumentationGeneratorTest" file="/home/travis/build/IcecaveStudios/archer/test/suite/Documentation/DocumentationGeneratorTest.php" line="200" assertions="1" time="0.094976"/>
      <testcase name="testOpenedLevelWithSingleNamespace" class="Icecave\Archer\Documentation\DocumentationGeneratorTest" file="/home/travis/build/IcecaveStudios/archer/test/suite/Documentation/DocumentationGeneratorTest.php" line="213" assertions="1" time="0.094330"/>
      <testcase name="testOpenedLevelFallback" class="Icecave\Archer\Documentation\DocumentationGeneratorTest" file="/home/travis/build/IcecaveStudios/archer/test/suite/Documentation/DocumentationGeneratorTest.php" line="226" assertions="1" time="0.094296"/>
      <testcase name="testOpenedLevelFallbackNoEntries" class="Icecave\Archer\Documentation\DocumentationGeneratorTest" file="/home/travis/build/IcecaveStudios/archer/test/suite/Documentation/DocumentationGeneratorTest.php" line="239" assertions="1" time="0.095480"/>
      <testcase name="testOpenedLevelFallbackNamespaceTooShort" class="Icecave\Archer\Documentation\DocumentationGeneratorTest" file="/home/travis/build/IcecaveStudios/archer/test/suite/Documentation/DocumentationGeneratorTest.php" line="252" assertions="1" time="0.094598"/>
      <testcase name="testProjectNameFailureUndefined" class="Icecave\Archer\Documentation\DocumentationGeneratorTest" file="/home/travis/build/IcecaveStudios/archer/test/suite/Documentation/DocumentationGeneratorTest.php" line="265" assertions="1" time="0.094982"/>
      <testcase name="testCreateFinder" class="Icecave\Archer\Documentation\DocumentationGeneratorTest" file="/home/travis/build/IcecaveStudios/archer/test/suite/Documentation/DocumentationGeneratorTest.php" line="273" assertions="1" time="0.168766"/>
      <testcase name="testCreateSami" class="Icecave\Archer\Documentation\DocumentationGeneratorTest" file="/home/travis/build/IcecaveStudios/archer/test/suite/Documentation/DocumentationGeneratorTest.php" line="281" assertions="1" time="0.174527"/>
      <testcase name="testPopErrorHandlers" class="Icecave\Archer\Documentation\DocumentationGeneratorTest" file="/home/travis/build/IcecaveStudios/archer/test/suite/Documentation/DocumentationGeneratorTest.php" line="290" assertions="4" time="0.133511"/>
      <testcase name="testPushErrorHandlers" class="Icecave\Archer\Documentation\DocumentationGeneratorTest" file="/home/travis/build/IcecaveStudios/archer/test/suite/Documentation/DocumentationGeneratorTest.php" line="323" assertions="3" time="0.103523"/>
    </testsuite>
    <testsuite name="Icecave\Archer\FileSystem\Exception\ReadExceptionTest" file="/home/travis/build/IcecaveStudios/archer/test/suite/FileSystem/Exception/ReadExceptionTest.php" tests="1" assertions="4" failures="0" errors="0" time="0.007963">
      <testcase name="testException" class="Icecave\Archer\FileSystem\Exception\ReadExceptionTest" file="/home/travis/build/IcecaveStudios/archer/test/suite/FileSystem/Exception/ReadExceptionTest.php" line="9" assertions="4" time="0.007963"/>
    </testsuite>
    <testsuite name="Icecave\Archer\FileSystem\Exception\WriteExceptionTest" file="/home/travis/build/IcecaveStudios/archer/test/suite/FileSystem/Exception/WriteExceptionTest.php" tests="1" assertions="4" failures="0" errors="0" time="0.008957">
      <testcase name="testException" class="Icecave\Archer\FileSystem\Exception\WriteExceptionTest" file="/home/travis/build/IcecaveStudios/archer/test/suite/FileSystem/Exception/WriteExceptionTest.php" line="9" assertions="4" time="0.008957"/>
    </testsuite>
    <testsuite name="Icecave\Archer\FileSystem\FileSystemTest" file="/home/travis/build/IcecaveStudios/archer/test/suite/FileSystem/FileSystemTest.php" tests="30" assertions="79" failures="0" errors="0" time="1.209455">
      <testcase name="testExists" class="Icecave\Archer\FileSystem\FileSystemTest" file="/home/travis/build/IcecaveStudios/archer/test/suite/FileSystem/FileSystemTest.php" line="17" assertions="5" time="0.034679"/>
      <testcase name="testExistsFailure" class="Icecave\Archer\FileSystem\FileSystemTest" file="/home/travis/build/IcecaveStudios/archer/test/suite/FileSystem/FileSystemTest.php" line="33" assertions="1" time="0.030972"/>
      <testcase name="testFileExists" class="Icecave\Archer\FileSystem\FileSystemTest" file="/home/travis/build/IcecaveStudios/archer/test/suite/FileSystem/FileSystemTest.php" line="46" assertions="5" time="0.034571"/>
      <testcase name="testFileExistsFailure" class="Icecave\Archer\FileSystem\FileSystemTest" file="/home/travis/build/IcecaveStudios/archer/test/suite/FileSystem/FileSystemTest.php" line="62" assertions="1" time="0.030672"/>
      <testcase name="testDirectoryExists" class="Icecave\Archer\FileSystem\FileSystemTest" file="/home/travis/build/IcecaveStudios/archer/test/suite/FileSystem/FileSystemTest.php" line="75" assertions="5" time="0.034672"/>
      <testcase name="testDirectoryExistsFailure" class="Icecave\Archer\FileSystem\FileSystemTest" file="/home/travis/build/IcecaveStudios/archer/test/suite/FileSystem/FileSystemTest.php" line="91" assertions="1" time="0.031537"/>
      <testcase name="testRead" class="Icecave\Archer\FileSystem\FileSystemTest" file="/home/travis/build/IcecaveStudios/archer/test/suite/FileSystem/FileSystemTest.php" line="104" assertions="2" time="0.022382"/>
      <testcase name="testReadFailure" class="Icecave\Archer\FileSystem\FileSystemTest" file="/home/travis/build/IcecaveStudios/archer/test/suite/FileSystem/FileSystemTest.php" line="115" assertions="1" time="0.030691"/>
      <testcase name="testListPaths" class="Icecave\Archer\FileSystem\FileSystemTest" file="/home/travis/build/IcecaveStudios/archer/test/suite/FileSystem/FileSystemTest.php" line="128" assertions="2" time="0.022248"/>
      <testcase name="testListPathsFailure" class="Icecave\Archer\FileSystem\FileSystemTest" file="/home/travis/build/IcecaveStudios/archer/test/suite/FileSystem/FileSystemTest.php" line="139" assertions="1" time="0.030743"/>
      <testcase name="testWrite" class="Icecave\Archer\FileSystem\FileSystemTest" file="/home/travis/build/IcecaveStudios/archer/test/suite/FileSystem/FileSystemTest.php" line="152" assertions="5" time="0.049503"/>
      <testcase name="testWriteCreateParentDirectory" class="Icecave\Archer\FileSystem\FileSystemTest" file="/home/travis/build/IcecaveStudios/archer/test/suite/FileSystem/FileSystemTest.php" line="172" assertions="5" time="0.057942"/>
      <testcase name="testWriteFailure" class="Icecave\Archer\FileSystem\FileSystemTest" file="/home/travis/build/IcecaveStudios/archer/test/suite/FileSystem/FileSystemTest.php" line="192" assertions="1" time="0.044949"/>
      <testcase name="testWriteFailureDirname" class="Icecave\Archer\FileSystem\FileSystemTest" file="/home/travis/build/IcecaveStudios/archer/test/suite/FileSystem/FileSystemTest.php" line="213" assertions="1" time="0.030834"/>
      <testcase name="testCopy" class="Icecave\Archer\FileSystem\FileSystemTest" file="/home/travis/build/IcecaveStudios/archer/test/suite/FileSystem/FileSystemTest.php" line="226" assertions="5" time="0.084916"/>
      <testcase name="testCopyCreateParentDirectory" class="Icecave\Archer\FileSystem\FileSystemTest" file="/home/travis/build/IcecaveStudios/archer/test/suite/FileSystem/FileSystemTest.php" line="246" assertions="5" time="0.058663"/>
      <testcase name="testCopyFailure" class="Icecave\Archer\FileSystem\FileSystemTest" file="/home/travis/build/IcecaveStudios/archer/test/suite/FileSystem/FileSystemTest.php" line="266" assertions="1" time="0.045015"/>
      <testcase name="testCopyFailureDirname" class="Icecave\Archer\FileSystem\FileSystemTest" file="/home/travis/build/IcecaveStudios/archer/test/suite/FileSystem/FileSystemTest.php" line="287" assertions="1" time="0.030898"/>
      <testcase name="testMove" class="Icecave\Archer\FileSystem\FileSystemTest" file="/home/travis/build/IcecaveStudios/archer/test/suite/FileSystem/FileSystemTest.php" line="300" assertions="5" time="0.049459"/>
      <testcase name="testMoveCreateParentDirectory" class="Icecave\Archer\FileSystem\FileSystemTest" file="/home/travis/build/IcecaveStudios/archer/test/suite/FileSystem/FileSystemTest.php" line="320" assertions="5" time="0.057978"/>
      <testcase name="testMoveFailure" class="Icecave\Archer\FileSystem\FileSystemTest" file="/home/travis/build/IcecaveStudios/archer/test/suite/FileSystem/FileSystemTest.php" line="340" assertions="1" time="0.044990"/>
      <testcase name="testMoveFailureDirname" class="Icecave\Archer\FileSystem\FileSystemTest" file="/home/travis/build/IcecaveStudios/archer/test/suite/FileSystem/FileSystemTest.php" line="361" assertions="1" time="0.030923"/>
      <testcase name="testCreateDirectory" class="Icecave\Archer\FileSystem\FileSystemTest" file="/home/travis/build/IcecaveStudios/archer/test/suite/FileSystem/FileSystemTest.php" line="374" assertions="1" time="0.023563"/>
      <testcase name="testCreateDirectoryFailure" class="Icecave\Archer\FileSystem\FileSystemTest" file="/home/travis/build/IcecaveStudios/archer/test/suite/FileSystem/FileSystemTest.php" line="381" assertions="1" time="0.031188"/>
      <testcase name="testChmod" class="Icecave\Archer\FileSystem\FileSystemTest" file="/home/travis/build/IcecaveStudios/archer/test/suite/FileSystem/FileSystemTest.php" line="394" assertions="1" time="0.021639"/>
      <testcase name="testChmodFailure" class="Icecave\Archer\FileSystem\FileSystemTest" file="/home/travis/build/IcecaveStudios/archer/test/suite/FileSystem/FileSystemTest.php" line="401" assertions="1" time="0.030977"/>
      <testcase name="testDeleteFile" class="Icecave\Archer\FileSystem\FileSystemTest" file="/home/travis/build/IcecaveStudios/archer/test/suite/FileSystem/FileSystemTest.php" line="414" assertions="4" time="0.036473"/>
      <testcase name="testDeleteFileFailure" class="Icecave\Archer\FileSystem\FileSystemTest" file="/home/travis/build/IcecaveStudios/archer/test/suite/FileSystem/FileSystemTest.php" line="429" assertions="1" time="0.037725"/>
      <testcase name="testDeleteDirectory" class="Icecave\Archer\FileSystem\FileSystemTest" file="/home/travis/build/IcecaveStudios/archer/test/suite/FileSystem/FileSystemTest.php" line="446" assertions="9" time="0.093725"/>
      <testcase name="testDeleteDirectoryFailure" class="Icecave\Archer\FileSystem\FileSystemTest" file="/home/travis/build/IcecaveStudios/archer/test/suite/FileSystem/FileSystemTest.php" line="471" assertions="1" time="0.044928"/>
    </testsuite>
    <testsuite name="Icecave\Archer\Git\GitConfigReaderFactoryTest" file="/home/travis/build/IcecaveStudios/archer/test/suite/Git/GitConfigReaderFactoryTest.php" tests="1" assertions="1" failures="0" errors="0" time="0.011576">
      <testcase name="testCreate" class="Icecave\Archer\Git\GitConfigReaderFactoryTest" file="/home/travis/build/IcecaveStudios/archer/test/suite/Git/GitConfigReaderFactoryTest.php" line="15" assertions="1" time="0.011576"/>
    </testsuite>
    <testsuite name="Icecave\Archer\Git\GitConfigReaderTest" file="/home/travis/build/IcecaveStudios/archer/test/suite/Git/GitConfigReaderTest.php" tests="10" assertions="17" failures="0" errors="0" time="0.492555">
      <testcase name="testConstructor" class="Icecave\Archer\Git\GitConfigReaderTest" file="/home/travis/build/IcecaveStudios/archer/test/suite/Git/GitConfigReaderTest.php" line="58" assertions="2" time="0.032437"/>
      <testcase name="testConstructorDefaults" class="Icecave\Archer\Git\GitConfigReaderTest" file="/home/travis/build/IcecaveStudios/archer/test/suite/Git/GitConfigReaderTest.php" line="64" assertions="1" time="0.032252"/>
      <testcase name="testIsGitHubRepository" class="Icecave\Archer\Git\GitConfigReaderTest" file="/home/travis/build/IcecaveStudios/archer/test/suite/Git/GitConfigReaderTest.php" line="76" assertions="1" time="0.051447"/>
      <testcase name="testIsGitHubRepositoryNonGitHubURL" class="Icecave\Archer\Git\GitConfigReaderTest" file="/home/travis/build/IcecaveStudios/archer/test/suite/Git/GitConfigReaderTest.php" line="81" assertions="1" time="0.053893"/>
      <testcase name="testGet" class="Icecave\Archer\Git\GitConfigReaderTest" file="/home/travis/build/IcecaveStudios/archer/test/suite/Git/GitConfigReaderTest.php" line="95" assertions="4" time="0.052880"/>
      <testcase name="testRepositoryOwner" class="Icecave\Archer\Git\GitConfigReaderTest" file="/home/travis/build/IcecaveStudios/archer/test/suite/Git/GitConfigReaderTest.php" line="103" assertions="1" time="0.051556"/>
      <testcase name="testRepositoryOwnerFailure" class="Icecave\Archer\Git\GitConfigReaderTest" file="/home/travis/build/IcecaveStudios/archer/test/suite/Git/GitConfigReaderTest.php" line="108" assertions="2" time="0.054113"/>
      <testcase name="testRepositoryName" class="Icecave\Archer\Git\GitConfigReaderTest" file="/home/travis/build/IcecaveStudios/archer/test/suite/Git/GitConfigReaderTest.php" line="126" assertions="1" time="0.051662"/>
      <testcase name="testRepositoryNameFailure" class="Icecave\Archer\Git\GitConfigReaderTest" file="/home/travis/build/IcecaveStudios/archer/test/suite/Git/GitConfigReaderTest.php" line="131" assertions="2" time="0.054201"/>
      <testcase name="testParseFailure" class="Icecave\Archer\Git\GitConfigReaderTest" file="/home/travis/build/IcecaveStudios/archer/test/suite/Git/GitConfigReaderTest.php" line="149" assertions="2" time="0.058114"/>
    </testsuite>
    <testsuite name="Icecave\Archer\Git\GitDotFilesManagerTest" file="/home/travis/build/IcecaveStudios/archer/test/suite/Git/GitDotFilesManagerTest.php" tests="7" assertions="33" failures="0" errors="0" time="0.451181">
      <testcase name="testConstructor" class="Icecave\Archer\Git\GitDotFilesManagerTest" file="/home/travis/build/IcecaveStudios/archer/test/suite/Git/GitDotFilesManagerTest.php" line="32" assertions="1" time="0.023878"/>
      <testcase name="testConstructorDefaults" class="Icecave\Archer\Git\GitDotFilesManagerTest" file="/home/travis/build/IcecaveStudios/archer/test/suite/Git/GitDotFilesManagerTest.php" line="37" assertions="1" time="0.024641"/>
      <testcase name="testUpdateDotFiles" class="Icecave\Archer\Git\GitDotFilesManagerTest" file="/home/travis/build/IcecaveStudios/archer/test/suite/Git/GitDotFilesManagerTest.php" line="47" assertions="8" time="0.084533"/>
      <testcase name="testUpdateDotFilesAppend" class="Icecave\Archer\Git\GitDotFilesManagerTest" file="/home/travis/build/IcecaveStudios/archer/test/suite/Git/GitDotFilesManagerTest.php" line="76" assertions="6" time="0.079890"/>
      <testcase name="testUpdateDotFilesReplace" class="Icecave\Archer\Git\GitDotFilesManagerTest" file="/home/travis/build/IcecaveStudios/archer/test/suite/Git/GitDotFilesManagerTest.php" line="109" assertions="6" time="0.080951"/>
      <testcase name="testUpdateDotFilesNoChange" class="Icecave\Archer\Git\GitDotFilesManagerTest" file="/home/travis/build/IcecaveStudios/archer/test/suite/Git/GitDotFilesManagerTest.php" line="149" assertions="5" time="0.077096"/>
      <testcase name="testUpdateDotFilesMissingTags" class="Icecave\Archer\Git\GitDotFilesManagerTest" file="/home/travis/build/IcecaveStudios/archer/test/suite/Git/GitDotFilesManagerTest.php" line="182" assertions="6" time="0.080192"/>
    </testsuite>
    <testsuite name="Icecave\Archer\GitHub\GitHubClientTest" file="/home/travis/build/IcecaveStudios/archer/test/suite/GitHub/GitHubClientTest.php" tests="10" assertions="26" failures="0" errors="0" time="0.409720">
      <testcase name="testValidateToken" class="Icecave\Archer\GitHub\GitHubClientTest" file="/home/travis/build/IcecaveStudios/archer/test/suite/GitHub/GitHubClientTest.php" line="18" assertions="5" time="0.020779"/>
      <testcase name="testDefaultBranch" class="Icecave\Archer\GitHub\GitHubClientTest" file="/home/travis/build/IcecaveStudios/archer/test/suite/GitHub/GitHubClientTest.php" line="35" assertions="2" time="0.040953"/>
      <testcase name="testDefaultBranchUsingMasterBranch" class="Icecave\Archer\GitHub\GitHubClientTest" file="/home/travis/build/IcecaveStudios/archer/test/suite/GitHub/GitHubClientTest.php" line="50" assertions="2" time="0.041435"/>
      <testcase name="testDefaultBranchFallback" class="Icecave\Archer\GitHub\GitHubClientTest" file="/home/travis/build/IcecaveStudios/archer/test/suite/GitHub/GitHubClientTest.php" line="64" assertions="2" time="0.040934"/>
      <testcase name="testSetAuthToken" class="Icecave\Archer\GitHub\GitHubClientTest" file="/home/travis/build/IcecaveStudios/archer/test/suite/GitHub/GitHubClientTest.php" line="75" assertions="2" time="0.035255"/>
      <testcase name="testSetAuthTokenFailure" class="Icecave\Archer\GitHub\GitHubClientTest" file="/home/travis/build/IcecaveStudios/archer/test/suite/GitHub/GitHubClientTest.php" line="86" assertions="3" time="0.032672"/>
      <testcase name="testSetUserAgent" class="Icecave\Archer\GitHub\GitHubClientTest" file="/home/travis/build/IcecaveStudios/archer/test/suite/GitHub/GitHubClientTest.php" line="94" assertions="2" time="0.035141"/>
      <testcase name="testApiGet" class="Icecave\Archer\GitHub\GitHubClientTest" file="/home/travis/build/IcecaveStudios/archer/test/suite/GitHub/GitHubClientTest.php" line="103" assertions="2" time="0.042970"/>
      <testcase name="testApiGetWithUserAgent" class="Icecave\Archer\GitHub\GitHubClientTest" file="/home/travis/build/IcecaveStudios/archer/test/suite/GitHub/GitHubClientTest.php" line="119" assertions="3" time="0.059933"/>
      <testcase name="testApiGetWithAuthToken" class="Icecave\Archer\GitHub\GitHubClientTest" file="/home/travis/build/IcecaveStudios/archer/test/suite/GitHub/GitHubClientTest.php" line="148" assertions="3" time="0.059648"/>
    </testsuite>
    <testsuite name="Icecave\Archer\Process\PHPUnitExecutableFinderTest" file="/home/travis/build/IcecaveStudios/archer/test/suite/Process/PHPUnitExecutableFinderTest.php" tests="6" assertions="15" failures="0" errors="0" time="0.287155">
      <testcase name="testConstructor" class="Icecave\Archer\Process\PHPUnitExecutableFinderTest" file="/home/travis/build/IcecaveStudios/archer/test/suite/Process/PHPUnitExecutableFinderTest.php" line="30" assertions="2" time="0.034726"/>
      <testcase name="testConstructorDefaults" class="Icecave\Archer\Process\PHPUnitExecutableFinderTest" file="/home/travis/build/IcecaveStudios/archer/test/suite/Process/PHPUnitExecutableFinderTest.php" line="36" assertions="2" time="0.029459"/>
      <testcase name="testFindGeneric" class="Icecave\Archer\Process\PHPUnitExecutableFinderTest" file="/home/travis/build/IcecaveStudios/archer/test/suite/Process/PHPUnitExecutableFinderTest.php" line="50" assertions="2" time="0.041550"/>
      <testcase name="testFindGenericFailure" class="Icecave\Archer\Process\PHPUnitExecutableFinderTest" file="/home/travis/build/IcecaveStudios/archer/test/suite/Process/PHPUnitExecutableFinderTest.php" line="65" assertions="2" time="0.038015"/>
      <testcase name="testFindTravis" class="Icecave\Archer\Process\PHPUnitExecutableFinderTest" file="/home/travis/build/IcecaveStudios/archer/test/suite/Process/PHPUnitExecutableFinderTest.php" line="84" assertions="5" time="0.076454"/>
      <testcase name="testFindTravisFailure" class="Icecave\Archer\Process\PHPUnitExecutableFinderTest" file="/home/travis/build/IcecaveStudios/archer/test/suite/Process/PHPUnitExecutableFinderTest.php" line="112" assertions="2" time="0.066951"/>
    </testsuite>
    <testsuite name="Icecave\Archer\Process\ProcessFactoryTest" file="/home/travis/build/IcecaveStudios/archer/test/suite/Process/ProcessFactoryTest.php" tests="1" assertions="2" failures="0" errors="0" time="0.072439">
      <testcase name="testFactory" class="Icecave\Archer\Process\ProcessFactoryTest" file="/home/travis/build/IcecaveStudios/archer/test/suite/Process/ProcessFactoryTest.php" line="16" assertions="2" time="0.072439"/>
    </testsuite>
    <testsuite name="Icecave\Archer\Support\AsplodeTest" file="/home/travis/build/IcecaveStudios/archer/test/suite/Support/AsplodeTest.php" tests="8" assertions="14" failures="0" errors="0" time="0.168955">
      <testcase name="testInstance" class="Icecave\Archer\Support\AsplodeTest" file="/home/travis/build/IcecaveStudios/archer/test/suite/Support/AsplodeTest.php" line="20" assertions="1" time="0.015663"/>
      <testcase name="testInstall" class="Icecave\Archer\Support\AsplodeTest" file="/home/travis/build/IcecaveStudios/archer/test/suite/Support/AsplodeTest.php" line="25" assertions="1" time="0.027133"/>
      <testcase name="testInstallFailureAlreadyInstalled" class="Icecave\Archer\Support\AsplodeTest" file="/home/travis/build/IcecaveStudios/archer/test/suite/Support/AsplodeTest.php" line="32" assertions="2" time="0.023135"/>
      <testcase name="testInstallFailureMisconfigured" class="Icecave\Archer\Support\AsplodeTest" file="/home/travis/build/IcecaveStudios/archer/test/suite/Support/AsplodeTest.php" line="40" assertions="2" time="0.020071"/>
      <testcase name="testUninstall" class="Icecave\Archer\Support\AsplodeTest" file="/home/travis/build/IcecaveStudios/archer/test/suite/Support/AsplodeTest.php" line="48" assertions="1" time="0.029263"/>
      <testcase name="testUninstallFailure" class="Icecave\Archer\Support\AsplodeTest" file="/home/travis/build/IcecaveStudios/archer/test/suite/Support/AsplodeTest.php" line="56" assertions="2" time="0.015342"/>
      <testcase name="testHandleError" class="Icecave\Archer\Support\AsplodeTest" file="/home/travis/build/IcecaveStudios/archer/test/suite/Support/AsplodeTest.php" line="62" assertions="4" time="0.018848"/>
      <testcase name="testHandleErrorIgnored" class="Icecave\Archer\Support\AsplodeTest" file="/home/travis/build/IcecaveStudios/archer/test/suite/Support/AsplodeTest.php" line="75" assertions="1" time="0.019500"/>
    </testsuite>
    <testsuite name="Icecave\Archer\Support\IsolatorTest" file="/home/travis/build/IcecaveStudios/archer/test/suite/Support/IsolatorTest.php" tests="9" assertions="15" failures="0" errors="0" time="0.068809">
      <testcase name="testGet" class="Icecave\Archer\Support\IsolatorTest" file="/home/travis/build/IcecaveStudios/archer/test/suite/Support/IsolatorTest.php" line="13" assertions="3" time="0.007573"/>
      <testcase name="testClassName" class="Icecave\Archer\Support\IsolatorTest" file="/home/travis/build/IcecaveStudios/archer/test/suite/Support/IsolatorTest.php" line="24" assertions="1" time="0.007287"/>
      <testcase name="testCall" class="Icecave\Archer\Support\IsolatorTest" file="/home/travis/build/IcecaveStudios/archer/test/suite/Support/IsolatorTest.php" line="31" assertions="1" time="0.007145"/>
      <testcase name="testEcho" class="Icecave\Archer\Support\IsolatorTest" file="/home/travis/build/IcecaveStudios/archer/test/suite/Support/IsolatorTest.php" line="37" assertions="1" time="0.007356"/>
      <testcase name="testEval" class="Icecave\Archer\Support\IsolatorTest" file="/home/travis/build/IcecaveStudios/archer/test/suite/Support/IsolatorTest.php" line="44" assertions="1" time="0.007305"/>
      <testcase name="testInclude" class="Icecave\Archer\Support\IsolatorTest" file="/home/travis/build/IcecaveStudios/archer/test/suite/Support/IsolatorTest.php" line="50" assertions="2" time="0.008090"/>
      <testcase name="testIncludeOnce" class="Icecave\Archer\Support\IsolatorTest" file="/home/travis/build/IcecaveStudios/archer/test/suite/Support/IsolatorTest.php" line="59" assertions="2" time="0.008008"/>
      <testcase name="testRequire" class="Icecave\Archer\Support\IsolatorTest" file="/home/travis/build/IcecaveStudios/archer/test/suite/Support/IsolatorTest.php" line="68" assertions="2" time="0.008054"/>
      <testcase name="testRequireOnce" class="Icecave\Archer\Support\IsolatorTest" file="/home/travis/build/IcecaveStudios/archer/test/suite/Support/IsolatorTest.php" line="77" assertions="2" time="0.007991"/>
    </testsuite>
    <testsuite name="Icecave\Archer\Support\Liftoff\Exception\LaunchExceptionTest" file="/home/travis/build/IcecaveStudios/archer/test/suite/Support/Liftoff/Exception/LaunchExceptionTest.php" tests="1" assertions="4" failures="0" errors="0" time="0.009037">
      <testcase name="testException" class="Icecave\Archer\Support\Liftoff\Exception\LaunchExceptionTest" file="/home/travis/build/IcecaveStudios/archer/test/suite/Support/Liftoff/Exception/LaunchExceptionTest.php" line="19" assertions="4" time="0.009037"/>
    </testsuite>
    <testsuite name="Icecave\Archer\Support\Liftoff\LauncherTest" file="/home/travis/build/IcecaveStudios/archer/test/suite/Support/Liftoff/LauncherTest.php" tests="7" assertions="38" failures="0" errors="0" time="0.522848">
      <testsuite name="Icecave\Archer\Support\Liftoff\LauncherTest::testLaunch" tests="6" assertions="36" failures="0" errors="0" time="0.498287">
        <testcase name="testLaunch with data set &quot;OSX&quot;" assertions="6" time="0.083421"/>
        <testcase name="testLaunch with data set &quot;OSX with arguments&quot;" assertions="6" time="0.083787"/>
        <testcase name="testLaunch with data set &quot;Windows&quot;" assertions="6" time="0.083464"/>
        <testcase name="testLaunch with data set &quot;Windows with arguments&quot;" assertions="6" time="0.082238"/>
        <testcase name="testLaunch with data set &quot;Unix&quot;" assertions="6" time="0.083086"/>
        <testcase name="testLaunch with data set &quot;Unix with arguments&quot;" assertions="6" time="0.082291"/>
      </testsuite>
      <testcase name="testLaunchFailure" class="Icecave\Archer\Support\Liftoff\LauncherTest" file="/home/travis/build/IcecaveStudios/archer/test/suite/Support/Liftoff/LauncherTest.php" line="70" assertions="2" time="0.024561"/>
    </testsuite>
    <testsuite name="Icecave\Archer\Travis\TravisClientTest" file="/home/travis/build/IcecaveStudios/archer/test/suite/Travis/TravisClientTest.php" tests="6" assertions="10" failures="0" errors="0" time="0.138997">
      <testcase name="testConstructor" class="Icecave\Archer\Travis\TravisClientTest" file="/home/travis/build/IcecaveStudios/archer/test/suite/Travis/TravisClientTest.php" line="21" assertions="1" time="0.012676"/>
      <testcase name="testConstructorDefaults" class="Icecave\Archer\Travis\TravisClientTest" file="/home/travis/build/IcecaveStudios/archer/test/suite/Travis/TravisClientTest.php" line="26" assertions="1" time="0.012855"/>
      <testcase name="testPublicKey" class="Icecave\Archer\Travis\TravisClientTest" file="/home/travis/build/IcecaveStudios/archer/test/suite/Travis/TravisClientTest.php" line="36" assertions="2" time="0.025143"/>
      <testcase name="testEncryptEnvironment" class="Icecave\Archer\Travis\TravisClientTest" file="/home/travis/build/IcecaveStudios/archer/test/suite/Travis/TravisClientTest.php" line="49" assertions="2" time="0.033540"/>
      <testcase name="testEncrypt" class="Icecave\Archer\Travis\TravisClientTest" file="/home/travis/build/IcecaveStudios/archer/test/suite/Travis/TravisClientTest.php" line="70" assertions="2" time="0.032987"/>
      <testcase name="testEncryptFailure" class="Icecave\Archer\Travis\TravisClientTest" file="/home/travis/build/IcecaveStudios/archer/test/suite/Travis/TravisClientTest.php" line="91" assertions="2" time="0.021796"/>
    </testsuite>
    <testsuite name="Icecave\Archer\Travis\TravisConfigManagerTest" file="/home/travis/build/IcecaveStudios/archer/test/suite/Travis/TravisConfigManagerTest.php" tests="21" assertions="76" failures="0" errors="0" time="1.685306">
      <testcase name="testConstructor" class="Icecave\Archer\Travis\TravisConfigManagerTest" file="/home/travis/build/IcecaveStudios/archer/test/suite/Travis/TravisConfigManagerTest.php" line="37" assertions="3" time="0.040339"/>
      <testcase name="testConstructorDefaults" class="Icecave\Archer\Travis\TravisConfigManagerTest" file="/home/travis/build/IcecaveStudios/archer/test/suite/Travis/TravisConfigManagerTest.php" line="44" assertions="3" time="0.048022"/>
      <testcase name="testPublicKeyCache" class="Icecave\Archer\Travis\TravisConfigManagerTest" file="/home/travis/build/IcecaveStudios/archer/test/suite/Travis/TravisConfigManagerTest.php" line="53" assertions="2" time="0.052986"/>
      <testcase name="testPublicKeyCacheExists" class="Icecave\Archer\Travis\TravisConfigManagerTest" file="/home/travis/build/IcecaveStudios/archer/test/suite/Travis/TravisConfigManagerTest.php" line="62" assertions="4" time="0.066544"/>
      <testcase name="testSetPublicKeyCache" class="Icecave\Archer\Travis\TravisConfigManagerTest" file="/home/travis/build/IcecaveStudios/archer/test/suite/Travis/TravisConfigManagerTest.php" line="74" assertions="4" time="0.064606"/>
      <testcase name="testSetPublicKeyCacheSame" class="Icecave\Archer\Travis\TravisConfigManagerTest" file="/home/travis/build/IcecaveStudios/archer/test/suite/Travis/TravisConfigManagerTest.php" line="85" assertions="5" time="0.074646"/>
      <testcase name="testSetPublicKeyCacheDelete" class="Icecave\Archer\Travis\TravisConfigManagerTest" file="/home/travis/build/IcecaveStudios/archer/test/suite/Travis/TravisConfigManagerTest.php" line="99" assertions="5" time="0.076094"/>
      <testcase name="testSecureEnvironmentCache" class="Icecave\Archer\Travis\TravisConfigManagerTest" file="/home/travis/build/IcecaveStudios/archer/test/suite/Travis/TravisConfigManagerTest.php" line="112" assertions="2" time="0.052683"/>
      <testcase name="testSecureEnvironmentCacheExists" class="Icecave\Archer\Travis\TravisConfigManagerTest" file="/home/travis/build/IcecaveStudios/archer/test/suite/Travis/TravisConfigManagerTest.php" line="120" assertions="4" time="0.066814"/>
      <testcase name="testSetSecureEnvironmentCache" class="Icecave\Archer\Travis\TravisConfigManagerTest" file="/home/travis/build/IcecaveStudios/archer/test/suite/Travis/TravisConfigManagerTest.php" line="132" assertions="4" time="0.064642"/>
      <testcase name="testSetSecureEnvironmentCacheSame" class="Icecave\Archer\Travis\TravisConfigManagerTest" file="/home/travis/build/IcecaveStudios/archer/test/suite/Travis/TravisConfigManagerTest.php" line="143" assertions="5" time="0.075456"/>
      <testcase name="testSetSecureEnvironmentCacheDelete" class="Icecave\Archer\Travis\TravisConfigManagerTest" file="/home/travis/build/IcecaveStudios/archer/test/suite/Travis/TravisConfigManagerTest.php" line="156" assertions="5" time="0.075885"/>
      <testcase name="testUpdateConfig" class="Icecave\Archer\Travis\TravisConfigManagerTest" file="/home/travis/build/IcecaveStudios/archer/test/suite/Travis/TravisConfigManagerTest.php" line="169" assertions="8" time="0.129926"/>
      <testcase name="testUpdateConfigWithOAuth" class="Icecave\Archer\Travis\TravisConfigManagerTest" file="/home/travis/build/IcecaveStudios/archer/test/suite/Travis/TravisConfigManagerTest.php" line="197" assertions="8" time="0.140654"/>
      <testcase name="testUpdateConfigPhpVersionConstraint" class="Icecave\Archer\Travis\TravisConfigManagerTest" file="/home/travis/build/IcecaveStudios/archer/test/suite/Travis/TravisConfigManagerTest.php" line="227" assertions="2" time="0.094881"/>
      <testcase name="testUpdateConfigPhpVersionConstraintWithPatchVersion" class="Icecave\Archer\Travis\TravisConfigManagerTest" file="/home/travis/build/IcecaveStudios/archer/test/suite/Travis/TravisConfigManagerTest.php" line="246" assertions="2" time="0.095132"/>
      <testcase name="testUpdateConfigPhpVersionConstraintNoMatches" class="Icecave\Archer\Travis\TravisConfigManagerTest" file="/home/travis/build/IcecaveStudios/archer/test/suite/Travis/TravisConfigManagerTest.php" line="261" assertions="2" time="0.094950"/>
      <testcase name="testUpdateConfigPhpVersionNoConstraint" class="Icecave\Archer\Travis\TravisConfigManagerTest" file="/home/travis/build/IcecaveStudios/archer/test/suite/Travis/TravisConfigManagerTest.php" line="276" assertions="2" time="0.092768"/>
      <testsuite name="Icecave\Archer\Travis\TravisConfigManagerTest::testUpdateConfigPhpPublishVersion" tests="3" assertions="6" failures="0" errors="0" time="0.278278">
        <testcase name="testUpdateConfigPhpPublishVersion with data set #0" assertions="2" time="0.092919"/>
        <testcase name="testUpdateConfigPhpPublishVersion with data set #1" assertions="2" time="0.092472"/>
        <testcase name="testUpdateConfigPhpPublishVersion with data set #2" assertions="2" time="0.092887"/>
      </testsuite>
    </testsuite>
  </testsuite>
</testsuites>
