<?xml version="1.0" encoding="UTF-8"?>
<testsuites>
  <testsuite name="" tests="203" assertions="720" failures="0" errors="0" time="20.174483">
    <testsuite name="Icecave\Archer\Configuration\ComposerConfigurationReaderTest" file="/home/travis/build/IcecaveStudios/archer/test/suite/Configuration/ComposerConfigurationReaderTest.php" tests="4" assertions="5" failures="0" errors="0" time="0.161432">
      <testcase name="testConstructor" class="Icecave\Archer\Configuration\ComposerConfigurationReaderTest" file="/home/travis/build/IcecaveStudios/archer/test/suite/Configuration/ComposerConfigurationReaderTest.php" line="17" assertions="1" time="0.083049"/>
      <testcase name="testConstructorDefaults" class="Icecave\Archer\Configuration\ComposerConfigurationReaderTest" file="/home/travis/build/IcecaveStudios/archer/test/suite/Configuration/ComposerConfigurationReaderTest.php" line="22" assertions="1" time="0.018725"/>
      <testcase name="testRead" class="Icecave\Archer\Configuration\ComposerConfigurationReaderTest" file="/home/travis/build/IcecaveStudios/archer/test/suite/Configuration/ComposerConfigurationReaderTest.php" line="29" assertions="1" time="0.042827"/>
      <testcase name="testReadFailureJson" class="Icecave\Archer\Configuration\ComposerConfigurationReaderTest" file="/home/travis/build/IcecaveStudios/archer/test/suite/Configuration/ComposerConfigurationReaderTest.php" line="36" assertions="2" time="0.016831"/>
    </testsuite>
    <testsuite name="Icecave\Archer\Configuration\ConfigurationFileFinderTest" file="/home/travis/build/IcecaveStudios/archer/test/suite/Configuration/ConfigurationFileFinderTest.php" tests="5" assertions="5" failures="0" errors="0" time="0.069099">
      <testcase name="testConstructor" class="Icecave\Archer\Configuration\ConfigurationFileFinderTest" file="/home/travis/build/IcecaveStudios/archer/test/suite/Configuration/ConfigurationFileFinderTest.php" line="17" assertions="1" time="0.008580"/>
      <testcase name="testConstructorDefaults" class="Icecave\Archer\Configuration\ConfigurationFileFinderTest" file="/home/travis/build/IcecaveStudios/archer/test/suite/Configuration/ConfigurationFileFinderTest.php" line="22" assertions="1" time="0.009695"/>
      <testcase name="testFindFirst" class="Icecave\Archer\Configuration\ConfigurationFileFinderTest" file="/home/travis/build/IcecaveStudios/archer/test/suite/Configuration/ConfigurationFileFinderTest.php" line="29" assertions="1" time="0.014722"/>
      <testcase name="testFindLast" class="Icecave\Archer\Configuration\ConfigurationFileFinderTest" file="/home/travis/build/IcecaveStudios/archer/test/suite/Configuration/ConfigurationFileFinderTest.php" line="36" assertions="1" time="0.018363"/>
      <testcase name="testFindDefault" class="Icecave\Archer\Configuration\ConfigurationFileFinderTest" file="/home/travis/build/IcecaveStudios/archer/test/suite/Configuration/ConfigurationFileFinderTest.php" line="43" assertions="1" time="0.017739"/>
    </testsuite>
    <testsuite name="Icecave\Archer\Configuration\PHPConfigurationReaderTest" file="/home/travis/build/IcecaveStudios/archer/test/suite/Configuration/PHPConfigurationReaderTest.php" tests="5" assertions="7" failures="0" errors="0" time="0.122352">
      <testcase name="testConstructor" class="Icecave\Archer\Configuration\PHPConfigurationReaderTest" file="/home/travis/build/IcecaveStudios/archer/test/suite/Configuration/PHPConfigurationReaderTest.php" line="19" assertions="1" time="0.019360"/>
      <testcase name="testConstructorDefaults" class="Icecave\Archer\Configuration\PHPConfigurationReaderTest" file="/home/travis/build/IcecaveStudios/archer/test/suite/Configuration/PHPConfigurationReaderTest.php" line="24" assertions="1" time="0.012573"/>
      <testcase name="testReadSingle" class="Icecave\Archer\Configuration\PHPConfigurationReaderTest" file="/home/travis/build/IcecaveStudios/archer/test/suite/Configuration/PHPConfigurationReaderTest.php" line="31" assertions="2" time="0.035555"/>
      <testcase name="testReadMultiple" class="Icecave\Archer\Configuration\PHPConfigurationReaderTest" file="/home/travis/build/IcecaveStudios/archer/test/suite/Configuration/PHPConfigurationReaderTest.php" line="40" assertions="1" time="0.030452"/>
      <testcase name="testReadNone" class="Icecave\Archer\Configuration\PHPConfigurationReaderTest" file="/home/travis/build/IcecaveStudios/archer/test/suite/Configuration/PHPConfigurationReaderTest.php" line="48" assertions="2" time="0.024412"/>
    </testsuite>
    <testsuite name="Icecave\Archer\Console\ApplicationTest" file="/home/travis/build/IcecaveStudios/archer/test/suite/Console/ApplicationTest.php" tests="8" assertions="17" failures="0" errors="0" time="1.074984">
      <testcase name="testConstructor" class="Icecave\Archer\Console\ApplicationTest" file="/home/travis/build/IcecaveStudios/archer/test/suite/Console/ApplicationTest.php" line="23" assertions="4" time="0.097030"/>
      <testcase name="testConstructorDefaults" class="Icecave\Archer\Console\ApplicationTest" file="/home/travis/build/IcecaveStudios/archer/test/suite/Console/ApplicationTest.php" line="32" assertions="1" time="0.084034"/>
      <testcase name="testEnabledCommands" class="Icecave\Archer\Console\ApplicationTest" file="/home/travis/build/IcecaveStudios/archer/test/suite/Console/ApplicationTest.php" line="39" assertions="1" time="0.052539"/>
      <testcase name="testEnabledCommandsArcher" class="Icecave\Archer\Console\ApplicationTest" file="/home/travis/build/IcecaveStudios/archer/test/suite/Console/ApplicationTest.php" line="53" assertions="4" time="0.111114"/>
      <testcase name="testEnabledCommandsTravis" class="Icecave\Archer\Console\ApplicationTest" file="/home/travis/build/IcecaveStudios/archer/test/suite/Console/ApplicationTest.php" line="77" assertions="1" time="0.089048"/>
      <testcase name="testDoRun" class="Icecave\Archer\Console\ApplicationTest" file="/home/travis/build/IcecaveStudios/archer/test/suite/Console/ApplicationTest.php" line="95" assertions="4" time="0.534111"/>
      <testcase name="testRawArguments" class="Icecave\Archer\Console\ApplicationTest" file="/home/travis/build/IcecaveStudios/archer/test/suite/Console/ApplicationTest.php" line="123" assertions="1" time="0.053858"/>
      <testcase name="testDefaultCommandName" class="Icecave\Archer\Console\ApplicationTest" file="/home/travis/build/IcecaveStudios/archer/test/suite/Console/ApplicationTest.php" line="135" assertions="1" time="0.053250"/>
    </testsuite>
    <testsuite name="Icecave\Archer\Console\Command\AbstractPHPUnitCommandTest" file="/home/travis/build/IcecaveStudios/archer/test/suite/Console/Command/AbstractPHPUnitCommandTest.php" tests="4" assertions="20" failures="0" errors="0" time="0.657078">
      <testcase name="testConstructor" class="Icecave\Archer\Console\Command\AbstractPHPUnitCommandTest" file="/home/travis/build/IcecaveStudios/archer/test/suite/Console/Command/AbstractPHPUnitCommandTest.php" line="64" assertions="7" time="0.232530"/>
      <testcase name="testConstructorDefaults" class="Icecave\Archer\Console\Command\AbstractPHPUnitCommandTest" file="/home/travis/build/IcecaveStudios/archer/test/suite/Console/Command/AbstractPHPUnitCommandTest.php" line="76" assertions="6" time="0.153803"/>
      <testcase name="testGetHelp" class="Icecave\Archer\Console\Command\AbstractPHPUnitCommandTest" file="/home/travis/build/IcecaveStudios/archer/test/suite/Console/Command/AbstractPHPUnitCommandTest.php" line="115" assertions="6" time="0.151942"/>
      <testcase name="testGenerateArgumentsFiltering" class="Icecave\Archer\Console\Command\AbstractPHPUnitCommandTest" file="/home/travis/build/IcecaveStudios/archer/test/suite/Console/Command/AbstractPHPUnitCommandTest.php" line="144" assertions="1" time="0.118803"/>
    </testsuite>
    <testsuite name="Icecave\Archer\Console\Command\CoverageCommandTest" file="/home/travis/build/IcecaveStudios/archer/test/suite/Console/Command/CoverageCommandTest.php" tests="6" assertions="49" failures="0" errors="0" time="1.632978">
      <testcase name="testConstructor" class="Icecave\Archer\Console\Command\CoverageCommandTest" file="/home/travis/build/IcecaveStudios/archer/test/suite/Console/Command/CoverageCommandTest.php" line="139" assertions="8" time="0.302962"/>
      <testcase name="testConstructorDefaults" class="Icecave\Archer\Console\Command\CoverageCommandTest" file="/home/travis/build/IcecaveStudios/archer/test/suite/Console/Command/CoverageCommandTest.php" line="152" assertions="7" time="0.185280"/>
      <testcase name="testConfigure" class="Icecave\Archer\Console\Command\CoverageCommandTest" file="/home/travis/build/IcecaveStudios/archer/test/suite/Console/Command/CoverageCommandTest.php" line="195" assertions="3" time="0.222494"/>
      <testcase name="testExecute" class="Icecave\Archer\Console\Command\CoverageCommandTest" file="/home/travis/build/IcecaveStudios/archer/test/suite/Console/Command/CoverageCommandTest.php" line="225" assertions="15" time="0.338912"/>
      <testcase name="testExecuteWithOpen" class="Icecave\Archer\Console\Command\CoverageCommandTest" file="/home/travis/build/IcecaveStudios/archer/test/suite/Console/Command/CoverageCommandTest.php" line="291" assertions="15" time="0.371714"/>
      <testcase name="testGenerateArgumentsFiltering" class="Icecave\Archer\Console\Command\CoverageCommandTest" file="/home/travis/build/IcecaveStudios/archer/test/suite/Console/Command/CoverageCommandTest.php" line="370" assertions="1" time="0.211616"/>
    </testsuite>
    <testsuite name="Icecave\Archer\Console\Command\DocumentationCommandTest" file="/home/travis/build/IcecaveStudios/archer/test/suite/Console/Command/DocumentationCommandTest.php" tests="5" assertions="18" failures="0" errors="0" time="0.284832">
      <testcase name="testConstructor" class="Icecave\Archer\Console\Command\DocumentationCommandTest" file="/home/travis/build/IcecaveStudios/archer/test/suite/Console/Command/DocumentationCommandTest.php" line="33" assertions="2" time="0.038982"/>
      <testcase name="testConstructorDefaults" class="Icecave\Archer\Console\Command\DocumentationCommandTest" file="/home/travis/build/IcecaveStudios/archer/test/suite/Console/Command/DocumentationCommandTest.php" line="39" assertions="2" time="0.033962"/>
      <testcase name="testConfigure" class="Icecave\Archer\Console\Command\DocumentationCommandTest" file="/home/travis/build/IcecaveStudios/archer/test/suite/Console/Command/DocumentationCommandTest.php" line="53" assertions="3" time="0.049362"/>
      <testcase name="testExecute" class="Icecave\Archer\Console\Command\DocumentationCommandTest" file="/home/travis/build/IcecaveStudios/archer/test/suite/Console/Command/DocumentationCommandTest.php" line="73" assertions="5" time="0.071690"/>
      <testcase name="testExecuteWithOpen" class="Icecave\Archer\Console\Command\DocumentationCommandTest" file="/home/travis/build/IcecaveStudios/archer/test/suite/Console/Command/DocumentationCommandTest.php" line="88" assertions="6" time="0.090836"/>
    </testsuite>
    <testsuite name="Icecave\Archer\Console\Command\TestCommandTest" file="/home/travis/build/IcecaveStudios/archer/test/suite/Console/Command/TestCommandTest.php" tests="2" assertions="17" failures="0" errors="0" time="0.553121">
      <testcase name="testConfigure" class="Icecave\Archer\Console\Command\TestCommandTest" file="/home/travis/build/IcecaveStudios/archer/test/suite/Console/Command/TestCommandTest.php" line="134" assertions="3" time="0.231757"/>
      <testcase name="testExecute" class="Icecave\Archer\Console\Command\TestCommandTest" file="/home/travis/build/IcecaveStudios/archer/test/suite/Console/Command/TestCommandTest.php" line="154" assertions="14" time="0.321364"/>
    </testsuite>
    <testsuite name="Icecave\Archer\Console\Command\Travis\BuildCommandTest" file="/home/travis/build/IcecaveStudios/archer/test/suite/Console/Command/Travis/BuildCommandTest.php" tests="9" assertions="40" failures="0" errors="0" time="1.846638">
      <testcase name="testConstructor" class="Icecave\Archer\Console\Command\Travis\BuildCommandTest" file="/home/travis/build/IcecaveStudios/archer/test/suite/Console/Command/Travis/BuildCommandTest.php" line="47" assertions="3" time="0.120175"/>
      <testcase name="testConstructorDefaults" class="Icecave\Archer\Console\Command\Travis\BuildCommandTest" file="/home/travis/build/IcecaveStudios/archer/test/suite/Console/Command/Travis/BuildCommandTest.php" line="54" assertions="3" time="0.130875"/>
      <testcase name="testExecute" class="Icecave\Archer\Console\Command\Travis\BuildCommandTest" file="/home/travis/build/IcecaveStudios/archer/test/suite/Console/Command/Travis/BuildCommandTest.php" line="63" assertions="3" time="0.192668"/>
      <testcase name="testExecuteWithPublishVersionButWrongBranch" class="Icecave\Archer\Console\Command\Travis\BuildCommandTest" file="/home/travis/build/IcecaveStudios/archer/test/suite/Console/Command/Travis/BuildCommandTest.php" line="72" assertions="4" time="0.212119"/>
      <testcase name="testExecuteWithPublishVersionButNoToken" class="Icecave\Archer\Console\Command\Travis\BuildCommandTest" file="/home/travis/build/IcecaveStudios/archer/test/suite/Console/Command/Travis/BuildCommandTest.php" line="85" assertions="3" time="0.202949"/>
      <testcase name="testExecuteWithPublishVersionButIsPullRequest" class="Icecave\Archer\Console\Command\Travis\BuildCommandTest" file="/home/travis/build/IcecaveStudios/archer/test/suite/Console/Command/Travis/BuildCommandTest.php" line="96" assertions="3" time="0.195599"/>
      <testcase name="testExecuteWithPublish" class="Icecave\Archer\Console\Command\Travis\BuildCommandTest" file="/home/travis/build/IcecaveStudios/archer/test/suite/Console/Command/Travis/BuildCommandTest.php" line="107" assertions="7" time="0.264089"/>
      <testcase name="testExecuteWithPublishAndNoSource" class="Icecave\Archer\Console\Command\Travis\BuildCommandTest" file="/home/travis/build/IcecaveStudios/archer/test/suite/Console/Command/Travis/BuildCommandTest.php" line="133" assertions="7" time="0.256270"/>
      <testcase name="testExecuteWithPublishErrorCode" class="Icecave\Archer\Console\Command\Travis\BuildCommandTest" file="/home/travis/build/IcecaveStudios/archer/test/suite/Console/Command/Travis/BuildCommandTest.php" line="159" assertions="7" time="0.271894"/>
    </testsuite>
    <testsuite name="Icecave\Archer\Console\Command\UpdateCommandTest" file="/home/travis/build/IcecaveStudios/archer/test/suite/Console/Command/UpdateCommandTest.php" tests="18" assertions="143" failures="0" errors="0" time="6.185478">
      <testcase name="testConstructor" class="Icecave\Archer\Console\Command\UpdateCommandTest" file="/home/travis/build/IcecaveStudios/archer/test/suite/Console/Command/UpdateCommandTest.php" line="97" assertions="5" time="0.299478"/>
      <testcase name="testConstructorDefaults" class="Icecave\Archer\Console\Command\UpdateCommandTest" file="/home/travis/build/IcecaveStudios/archer/test/suite/Console/Command/UpdateCommandTest.php" line="106" assertions="5" time="0.236378"/>
      <testcase name="testExecute" class="Icecave\Archer\Console\Command\UpdateCommandTest" file="/home/travis/build/IcecaveStudios/archer/test/suite/Console/Command/UpdateCommandTest.php" line="132" assertions="10" time="0.344812"/>
      <testcase name="testExecuteWithNonGitHubRepository" class="Icecave\Archer\Console\Command\UpdateCommandTest" file="/home/travis/build/IcecaveStudios/archer/test/suite/Console/Command/UpdateCommandTest.php" line="153" assertions="3" time="0.271198"/>
      <testcase name="testExecuteWithoutArtifactSupport" class="Icecave\Archer\Console\Command\UpdateCommandTest" file="/home/travis/build/IcecaveStudios/archer/test/suite/Console/Command/UpdateCommandTest.php" line="173" assertions="4" time="0.320572"/>
      <testcase name="testExecuteWithAuthorizeExistingToken" class="Icecave\Archer\Console\Command\UpdateCommandTest" file="/home/travis/build/IcecaveStudios/archer/test/suite/Console/Command/UpdateCommandTest.php" line="192" assertions="18" time="0.483759"/>
      <testcase name="testExecuteWithAuthorizeNewToken" class="Icecave\Archer\Console\Command\UpdateCommandTest" file="/home/travis/build/IcecaveStudios/archer/test/suite/Console/Command/UpdateCommandTest.php" line="234" assertions="20" time="0.523469"/>
      <testcase name="testExecuteWithAuthorizeInteractiveCredentials" class="Icecave\Archer\Console\Command\UpdateCommandTest" file="/home/travis/build/IcecaveStudios/archer/test/suite/Console/Command/UpdateCommandTest.php" line="292" assertions="18" time="0.509245"/>
      <testcase name="testExecuteWithAuthorizeFailureMultipleAuthorizations" class="Icecave\Archer\Console\Command\UpdateCommandTest" file="/home/travis/build/IcecaveStudios/archer/test/suite/Console/Command/UpdateCommandTest.php" line="340" assertions="2" time="0.280420"/>
      <testcase name="testExecuteWithAuthorizeFailureIncorrectScope" class="Icecave\Archer\Console\Command\UpdateCommandTest" file="/home/travis/build/IcecaveStudios/archer/test/suite/Console/Command/UpdateCommandTest.php" line="358" assertions="2" time="0.280499"/>
      <testcase name="testExecuteWithAuthorizeFailureParseError" class="Icecave\Archer\Console\Command\UpdateCommandTest" file="/home/travis/build/IcecaveStudios/archer/test/suite/Console/Command/UpdateCommandTest.php" line="373" assertions="2" time="0.280456"/>
      <testcase name="testExecuteWithAuthorizeFailureWoodhouseError" class="Icecave\Archer\Console\Command\UpdateCommandTest" file="/home/travis/build/IcecaveStudios/archer/test/suite/Console/Command/UpdateCommandTest.php" line="388" assertions="2" time="0.286881"/>
      <testcase name="testExecuteWithSuppliedToken" class="Icecave\Archer\Console\Command\UpdateCommandTest" file="/home/travis/build/IcecaveStudios/archer/test/suite/Console/Command/UpdateCommandTest.php" line="403" assertions="16" time="0.435089"/>
      <testcase name="testExecuteWithSuppliedTokenAndExistingKey" class="Icecave\Archer\Console\Command\UpdateCommandTest" file="/home/travis/build/IcecaveStudios/archer/test/suite/Console/Command/UpdateCommandTest.php" line="428" assertions="13" time="0.390467"/>
      <testcase name="testExecuteWithUpdatePublicKey" class="Icecave\Archer\Console\Command\UpdateCommandTest" file="/home/travis/build/IcecaveStudios/archer/test/suite/Console/Command/UpdateCommandTest.php" line="454" assertions="13" time="0.408549"/>
      <testcase name="testExecuteFailureUnsyncedRepo" class="Icecave\Archer\Console\Command\UpdateCommandTest" file="/home/travis/build/IcecaveStudios/archer/test/suite/Console/Command/UpdateCommandTest.php" line="476" assertions="2" time="0.277764"/>
      <testcase name="testExecuteWithInvalidToken" class="Icecave\Archer\Console\Command\UpdateCommandTest" file="/home/travis/build/IcecaveStudios/archer/test/suite/Console/Command/UpdateCommandTest.php" line="491" assertions="4" time="0.278143"/>
      <testcase name="testExecuteWithUpdatePublicKeyAndNoToken" class="Icecave\Archer\Console\Command\UpdateCommandTest" file="/home/travis/build/IcecaveStudios/archer/test/suite/Console/Command/UpdateCommandTest.php" line="505" assertions="4" time="0.278300"/>
    </testsuite>
    <testsuite name="Icecave\Archer\Console\Helper\HiddenInputHelperTest" file="/home/travis/build/IcecaveStudios/archer/test/suite/Console/Helper/HiddenInputHelperTest.php" tests="7" assertions="32" failures="0" errors="0" time="0.504456">
      <testcase name="testConstructor" class="Icecave\Archer\Console\Helper\HiddenInputHelperTest" file="/home/travis/build/IcecaveStudios/archer/test/suite/Console/Helper/HiddenInputHelperTest.php" line="33" assertions="2" time="0.027669"/>
      <testcase name="testConstructorDefaults" class="Icecave\Archer\Console\Helper\HiddenInputHelperTest" file="/home/travis/build/IcecaveStudios/archer/test/suite/Console/Helper/HiddenInputHelperTest.php" line="39" assertions="2" time="0.027500"/>
      <testcase name="testAskHiddenResponseStty" class="Icecave\Archer\Console\Helper\HiddenInputHelperTest" file="/home/travis/build/IcecaveStudios/archer/test/suite/Console/Helper/HiddenInputHelperTest.php" line="52" assertions="9" time="0.115411"/>
      <testcase name="testAskHiddenResponseSttyFailureFgets" class="Icecave\Archer\Console\Helper\HiddenInputHelperTest" file="/home/travis/build/IcecaveStudios/archer/test/suite/Console/Helper/HiddenInputHelperTest.php" line="78" assertions="8" time="0.127488"/>
      <testcase name="testAskHiddenResponseSttyFailureExecute" class="Icecave\Archer\Console\Helper\HiddenInputHelperTest" file="/home/travis/build/IcecaveStudios/archer/test/suite/Console/Helper/HiddenInputHelperTest.php" line="109" assertions="2" time="0.049639"/>
      <testcase name="testAskHiddenResponseWindows" class="Icecave\Archer\Console\Helper\HiddenInputHelperTest" file="/home/travis/build/IcecaveStudios/archer/test/suite/Console/Helper/HiddenInputHelperTest.php" line="125" assertions="7" time="0.095071"/>
      <testcase name="testAskHiddenResponseWindowsFailureExecute" class="Icecave\Archer\Console\Helper\HiddenInputHelperTest" file="/home/travis/build/IcecaveStudios/archer/test/suite/Console/Helper/HiddenInputHelperTest.php" line="145" assertions="2" time="0.061678"/>
    </testsuite>
    <testsuite name="Icecave\Archer\Documentation\DocumentationGeneratorTest" file="/home/travis/build/IcecaveStudios/archer/test/suite/Documentation/DocumentationGeneratorTest.php" tests="9" assertions="25" failures="0" errors="0" time="0.823610">
      <testcase name="testConstructorDefaults" class="Icecave\Archer\Documentation\DocumentationGeneratorTest" file="/home/travis/build/IcecaveStudios/archer/test/suite/Documentation/DocumentationGeneratorTest.php" line="32" assertions="3" time="0.069054"/>
      <testcase name="testIsAvailableWithDevDependency" class="Icecave\Archer\Documentation\DocumentationGeneratorTest" file="/home/travis/build/IcecaveStudios/archer/test/suite/Documentation/DocumentationGeneratorTest.php" line="41" assertions="1" time="0.062056"/>
      <testcase name="testIsAvailableWithGlobal" class="Icecave\Archer\Documentation\DocumentationGeneratorTest" file="/home/travis/build/IcecaveStudios/archer/test/suite/Documentation/DocumentationGeneratorTest.php" line="48" assertions="1" time="0.067512"/>
      <testcase name="testIsAvailableNotFound" class="Icecave\Archer\Documentation\DocumentationGeneratorTest" file="/home/travis/build/IcecaveStudios/archer/test/suite/Documentation/DocumentationGeneratorTest.php" line="55" assertions="1" time="0.079488"/>
      <testcase name="testGenerateWithDevDependency" class="Icecave\Archer\Documentation\DocumentationGeneratorTest" file="/home/travis/build/IcecaveStudios/archer/test/suite/Documentation/DocumentationGeneratorTest.php" line="60" assertions="5" time="0.119217"/>
      <testcase name="testGenerateWithGlobal" class="Icecave\Archer\Documentation\DocumentationGeneratorTest" file="/home/travis/build/IcecaveStudios/archer/test/suite/Documentation/DocumentationGeneratorTest.php" line="74" assertions="5" time="0.123371"/>
      <testcase name="testGenerateWithCustomConfig" class="Icecave\Archer\Documentation\DocumentationGeneratorTest" file="/home/travis/build/IcecaveStudios/archer/test/suite/Documentation/DocumentationGeneratorTest.php" line="88" assertions="5" time="0.128048"/>
      <testcase name="testGenerateFailureNotFound" class="Icecave\Archer\Documentation\DocumentationGeneratorTest" file="/home/travis/build/IcecaveStudios/archer/test/suite/Documentation/DocumentationGeneratorTest.php" line="102" assertions="2" time="0.075270"/>
      <testcase name="testGenerateFailureNotSuccessful" class="Icecave\Archer\Documentation\DocumentationGeneratorTest" file="/home/travis/build/IcecaveStudios/archer/test/suite/Documentation/DocumentationGeneratorTest.php" line="108" assertions="2" time="0.099594"/>
    </testsuite>
    <testsuite name="Icecave\Archer\FileSystem\Exception\ReadExceptionTest" file="/home/travis/build/IcecaveStudios/archer/test/suite/FileSystem/Exception/ReadExceptionTest.php" tests="1" assertions="4" failures="0" errors="0" time="0.007136">
      <testcase name="testException" class="Icecave\Archer\FileSystem\Exception\ReadExceptionTest" file="/home/travis/build/IcecaveStudios/archer/test/suite/FileSystem/Exception/ReadExceptionTest.php" line="10" assertions="4" time="0.007136"/>
    </testsuite>
    <testsuite name="Icecave\Archer\FileSystem\Exception\WriteExceptionTest" file="/home/travis/build/IcecaveStudios/archer/test/suite/FileSystem/Exception/WriteExceptionTest.php" tests="1" assertions="4" failures="0" errors="0" time="0.007629">
      <testcase name="testException" class="Icecave\Archer\FileSystem\Exception\WriteExceptionTest" file="/home/travis/build/IcecaveStudios/archer/test/suite/FileSystem/Exception/WriteExceptionTest.php" line="10" assertions="4" time="0.007629"/>
    </testsuite>
    <testsuite name="Icecave\Archer\FileSystem\FileSystemTest" file="/home/travis/build/IcecaveStudios/archer/test/suite/FileSystem/FileSystemTest.php" tests="30" assertions="79" failures="0" errors="0" time="1.252483">
      <testcase name="testExists" class="Icecave\Archer\FileSystem\FileSystemTest" file="/home/travis/build/IcecaveStudios/archer/test/suite/FileSystem/FileSystemTest.php" line="18" assertions="5" time="0.036619"/>
      <testcase name="testExistsFailure" class="Icecave\Archer\FileSystem\FileSystemTest" file="/home/travis/build/IcecaveStudios/archer/test/suite/FileSystem/FileSystemTest.php" line="33" assertions="1" time="0.031773"/>
      <testcase name="testFileExists" class="Icecave\Archer\FileSystem\FileSystemTest" file="/home/travis/build/IcecaveStudios/archer/test/suite/FileSystem/FileSystemTest.php" line="45" assertions="5" time="0.036535"/>
      <testcase name="testFileExistsFailure" class="Icecave\Archer\FileSystem\FileSystemTest" file="/home/travis/build/IcecaveStudios/archer/test/suite/FileSystem/FileSystemTest.php" line="60" assertions="1" time="0.031770"/>
      <testcase name="testDirectoryExists" class="Icecave\Archer\FileSystem\FileSystemTest" file="/home/travis/build/IcecaveStudios/archer/test/suite/FileSystem/FileSystemTest.php" line="72" assertions="5" time="0.036440"/>
      <testcase name="testDirectoryExistsFailure" class="Icecave\Archer\FileSystem\FileSystemTest" file="/home/travis/build/IcecaveStudios/archer/test/suite/FileSystem/FileSystemTest.php" line="87" assertions="1" time="0.031840"/>
      <testcase name="testRead" class="Icecave\Archer\FileSystem\FileSystemTest" file="/home/travis/build/IcecaveStudios/archer/test/suite/FileSystem/FileSystemTest.php" line="99" assertions="2" time="0.022795"/>
      <testcase name="testReadFailure" class="Icecave\Archer\FileSystem\FileSystemTest" file="/home/travis/build/IcecaveStudios/archer/test/suite/FileSystem/FileSystemTest.php" line="109" assertions="1" time="0.031735"/>
      <testcase name="testListPaths" class="Icecave\Archer\FileSystem\FileSystemTest" file="/home/travis/build/IcecaveStudios/archer/test/suite/FileSystem/FileSystemTest.php" line="121" assertions="2" time="0.022553"/>
      <testcase name="testListPathsFailure" class="Icecave\Archer\FileSystem\FileSystemTest" file="/home/travis/build/IcecaveStudios/archer/test/suite/FileSystem/FileSystemTest.php" line="131" assertions="1" time="0.031715"/>
      <testcase name="testWrite" class="Icecave\Archer\FileSystem\FileSystemTest" file="/home/travis/build/IcecaveStudios/archer/test/suite/FileSystem/FileSystemTest.php" line="143" assertions="5" time="0.053979"/>
      <testcase name="testWriteCreateParentDirectory" class="Icecave\Archer\FileSystem\FileSystemTest" file="/home/travis/build/IcecaveStudios/archer/test/suite/FileSystem/FileSystemTest.php" line="161" assertions="5" time="0.064049"/>
      <testcase name="testWriteFailure" class="Icecave\Archer\FileSystem\FileSystemTest" file="/home/travis/build/IcecaveStudios/archer/test/suite/FileSystem/FileSystemTest.php" line="179" assertions="1" time="0.047879"/>
      <testcase name="testWriteFailureDirname" class="Icecave\Archer\FileSystem\FileSystemTest" file="/home/travis/build/IcecaveStudios/archer/test/suite/FileSystem/FileSystemTest.php" line="197" assertions="1" time="0.031735"/>
      <testcase name="testCopy" class="Icecave\Archer\FileSystem\FileSystemTest" file="/home/travis/build/IcecaveStudios/archer/test/suite/FileSystem/FileSystemTest.php" line="209" assertions="5" time="0.054315"/>
      <testcase name="testCopyCreateParentDirectory" class="Icecave\Archer\FileSystem\FileSystemTest" file="/home/travis/build/IcecaveStudios/archer/test/suite/FileSystem/FileSystemTest.php" line="227" assertions="5" time="0.064519"/>
      <testcase name="testCopyFailure" class="Icecave\Archer\FileSystem\FileSystemTest" file="/home/travis/build/IcecaveStudios/archer/test/suite/FileSystem/FileSystemTest.php" line="245" assertions="1" time="0.048219"/>
      <testcase name="testCopyFailureDirname" class="Icecave\Archer\FileSystem\FileSystemTest" file="/home/travis/build/IcecaveStudios/archer/test/suite/FileSystem/FileSystemTest.php" line="263" assertions="1" time="0.032332"/>
      <testcase name="testMove" class="Icecave\Archer\FileSystem\FileSystemTest" file="/home/travis/build/IcecaveStudios/archer/test/suite/FileSystem/FileSystemTest.php" line="275" assertions="5" time="0.054875"/>
      <testcase name="testMoveCreateParentDirectory" class="Icecave\Archer\FileSystem\FileSystemTest" file="/home/travis/build/IcecaveStudios/archer/test/suite/FileSystem/FileSystemTest.php" line="293" assertions="5" time="0.064387"/>
      <testcase name="testMoveFailure" class="Icecave\Archer\FileSystem\FileSystemTest" file="/home/travis/build/IcecaveStudios/archer/test/suite/FileSystem/FileSystemTest.php" line="311" assertions="1" time="0.048164"/>
      <testcase name="testMoveFailureDirname" class="Icecave\Archer\FileSystem\FileSystemTest" file="/home/travis/build/IcecaveStudios/archer/test/suite/FileSystem/FileSystemTest.php" line="329" assertions="1" time="0.032064"/>
      <testcase name="testCreateDirectory" class="Icecave\Archer\FileSystem\FileSystemTest" file="/home/travis/build/IcecaveStudios/archer/test/suite/FileSystem/FileSystemTest.php" line="341" assertions="1" time="0.024085"/>
      <testcase name="testCreateDirectoryFailure" class="Icecave\Archer\FileSystem\FileSystemTest" file="/home/travis/build/IcecaveStudios/archer/test/suite/FileSystem/FileSystemTest.php" line="348" assertions="1" time="0.031973"/>
      <testcase name="testChmod" class="Icecave\Archer\FileSystem\FileSystemTest" file="/home/travis/build/IcecaveStudios/archer/test/suite/FileSystem/FileSystemTest.php" line="360" assertions="1" time="0.022210"/>
      <testcase name="testChmodFailure" class="Icecave\Archer\FileSystem\FileSystemTest" file="/home/travis/build/IcecaveStudios/archer/test/suite/FileSystem/FileSystemTest.php" line="367" assertions="1" time="0.031841"/>
      <testcase name="testDeleteFile" class="Icecave\Archer\FileSystem\FileSystemTest" file="/home/travis/build/IcecaveStudios/archer/test/suite/FileSystem/FileSystemTest.php" line="379" assertions="4" time="0.039023"/>
      <testcase name="testDeleteFileFailure" class="Icecave\Archer\FileSystem\FileSystemTest" file="/home/travis/build/IcecaveStudios/archer/test/suite/FileSystem/FileSystemTest.php" line="393" assertions="1" time="0.040695"/>
      <testcase name="testDeleteDirectory" class="Icecave\Archer\FileSystem\FileSystemTest" file="/home/travis/build/IcecaveStudios/archer/test/suite/FileSystem/FileSystemTest.php" line="408" assertions="9" time="0.104018"/>
      <testcase name="testDeleteDirectoryFailure" class="Icecave\Archer\FileSystem\FileSystemTest" file="/home/travis/build/IcecaveStudios/archer/test/suite/FileSystem/FileSystemTest.php" line="431" assertions="1" time="0.048345"/>
    </testsuite>
    <testsuite name="Icecave\Archer\Git\GitConfigReaderFactoryTest" file="/home/travis/build/IcecaveStudios/archer/test/suite/Git/GitConfigReaderFactoryTest.php" tests="1" assertions="1" failures="0" errors="0" time="0.010845">
      <testcase name="testCreate" class="Icecave\Archer\Git\GitConfigReaderFactoryTest" file="/home/travis/build/IcecaveStudios/archer/test/suite/Git/GitConfigReaderFactoryTest.php" line="16" assertions="1" time="0.010845"/>
    </testsuite>
    <testsuite name="Icecave\Archer\Git\GitConfigReaderTest" file="/home/travis/build/IcecaveStudios/archer/test/suite/Git/GitConfigReaderTest.php" tests="10" assertions="17" failures="0" errors="0" time="0.535732">
      <testcase name="testConstructor" class="Icecave\Archer\Git\GitConfigReaderTest" file="/home/travis/build/IcecaveStudios/archer/test/suite/Git/GitConfigReaderTest.php" line="56" assertions="2" time="0.034294"/>
      <testcase name="testConstructorDefaults" class="Icecave\Archer\Git\GitConfigReaderTest" file="/home/travis/build/IcecaveStudios/archer/test/suite/Git/GitConfigReaderTest.php" line="62" assertions="1" time="0.034029"/>
      <testcase name="testIsGitHubRepository" class="Icecave\Archer\Git\GitConfigReaderTest" file="/home/travis/build/IcecaveStudios/archer/test/suite/Git/GitConfigReaderTest.php" line="74" assertions="1" time="0.056011"/>
      <testcase name="testIsGitHubRepositoryNonGitHubURL" class="Icecave\Archer\Git\GitConfigReaderTest" file="/home/travis/build/IcecaveStudios/archer/test/suite/Git/GitConfigReaderTest.php" line="79" assertions="1" time="0.058512"/>
      <testcase name="testGet" class="Icecave\Archer\Git\GitConfigReaderTest" file="/home/travis/build/IcecaveStudios/archer/test/suite/Git/GitConfigReaderTest.php" line="92" assertions="4" time="0.057886"/>
      <testcase name="testRepositoryOwner" class="Icecave\Archer\Git\GitConfigReaderTest" file="/home/travis/build/IcecaveStudios/archer/test/suite/Git/GitConfigReaderTest.php" line="100" assertions="1" time="0.056499"/>
      <testcase name="testRepositoryOwnerFailure" class="Icecave\Archer\Git\GitConfigReaderTest" file="/home/travis/build/IcecaveStudios/archer/test/suite/Git/GitConfigReaderTest.php" line="105" assertions="2" time="0.059178"/>
      <testcase name="testRepositoryName" class="Icecave\Archer\Git\GitConfigReaderTest" file="/home/travis/build/IcecaveStudios/archer/test/suite/Git/GitConfigReaderTest.php" line="122" assertions="1" time="0.056085"/>
      <testcase name="testRepositoryNameFailure" class="Icecave\Archer\Git\GitConfigReaderTest" file="/home/travis/build/IcecaveStudios/archer/test/suite/Git/GitConfigReaderTest.php" line="127" assertions="2" time="0.059326"/>
      <testcase name="testParseFailure" class="Icecave\Archer\Git\GitConfigReaderTest" file="/home/travis/build/IcecaveStudios/archer/test/suite/Git/GitConfigReaderTest.php" line="144" assertions="2" time="0.063912"/>
    </testsuite>
    <testsuite name="Icecave\Archer\Git\GitDotFilesManagerTest" file="/home/travis/build/IcecaveStudios/archer/test/suite/Git/GitDotFilesManagerTest.php" tests="7" assertions="33" failures="0" errors="0" time="0.511258">
      <testcase name="testConstructor" class="Icecave\Archer\Git\GitDotFilesManagerTest" file="/home/travis/build/IcecaveStudios/archer/test/suite/Git/GitDotFilesManagerTest.php" line="33" assertions="1" time="0.024850"/>
      <testcase name="testConstructorDefaults" class="Icecave\Archer\Git\GitDotFilesManagerTest" file="/home/travis/build/IcecaveStudios/archer/test/suite/Git/GitDotFilesManagerTest.php" line="38" assertions="1" time="0.024939"/>
      <testcase name="testUpdateDotFiles" class="Icecave\Archer\Git\GitDotFilesManagerTest" file="/home/travis/build/IcecaveStudios/archer/test/suite/Git/GitDotFilesManagerTest.php" line="48" assertions="8" time="0.093607"/>
      <testcase name="testUpdateDotFilesAppend" class="Icecave\Archer\Git\GitDotFilesManagerTest" file="/home/travis/build/IcecaveStudios/archer/test/suite/Git/GitDotFilesManagerTest.php" line="77" assertions="6" time="0.106926"/>
      <testcase name="testUpdateDotFilesReplace" class="Icecave\Archer\Git\GitDotFilesManagerTest" file="/home/travis/build/IcecaveStudios/archer/test/suite/Git/GitDotFilesManagerTest.php" line="110" assertions="6" time="0.088260"/>
      <testcase name="testUpdateDotFilesNoChange" class="Icecave\Archer\Git\GitDotFilesManagerTest" file="/home/travis/build/IcecaveStudios/archer/test/suite/Git/GitDotFilesManagerTest.php" line="150" assertions="5" time="0.084414"/>
      <testcase name="testUpdateDotFilesMissingTags" class="Icecave\Archer\Git\GitDotFilesManagerTest" file="/home/travis/build/IcecaveStudios/archer/test/suite/Git/GitDotFilesManagerTest.php" line="183" assertions="6" time="0.088262"/>
    </testsuite>
    <testsuite name="Icecave\Archer\GitHub\GitHubClientTest" file="/home/travis/build/IcecaveStudios/archer/test/suite/GitHub/GitHubClientTest.php" tests="10" assertions="26" failures="0" errors="0" time="0.440425">
      <testcase name="testValidateToken" class="Icecave\Archer\GitHub\GitHubClientTest" file="/home/travis/build/IcecaveStudios/archer/test/suite/GitHub/GitHubClientTest.php" line="19" assertions="5" time="0.021571"/>
      <testcase name="testDefaultBranch" class="Icecave\Archer\GitHub\GitHubClientTest" file="/home/travis/build/IcecaveStudios/archer/test/suite/GitHub/GitHubClientTest.php" line="36" assertions="2" time="0.044218"/>
      <testcase name="testDefaultBranchUsingMasterBranch" class="Icecave\Archer\GitHub\GitHubClientTest" file="/home/travis/build/IcecaveStudios/archer/test/suite/GitHub/GitHubClientTest.php" line="51" assertions="2" time="0.044601"/>
      <testcase name="testDefaultBranchFallback" class="Icecave\Archer\GitHub\GitHubClientTest" file="/home/travis/build/IcecaveStudios/archer/test/suite/GitHub/GitHubClientTest.php" line="65" assertions="2" time="0.044287"/>
      <testcase name="testSetAuthToken" class="Icecave\Archer\GitHub\GitHubClientTest" file="/home/travis/build/IcecaveStudios/archer/test/suite/GitHub/GitHubClientTest.php" line="76" assertions="2" time="0.037364"/>
      <testcase name="testSetAuthTokenFailure" class="Icecave\Archer\GitHub\GitHubClientTest" file="/home/travis/build/IcecaveStudios/archer/test/suite/GitHub/GitHubClientTest.php" line="87" assertions="3" time="0.033886"/>
      <testcase name="testSetUserAgent" class="Icecave\Archer\GitHub\GitHubClientTest" file="/home/travis/build/IcecaveStudios/archer/test/suite/GitHub/GitHubClientTest.php" line="95" assertions="2" time="0.037200"/>
      <testcase name="testApiGet" class="Icecave\Archer\GitHub\GitHubClientTest" file="/home/travis/build/IcecaveStudios/archer/test/suite/GitHub/GitHubClientTest.php" line="104" assertions="2" time="0.046081"/>
      <testcase name="testApiGetWithUserAgent" class="Icecave\Archer\GitHub\GitHubClientTest" file="/home/travis/build/IcecaveStudios/archer/test/suite/GitHub/GitHubClientTest.php" line="120" assertions="3" time="0.065312"/>
      <testcase name="testApiGetWithAuthToken" class="Icecave\Archer\GitHub\GitHubClientTest" file="/home/travis/build/IcecaveStudios/archer/test/suite/GitHub/GitHubClientTest.php" line="149" assertions="3" time="0.065905"/>
    </testsuite>
    <testsuite name="Icecave\Archer\Process\PHPUnitExecutableFinderTest" file="/home/travis/build/IcecaveStudios/archer/test/suite/Process/PHPUnitExecutableFinderTest.php" tests="7" assertions="17" failures="0" errors="0" time="0.353858">
      <testcase name="testConstructor" class="Icecave\Archer\Process\PHPUnitExecutableFinderTest" file="/home/travis/build/IcecaveStudios/archer/test/suite/Process/PHPUnitExecutableFinderTest.php" line="25" assertions="3" time="0.029713"/>
      <testcase name="testConstructorDefaults" class="Icecave\Archer\Process\PHPUnitExecutableFinderTest" file="/home/travis/build/IcecaveStudios/archer/test/suite/Process/PHPUnitExecutableFinderTest.php" line="32" assertions="2" time="0.029704"/>
      <testcase name="testFindLocal" class="Icecave\Archer\Process\PHPUnitExecutableFinderTest" file="/home/travis/build/IcecaveStudios/archer/test/suite/Process/PHPUnitExecutableFinderTest.php" line="46" assertions="1" time="0.039363"/>
      <testcase name="testFindGeneric" class="Icecave\Archer\Process\PHPUnitExecutableFinderTest" file="/home/travis/build/IcecaveStudios/archer/test/suite/Process/PHPUnitExecutableFinderTest.php" line="55" assertions="2" time="0.048844"/>
      <testcase name="testFindGenericFailure" class="Icecave\Archer\Process\PHPUnitExecutableFinderTest" file="/home/travis/build/IcecaveStudios/archer/test/suite/Process/PHPUnitExecutableFinderTest.php" line="69" assertions="2" time="0.044337"/>
      <testcase name="testFindTravis" class="Icecave\Archer\Process\PHPUnitExecutableFinderTest" file="/home/travis/build/IcecaveStudios/archer/test/suite/Process/PHPUnitExecutableFinderTest.php" line="87" assertions="5" time="0.088568"/>
      <testcase name="testFindTravisFailure" class="Icecave\Archer\Process\PHPUnitExecutableFinderTest" file="/home/travis/build/IcecaveStudios/archer/test/suite/Process/PHPUnitExecutableFinderTest.php" line="112" assertions="2" time="0.073329"/>
    </testsuite>
    <testsuite name="Icecave\Archer\Process\ProcessFactoryTest" file="/home/travis/build/IcecaveStudios/archer/test/suite/Process/ProcessFactoryTest.php" tests="1" assertions="2" failures="0" errors="0" time="0.080310">
      <testcase name="testFactory" class="Icecave\Archer\Process\ProcessFactoryTest" file="/home/travis/build/IcecaveStudios/archer/test/suite/Process/ProcessFactoryTest.php" line="17" assertions="2" time="0.080310"/>
    </testsuite>
    <testsuite name="Icecave\Archer\Support\AsplodeTest" file="/home/travis/build/IcecaveStudios/archer/test/suite/Support/AsplodeTest.php" tests="8" assertions="14" failures="0" errors="0" time="0.168183">
      <testcase name="testInstance" class="Icecave\Archer\Support\AsplodeTest" file="/home/travis/build/IcecaveStudios/archer/test/suite/Support/AsplodeTest.php" line="21" assertions="1" time="0.014945"/>
      <testcase name="testInstall" class="Icecave\Archer\Support\AsplodeTest" file="/home/travis/build/IcecaveStudios/archer/test/suite/Support/AsplodeTest.php" line="26" assertions="1" time="0.027297"/>
      <testcase name="testInstallFailureAlreadyInstalled" class="Icecave\Archer\Support\AsplodeTest" file="/home/travis/build/IcecaveStudios/archer/test/suite/Support/AsplodeTest.php" line="33" assertions="2" time="0.023251"/>
      <testcase name="testInstallFailureMisconfigured" class="Icecave\Archer\Support\AsplodeTest" file="/home/travis/build/IcecaveStudios/archer/test/suite/Support/AsplodeTest.php" line="41" assertions="2" time="0.019721"/>
      <testcase name="testUninstall" class="Icecave\Archer\Support\AsplodeTest" file="/home/travis/build/IcecaveStudios/archer/test/suite/Support/AsplodeTest.php" line="49" assertions="1" time="0.031105"/>
      <testcase name="testUninstallFailure" class="Icecave\Archer\Support\AsplodeTest" file="/home/travis/build/IcecaveStudios/archer/test/suite/Support/AsplodeTest.php" line="57" assertions="2" time="0.014497"/>
      <testcase name="testHandleError" class="Icecave\Archer\Support\AsplodeTest" file="/home/travis/build/IcecaveStudios/archer/test/suite/Support/AsplodeTest.php" line="63" assertions="4" time="0.018179"/>
      <testcase name="testHandleErrorIgnored" class="Icecave\Archer\Support\AsplodeTest" file="/home/travis/build/IcecaveStudios/archer/test/suite/Support/AsplodeTest.php" line="76" assertions="1" time="0.019188"/>
    </testsuite>
    <testsuite name="Icecave\Archer\Support\IsolatorTest" file="/home/travis/build/IcecaveStudios/archer/test/suite/Support/IsolatorTest.php" tests="9" assertions="15" failures="0" errors="0" time="0.057597">
      <testcase name="testGet" class="Icecave\Archer\Support\IsolatorTest" file="/home/travis/build/IcecaveStudios/archer/test/suite/Support/IsolatorTest.php" line="14" assertions="3" time="0.006829"/>
      <testcase name="testClassName" class="Icecave\Archer\Support\IsolatorTest" file="/home/travis/build/IcecaveStudios/archer/test/suite/Support/IsolatorTest.php" line="25" assertions="1" time="0.006074"/>
      <testcase name="testCall" class="Icecave\Archer\Support\IsolatorTest" file="/home/travis/build/IcecaveStudios/archer/test/suite/Support/IsolatorTest.php" line="32" assertions="1" time="0.005945"/>
      <testcase name="testEcho" class="Icecave\Archer\Support\IsolatorTest" file="/home/travis/build/IcecaveStudios/archer/test/suite/Support/IsolatorTest.php" line="38" assertions="1" time="0.006005"/>
      <testcase name="testEval" class="Icecave\Archer\Support\IsolatorTest" file="/home/travis/build/IcecaveStudios/archer/test/suite/Support/IsolatorTest.php" line="45" assertions="1" time="0.006014"/>
      <testcase name="testInclude" class="Icecave\Archer\Support\IsolatorTest" file="/home/travis/build/IcecaveStudios/archer/test/suite/Support/IsolatorTest.php" line="51" assertions="2" time="0.006874"/>
      <testcase name="testIncludeOnce" class="Icecave\Archer\Support\IsolatorTest" file="/home/travis/build/IcecaveStudios/archer/test/suite/Support/IsolatorTest.php" line="60" assertions="2" time="0.006611"/>
      <testcase name="testRequire" class="Icecave\Archer\Support\IsolatorTest" file="/home/travis/build/IcecaveStudios/archer/test/suite/Support/IsolatorTest.php" line="69" assertions="2" time="0.006608"/>
      <testcase name="testRequireOnce" class="Icecave\Archer\Support\IsolatorTest" file="/home/travis/build/IcecaveStudios/archer/test/suite/Support/IsolatorTest.php" line="78" assertions="2" time="0.006637"/>
    </testsuite>
    <testsuite name="Icecave\Archer\Support\Liftoff\Exception\LaunchExceptionTest" file="/home/travis/build/IcecaveStudios/archer/test/suite/Support/Liftoff/Exception/LaunchExceptionTest.php" tests="1" assertions="4" failures="0" errors="0" time="0.007636">
      <testcase name="testException" class="Icecave\Archer\Support\Liftoff\Exception\LaunchExceptionTest" file="/home/travis/build/IcecaveStudios/archer/test/suite/Support/Liftoff/Exception/LaunchExceptionTest.php" line="19" assertions="4" time="0.007636"/>
    </testsuite>
    <testsuite name="Icecave\Archer\Support\Liftoff\LauncherTest" file="/home/travis/build/IcecaveStudios/archer/test/suite/Support/Liftoff/LauncherTest.php" tests="7" assertions="38" failures="0" errors="0" time="0.574024">
      <testsuite name="Icecave\Archer\Support\Liftoff\LauncherTest::testLaunch" tests="6" assertions="36" failures="0" errors="0" time="0.549256">
        <testcase name="testLaunch with data set &quot;OSX&quot;" assertions="6" time="0.092057"/>
        <testcase name="testLaunch with data set &quot;OSX with arguments&quot;" assertions="6" time="0.091239"/>
        <testcase name="testLaunch with data set &quot;Windows&quot;" assertions="6" time="0.091515"/>
        <testcase name="testLaunch with data set &quot;Windows with arguments&quot;" assertions="6" time="0.091731"/>
        <testcase name="testLaunch with data set &quot;Unix&quot;" assertions="6" time="0.091252"/>
        <testcase name="testLaunch with data set &quot;Unix with arguments&quot;" assertions="6" time="0.091462"/>
      </testsuite>
      <testcase name="testLaunchFailure" class="Icecave\Archer\Support\Liftoff\LauncherTest" file="/home/travis/build/IcecaveStudios/archer/test/suite/Support/Liftoff/LauncherTest.php" line="70" assertions="2" time="0.024768"/>
    </testsuite>
    <testsuite name="Icecave\Archer\Travis\TravisClientTest" file="/home/travis/build/IcecaveStudios/archer/test/suite/Travis/TravisClientTest.php" tests="6" assertions="10" failures="0" errors="0" time="0.140984">
      <testcase name="testConstructor" class="Icecave\Archer\Travis\TravisClientTest" file="/home/travis/build/IcecaveStudios/archer/test/suite/Travis/TravisClientTest.php" line="22" assertions="1" time="0.011931"/>
      <testcase name="testConstructorDefaults" class="Icecave\Archer\Travis\TravisClientTest" file="/home/travis/build/IcecaveStudios/archer/test/suite/Travis/TravisClientTest.php" line="27" assertions="1" time="0.012119"/>
      <testcase name="testPublicKey" class="Icecave\Archer\Travis\TravisClientTest" file="/home/travis/build/IcecaveStudios/archer/test/suite/Travis/TravisClientTest.php" line="37" assertions="2" time="0.025587"/>
      <testcase name="testEncryptEnvironment" class="Icecave\Archer\Travis\TravisClientTest" file="/home/travis/build/IcecaveStudios/archer/test/suite/Travis/TravisClientTest.php" line="48" assertions="2" time="0.034987"/>
      <testcase name="testEncrypt" class="Icecave\Archer\Travis\TravisClientTest" file="/home/travis/build/IcecaveStudios/archer/test/suite/Travis/TravisClientTest.php" line="68" assertions="2" time="0.034900"/>
      <testcase name="testEncryptFailure" class="Icecave\Archer\Travis\TravisClientTest" file="/home/travis/build/IcecaveStudios/archer/test/suite/Travis/TravisClientTest.php" line="88" assertions="2" time="0.021459"/>
    </testsuite>
    <testsuite name="Icecave\Archer\Travis\TravisConfigManagerTest" file="/home/travis/build/IcecaveStudios/archer/test/suite/Travis/TravisConfigManagerTest.php" tests="22" assertions="78" failures="0" errors="0" time="2.110325">
      <testcase name="testConstructor" class="Icecave\Archer\Travis\TravisConfigManagerTest" file="/home/travis/build/IcecaveStudios/archer/test/suite/Travis/TravisConfigManagerTest.php" line="38" assertions="3" time="0.048405"/>
      <testcase name="testConstructorDefaults" class="Icecave\Archer\Travis\TravisConfigManagerTest" file="/home/travis/build/IcecaveStudios/archer/test/suite/Travis/TravisConfigManagerTest.php" line="45" assertions="3" time="0.051784"/>
      <testcase name="testPublicKeyCache" class="Icecave\Archer\Travis\TravisConfigManagerTest" file="/home/travis/build/IcecaveStudios/archer/test/suite/Travis/TravisConfigManagerTest.php" line="54" assertions="2" time="0.057652"/>
      <testcase name="testPublicKeyCacheExists" class="Icecave\Archer\Travis\TravisConfigManagerTest" file="/home/travis/build/IcecaveStudios/archer/test/suite/Travis/TravisConfigManagerTest.php" line="63" assertions="4" time="0.073285"/>
      <testcase name="testSetPublicKeyCache" class="Icecave\Archer\Travis\TravisConfigManagerTest" file="/home/travis/build/IcecaveStudios/archer/test/suite/Travis/TravisConfigManagerTest.php" line="75" assertions="4" time="0.071562"/>
      <testcase name="testSetPublicKeyCacheSame" class="Icecave\Archer\Travis\TravisConfigManagerTest" file="/home/travis/build/IcecaveStudios/archer/test/suite/Travis/TravisConfigManagerTest.php" line="86" assertions="5" time="0.104924"/>
      <testcase name="testSetPublicKeyCacheDelete" class="Icecave\Archer\Travis\TravisConfigManagerTest" file="/home/travis/build/IcecaveStudios/archer/test/suite/Travis/TravisConfigManagerTest.php" line="100" assertions="5" time="0.084757"/>
      <testcase name="testSecureEnvironmentCache" class="Icecave\Archer\Travis\TravisConfigManagerTest" file="/home/travis/build/IcecaveStudios/archer/test/suite/Travis/TravisConfigManagerTest.php" line="113" assertions="2" time="0.057422"/>
      <testcase name="testSecureEnvironmentCacheExists" class="Icecave\Archer\Travis\TravisConfigManagerTest" file="/home/travis/build/IcecaveStudios/archer/test/suite/Travis/TravisConfigManagerTest.php" line="121" assertions="4" time="0.073359"/>
      <testcase name="testSetSecureEnvironmentCache" class="Icecave\Archer\Travis\TravisConfigManagerTest" file="/home/travis/build/IcecaveStudios/archer/test/suite/Travis/TravisConfigManagerTest.php" line="133" assertions="4" time="0.072142"/>
      <testcase name="testSetSecureEnvironmentCacheSame" class="Icecave\Archer\Travis\TravisConfigManagerTest" file="/home/travis/build/IcecaveStudios/archer/test/suite/Travis/TravisConfigManagerTest.php" line="144" assertions="5" time="0.082411"/>
      <testcase name="testSetSecureEnvironmentCacheDelete" class="Icecave\Archer\Travis\TravisConfigManagerTest" file="/home/travis/build/IcecaveStudios/archer/test/suite/Travis/TravisConfigManagerTest.php" line="157" assertions="5" time="0.084332"/>
      <testcase name="testUpdateConfig" class="Icecave\Archer\Travis\TravisConfigManagerTest" file="/home/travis/build/IcecaveStudios/archer/test/suite/Travis/TravisConfigManagerTest.php" line="170" assertions="8" time="0.155258"/>
      <testcase name="testUpdateConfigWithOAuth" class="Icecave\Archer\Travis\TravisConfigManagerTest" file="/home/travis/build/IcecaveStudios/archer/test/suite/Travis/TravisConfigManagerTest.php" line="198" assertions="8" time="0.173085"/>
      <testcase name="testUpdateConfigPhpVersionConstraint" class="Icecave\Archer\Travis\TravisConfigManagerTest" file="/home/travis/build/IcecaveStudios/archer/test/suite/Travis/TravisConfigManagerTest.php" line="228" assertions="2" time="0.116176"/>
      <testcase name="testUpdateConfigPhpVersionConstraintWithPatchVersion" class="Icecave\Archer\Travis\TravisConfigManagerTest" file="/home/travis/build/IcecaveStudios/archer/test/suite/Travis/TravisConfigManagerTest.php" line="247" assertions="2" time="0.116445"/>
      <testcase name="testUpdateConfigPhpVersionConstraintNoMatches" class="Icecave\Archer\Travis\TravisConfigManagerTest" file="/home/travis/build/IcecaveStudios/archer/test/suite/Travis/TravisConfigManagerTest.php" line="262" assertions="2" time="0.116112"/>
      <testcase name="testUpdateConfigPhpVersionNoConstraint" class="Icecave\Archer\Travis\TravisConfigManagerTest" file="/home/travis/build/IcecaveStudios/archer/test/suite/Travis/TravisConfigManagerTest.php" line="277" assertions="2" time="0.114260"/>
      <testsuite name="Icecave\Archer\Travis\TravisConfigManagerTest::testUpdateConfigPhpPublishVersion" tests="4" assertions="8" failures="0" errors="0" time="0.456954">
        <testcase name="testUpdateConfigPhpPublishVersion with data set #0" assertions="2" time="0.114230"/>
        <testcase name="testUpdateConfigPhpPublishVersion with data set #1" assertions="2" time="0.114088"/>
        <testcase name="testUpdateConfigPhpPublishVersion with data set #2" assertions="2" time="0.114138"/>
        <testcase name="testUpdateConfigPhpPublishVersion with data set #3" assertions="2" time="0.114498"/>
      </testsuite>
    </testsuite>
  </testsuite>
</testsuites>
